$ Start of Compile
#Tue Mar 19 15:49:44 2013

Synopsys VHDL Compiler, version comp550rcp1, Build 047R, built Apr 29 2011
@N|Running in 64-bit mode
Copyright (C) 1994-2011 Synopsys, Inc. This software the associated documentation are confidential and proprietary to Synopsys, Inc. Your use or disclosure of this software subject to the terms and conditions of a written license agreement between you, or your company, and Synopsys, Inc.

@N: CD720 :"C:\Program Files\Lattice\diamond\1.3\synpbase\lib\vhd\std.vhd":123:18:123:21|Setting time resolution to ns
@N:"C:\PROJ\jAER\trunk\deviceFirmwarePCBLayout\LatticeMachXO\SBret10\sourcecode\USBAER_top_level.vhd":26:7:26:22|Top entity is set to USBAER_top_level.
Process took 0h:00m:01s realtime, 0h:00m:01s cputime
# Tue Mar 19 15:49:45 2013

###########################################################]
$ Start of Compile
#Thu Apr 11 11:17:14 2013

Synopsys VHDL Compiler, version comp550rcp1, Build 047R, built Apr 29 2011
@N|Running in 64-bit mode
Copyright (C) 1994-2011 Synopsys, Inc. This software the associated documentation are confidential and proprietary to Synopsys, Inc. Your use or disclosure of this software subject to the terms and conditions of a written license agreement between you, or your company, and Synopsys, Inc.

@N: CD720 :"C:\Program Files\Lattice\diamond\1.3\synpbase\lib\vhd\std.vhd":123:18:123:21|Setting time resolution to ns
@N:"C:\PROJ\jAER\trunk\deviceFirmwarePCBLayout\LatticeMachXO\SBret10\sourcecode\USBAER_top_level.vhd":26:7:26:22|Top entity is set to USBAER_top_level.
Process took 0h:00m:01s realtime, 0h:00m:01s cputime
# Thu Apr 11 11:17:15 2013

###########################################################]
$ Start of Compile
#Tue May 28 12:03:44 2013

Synopsys VHDL Compiler, version comp550rcp1, Build 047R, built Apr 29 2011
@N|Running in 64-bit mode
Copyright (C) 1994-2011 Synopsys, Inc. This software the associated documentation are confidential and proprietary to Synopsys, Inc. Your use or disclosure of this software subject to the terms and conditions of a written license agreement between you, or your company, and Synopsys, Inc.

@N: CD720 :"C:\Program Files\Lattice\diamond\1.3\synpbase\lib\vhd\std.vhd":123:18:123:21|Setting time resolution to ns
@N:"C:\PROJ\jAER\trunk\deviceFirmwarePCBLayout\LatticeMachXO\SBret10\sourcecode\USBAER_top_level.vhd":26:7:26:22|Top entity is set to USBAER_top_level.
Process took 0h:00m:01s realtime, 0h:00m:01s cputime
# Tue May 28 12:03:45 2013

###########################################################]
$ Start of Compile
#Tue May 28 12:05:22 2013

Synopsys VHDL Compiler, version comp550rcp1, Build 047R, built Apr 29 2011
@N|Running in 64-bit mode
Copyright (C) 1994-2011 Synopsys, Inc. This software the associated documentation are confidential and proprietary to Synopsys, Inc. Your use or disclosure of this software subject to the terms and conditions of a written license agreement between you, or your company, and Synopsys, Inc.

@N: CD720 :"C:\Program Files\Lattice\diamond\1.3\synpbase\lib\vhd\std.vhd":123:18:123:21|Setting time resolution to ns
@N:"C:\PROJ\jAER\trunk\deviceFirmwarePCBLayout\LatticeMachXO\SBret10\sourcecode\USBAER_top_level.vhd":26:7:26:22|Top entity is set to USBAER_top_level.
Process took 0h:00m:01s realtime, 0h:00m:01s cputime
# Tue May 28 12:05:22 2013

###########################################################]
$ Start of Compile
#Tue May 28 12:07:11 2013

Synopsys VHDL Compiler, version comp550rcp1, Build 047R, built Apr 29 2011
@N|Running in 64-bit mode
Copyright (C) 1994-2011 Synopsys, Inc. This software the associated documentation are confidential and proprietary to Synopsys, Inc. Your use or disclosure of this software subject to the terms and conditions of a written license agreement between you, or your company, and Synopsys, Inc.

@N: CD720 :"C:\Program Files\Lattice\diamond\1.3\synpbase\lib\vhd\std.vhd":123:18:123:21|Setting time resolution to ns
@N:"C:\PROJ\jAER\trunk\deviceFirmwarePCBLayout\LatticeMachXO\SBret10\sourcecode\USBAER_top_level.vhd":26:7:26:22|Top entity is set to USBAER_top_level.
Process took 0h:00m:01s realtime, 0h:00m:01s cputime
# Tue May 28 12:07:11 2013

###########################################################]
$ Start of Compile
#Wed May 29 11:32:02 2013

Synopsys VHDL Compiler, version comp550rcp1, Build 047R, built Apr 29 2011
@N|Running in 64-bit mode
Copyright (C) 1994-2011 Synopsys, Inc. This software the associated documentation are confidential and proprietary to Synopsys, Inc. Your use or disclosure of this software subject to the terms and conditions of a written license agreement between you, or your company, and Synopsys, Inc.

@N: CD720 :"C:\Program Files\Lattice\diamond\1.3\synpbase\lib\vhd\std.vhd":123:18:123:21|Setting time resolution to ns
@N:"C:\PROJ\jAER\trunk\deviceFirmwarePCBLayout\LatticeMachXO\SBret10\sourcecode\USBAER_top_level.vhd":26:7:26:22|Top entity is set to USBAER_top_level.
Process took 0h:00m:01s realtime, 0h:00m:01s cputime
# Wed May 29 11:32:02 2013

###########################################################]
