C:\Program Files (x86)\Lattice\diamond\2.1_x64\synpbase\bin64\c_vhdl.exe  -osyn  C:\Users\Minhao\Documents\jaer\deviceFirmwarePCBLayout\LatticeMachXO\SeeBetter30\SeeBetter30\synwork\SeeBetter30_SeeBetter30_hdl_info_gen.srs  -top  USBAER_top_level  -prodtype  synplify_pro  -fixsmult -infer_seqShift -nram -divnmod -encrypt  -pro  -dmgen  C:\Users\Minhao\Documents\jaer\deviceFirmwarePCBLayout\LatticeMachXO\SeeBetter30\SeeBetter30\dm  -lite -ll 2000   -ui -fid2 -ram -sharing on  -autosm -ignore_undefined_lib  -lib work "C:\Program Files (x86)\Lattice\diamond\2.1_x64\cae_library\synthesis\vhdl\machxo.vhd" -lib work C:\Users\Minhao\Documents\jaer\deviceFirmwarePCBLayout\LatticeMachXO\SeeBetter30\sourcecode\wordRegister.vhd -lib work C:\Users\Minhao\Documents\jaer\deviceFirmwarePCBLayout\LatticeMachXO\SeeBetter30\sourcecode\AERfifo.vhd -lib work C:\Users\Minhao\Documents\jaer\deviceFirmwarePCBLayout\LatticeMachXO\SeeBetter30\sourcecode\clockgen.vhd -lib work C:\Users\Minhao\Documents\jaer\deviceFirmwarePCBLayout\LatticeMachXO\SeeBetter30\sourcecode\earlyPaketTimer.vhd -lib work C:\Users\Minhao\Documents\jaer\deviceFirmwarePCBLayout\LatticeMachXO\SeeBetter30\sourcecode\EventBeforeOverflow.vhd -lib work C:\Users\Minhao\Documents\jaer\deviceFirmwarePCBLayout\LatticeMachXO\SeeBetter30\sourcecode\eventCounter.vhd -lib work C:\Users\Minhao\Documents\jaer\deviceFirmwarePCBLayout\LatticeMachXO\SeeBetter30\sourcecode\fifoStatemachine.vhd -lib work C:\Users\Minhao\Documents\jaer\deviceFirmwarePCBLayout\LatticeMachXO\SeeBetter30\sourcecode\monitorStateMachine.vhd -lib work C:\Users\Minhao\Documents\jaer\deviceFirmwarePCBLayout\LatticeMachXO\SeeBetter30\sourcecode\synchronizerStateMachine.vhd -lib work C:\Users\Minhao\Documents\jaer\deviceFirmwarePCBLayout\LatticeMachXO\SeeBetter30\sourcecode\timestampCounter.vhd -lib work C:\Users\Minhao\Documents\jaer\deviceFirmwarePCBLayout\LatticeMachXO\SeeBetter30\sourcecode\USBAER_top_level.vhd -lib work C:\Users\Minhao\Documents\jaer\deviceFirmwarePCBLayout\LatticeMachXO\SeeBetter30\sourcecode\ADCvalueReady.vhd -lib work C:\Users\Minhao\Documents\jaer\deviceFirmwarePCBLayout\LatticeMachXO\SeeBetter30\sourcecode\ADCStateMachine.vhd -lib work C:\Users\Minhao\Documents\jaer\deviceFirmwarePCBLayout\LatticeMachXO\SeeBetter30\sourcecode\cDVSResetStateMachine.vhd -lib work C:\Users\Minhao\Documents\jaer\deviceFirmwarePCBLayout\LatticeMachXO\SeeBetter30\sourcecode\shiftRegister.vhd -lib work C:\Users\Minhao\Documents\jaer\deviceFirmwarePCBLayout\LatticeMachXO\SeeBetter30\ADCStateMachine_tb.vhd -lib work C:\Users\Minhao\Documents\jaer\deviceFirmwarePCBLayout\LatticeMachXO\SeeBetter30\sourcecode\ADCStateMachineAB.vhd -lib work C:\Users\Minhao\Documents\jaer\deviceFirmwarePCBLayout\LatticeMachXO\SeeBetter30\sourcecode\ADCStateMachineABC.vhd -loga  C:\Users\Minhao\Documents\jaer\deviceFirmwarePCBLayout\LatticeMachXO\SeeBetter30\SeeBetter30\SeeBetter30_SeeBetter30.srf  -fileorder  C:\Users\Minhao\Documents\jaer\deviceFirmwarePCBLayout\LatticeMachXO\SeeBetter30\SeeBetter30\syntmp\hdlorder.tcl 
rc:0 success:1
C:\Users\Minhao\Documents\jaer\deviceFirmwarePCBLayout\LatticeMachXO\SeeBetter30\SeeBetter30\synwork\SeeBetter30_SeeBetter30_hdl_info_gen.srs|o|0|0
"C:\Program|i|0|0
Files|i|0|0
(x86)\Lattice\diamond\2.1_x64\cae_library\synthesis\vhdl\machxo.vhd"|i|0|0
C:\Users\Minhao\Documents\jaer\deviceFirmwarePCBLayout\LatticeMachXO\SeeBetter30\sourcecode\wordRegister.vhd|i|1361787789|2008
C:\Users\Minhao\Documents\jaer\deviceFirmwarePCBLayout\LatticeMachXO\SeeBetter30\sourcecode\AERfifo.vhd|i|1361787789|11059
C:\Users\Minhao\Documents\jaer\deviceFirmwarePCBLayout\LatticeMachXO\SeeBetter30\sourcecode\clockgen.vhd|i|1361787789|4055
C:\Users\Minhao\Documents\jaer\deviceFirmwarePCBLayout\LatticeMachXO\SeeBetter30\sourcecode\earlyPaketTimer.vhd|i|1361787789|2050
C:\Users\Minhao\Documents\jaer\deviceFirmwarePCBLayout\LatticeMachXO\SeeBetter30\sourcecode\EventBeforeOverflow.vhd|i|1361787789|2315
C:\Users\Minhao\Documents\jaer\deviceFirmwarePCBLayout\LatticeMachXO\SeeBetter30\sourcecode\eventCounter.vhd|i|1361787789|2228
C:\Users\Minhao\Documents\jaer\deviceFirmwarePCBLayout\LatticeMachXO\SeeBetter30\sourcecode\fifoStatemachine.vhd|i|1361787789|4568
C:\Users\Minhao\Documents\jaer\deviceFirmwarePCBLayout\LatticeMachXO\SeeBetter30\sourcecode\monitorStateMachine.vhd|i|1361787789|9450
C:\Users\Minhao\Documents\jaer\deviceFirmwarePCBLayout\LatticeMachXO\SeeBetter30\sourcecode\synchronizerStateMachine.vhd|i|1361787789|7609
C:\Users\Minhao\Documents\jaer\deviceFirmwarePCBLayout\LatticeMachXO\SeeBetter30\sourcecode\timestampCounter.vhd|i|1361787789|2383
C:\Users\Minhao\Documents\jaer\deviceFirmwarePCBLayout\LatticeMachXO\SeeBetter30\sourcecode\USBAER_top_level.vhd|i|1361787789|23307
C:\Users\Minhao\Documents\jaer\deviceFirmwarePCBLayout\LatticeMachXO\SeeBetter30\sourcecode\ADCvalueReady.vhd|i|1361787789|2602
C:\Users\Minhao\Documents\jaer\deviceFirmwarePCBLayout\LatticeMachXO\SeeBetter30\sourcecode\ADCStateMachine.vhd|i|1361787789|15084
C:\Users\Minhao\Documents\jaer\deviceFirmwarePCBLayout\LatticeMachXO\SeeBetter30\sourcecode\cDVSResetStateMachine.vhd|i|1361787789|3520
C:\Users\Minhao\Documents\jaer\deviceFirmwarePCBLayout\LatticeMachXO\SeeBetter30\sourcecode\shiftRegister.vhd|i|1361787789|2000
C:\Users\Minhao\Documents\jaer\deviceFirmwarePCBLayout\LatticeMachXO\SeeBetter30\ADCStateMachine_tb.vhd|i|1361799410|5927
C:\Users\Minhao\Documents\jaer\deviceFirmwarePCBLayout\LatticeMachXO\SeeBetter30\sourcecode\ADCStateMachineAB.vhd|i|1361787789|16611
C:\Users\Minhao\Documents\jaer\deviceFirmwarePCBLayout\LatticeMachXO\SeeBetter30\sourcecode\ADCStateMachineABC.vhd|i|1361787789|17502
C:\Users\Minhao\Documents\jaer\deviceFirmwarePCBLayout\LatticeMachXO\SeeBetter30\SeeBetter30\SeeBetter30_SeeBetter30.srf|o|1361801754|1064
C:\Program Files (x86)\Lattice\diamond\2.1_x64\synpbase\bin64\c_vhdl.exe|i|1352712272|5352960
C:\Program Files (x86)\Lattice\diamond\2.1_x64\synpbase\bin\c_vhdl.exe|i|1352712266|1896960
