C:\lscc\diamond\3.2_x64\synpbase\bin64\c_vhdl.exe  -osyn  "E:\JAER_SVN\devices\logic\LatticeECP3\SeeBetterLogic\FX3_OMC - 4x4 cells x 5\SeeBetterLogic_FX3\synwork\SeeBetterLogic_FX3_SeeBetterLogic_FX3_comp.srs"  -top  TopLevel  -prodtype  synplify_pro  -dspmac -fixsmult -infer_seqShift -nram -divnmod -encrypt  -pro  -dmgen  "E:\JAER_SVN\devices\logic\LatticeECP3\SeeBetterLogic\FX3_OMC - 4x4 cells x 5\SeeBetterLogic_FX3\dm"  -lite   -ui -fid2 -ram -sharing on  -ll 2000 -autosm -vhdl2008  -ignore_undefined_lib  -lib work C:\lscc\diamond\3.2_x64\cae_library\synthesis\vhdl\ecp3.vhd -lib work C:\lscc\diamond\3.2_x64\cae_library\synthesis\vhdl\pmi_def.vhd -lib work "E:\JAER_SVN\devices\logic\LatticeECP3\SeeBetterLogic\FX3_OMC - 4x4 cells x 5\..\common-source\ext\FIFORecords.vhd" -lib work "E:\JAER_SVN\devices\logic\LatticeECP3\SeeBetterLogic\FX3_OMC - 4x4 cells x 5\..\common-source\support\DFFSynchronizer.vhd" -lib work "E:\JAER_SVN\devices\logic\LatticeECP3\SeeBetterLogic\FX3_OMC - 4x4 cells x 5\..\common-source\support\ResetSynchronizer.vhd" -lib work "E:\JAER_SVN\devices\logic\LatticeECP3\SeeBetterLogic\FX3_OMC - 4x4 cells x 5\..\common-source\support\SimpleRegister.vhd" -lib work "E:\JAER_SVN\devices\logic\LatticeECP3\SeeBetterLogic\FX3_OMC - 4x4 cells x 5\..\common-source\support\BufferClear.vhd" -lib work "E:\JAER_SVN\devices\logic\LatticeECP3\SeeBetterLogic\FX3_OMC - 4x4 cells x 5\..\common-source\support\ContinuousCounter.vhd" -lib work "E:\JAER_SVN\devices\logic\LatticeECP3\SeeBetterLogic\FX3_OMC - 4x4 cells x 5\..\common-source\support\ShiftRegisterModes.vhd" -lib work "E:\JAER_SVN\devices\logic\LatticeECP3\SeeBetterLogic\FX3_OMC - 4x4 cells x 5\..\common-source\support\EdgeDetector.vhd" -lib work "E:\JAER_SVN\devices\logic\LatticeECP3\SeeBetterLogic\FX3_OMC - 4x4 cells x 5\..\common-source\support\PulseGenerator.vhd" -lib work "E:\JAER_SVN\devices\logic\LatticeECP3\SeeBetterLogic\FX3_OMC - 4x4 cells x 5\..\common-source\support\PulseDetector.vhd" -lib work "E:\JAER_SVN\devices\logic\LatticeECP3\SeeBetterLogic\FX3_OMC - 4x4 cells x 5\private-source\Settings.vhd" -lib work "E:\JAER_SVN\devices\logic\LatticeECP3\SeeBetterLogic\FX3_OMC - 4x4 cells x 5\..\common-source\MultiplexerConfigRecords.vhd" -lib work "E:\JAER_SVN\devices\logic\LatticeECP3\SeeBetterLogic\FX3_OMC - 4x4 cells x 5\..\common-source\DVSAERConfigRecords.vhd" -lib work "E:\JAER_SVN\devices\logic\LatticeECP3\SeeBetterLogic\FX3_OMC - 4x4 cells x 5\..\common-source\IMUConfigRecords.vhd" -lib work "E:\JAER_SVN\devices\logic\LatticeECP3\SeeBetterLogic\FX3_OMC - 4x4 cells x 5\..\common-source\EventCodes.vhd" -lib work "E:\JAER_SVN\devices\logic\LatticeECP3\SeeBetterLogic\FX3_OMC - 4x4 cells x 5\..\common-source\ExtTriggerConfigRecords.vhd" -lib work "E:\JAER_SVN\devices\logic\LatticeECP3\SeeBetterLogic\FX3_OMC - 4x4 cells x 5\..\common-source\ChipBiasConfigRecords.vhd" -lib work "E:\JAER_SVN\devices\logic\LatticeECP3\SeeBetterLogic\FX3_OMC - 4x4 cells x 5\private-source\WSAER2CAVIAR2.vhd" -lib work "E:\JAER_SVN\devices\logic\LatticeECP3\SeeBetterLogic\FX3_OMC - 4x4 cells x 5\private-source\CAVIAR2WSAER.vhd" -lib work "E:\JAER_SVN\devices\logic\LatticeECP3\SeeBetterLogic\FX3_OMC - 4x4 cells x 5\private-source\latch3.vhd" -lib work "E:\JAER_SVN\devices\logic\LatticeECP3\SeeBetterLogic\FX3_OMC - 4x4 cells x 5\MullerCelement.vhd" -lib work "E:\JAER_SVN\devices\logic\LatticeECP3\SeeBetterLogic\FX3_OMC - 4x4 cells x 5\ObjectMotionCellConfigRecords.vhd" -lib work "E:\JAER_SVN\devices\logic\LatticeECP3\SeeBetterLogic\FX3_OMC - 4x4 cells x 5\..\common-source\fx3\FX3ConfigRecords.vhd" -lib work "E:\JAER_SVN\devices\logic\LatticeECP3\SeeBetterLogic\FX3_OMC - 4x4 cells x 5\..\common-source\ext\FIFODualClock.vhd" -lib work "E:\JAER_SVN\devices\logic\LatticeECP3\SeeBetterLogic\FX3_OMC - 4x4 cells x 5\..\common-source\ext\FIFO.vhd" -lib work "E:\JAER_SVN\devices\logic\LatticeECP3\SeeBetterLogic\FX3_OMC - 4x4 cells x 5\..\common-source\ext\PLL.vhd" -lib work "E:\JAER_SVN\devices\logic\LatticeECP3\SeeBetterLogic\FX3_OMC - 4x4 cells x 5\..\common-source\support\ChangeDetector.vhd" -lib work "E:\JAER_SVN\devices\logic\LatticeECP3\SeeBetterLogic\FX3_OMC - 4x4 cells x 5\..\common-source\support\ShiftRegister.vhd" -lib work "E:\JAER_SVN\devices\logic\LatticeECP3\SeeBetterLogic\FX3_OMC - 4x4 cells x 5\private-source\LogicClockSynchronizer.vhd" -lib work "E:\JAER_SVN\devices\logic\LatticeECP3\SeeBetterLogic\FX3_OMC - 4x4 cells x 5\..\common-source\fx3\FX3USBClockSynchronizer.vhd" -lib work "E:\JAER_SVN\devices\logic\LatticeECP3\SeeBetterLogic\FX3_OMC - 4x4 cells x 5\..\common-source\fx3\FX3StateMachine.vhd" -lib work "E:\JAER_SVN\devices\logic\LatticeECP3\SeeBetterLogic\FX3_OMC - 4x4 cells x 5\..\common-source\TimestampGenerator.vhd" -lib work "E:\JAER_SVN\devices\logic\LatticeECP3\SeeBetterLogic\FX3_OMC - 4x4 cells x 5\..\common-source\MultiplexerStateMachine.vhd" -lib work "E:\JAER_SVN\devices\logic\LatticeECP3\SeeBetterLogic\FX3_OMC - 4x4 cells x 5\..\common-source\MultiplexerSPIConfig.vhd" -lib work "E:\JAER_SVN\devices\logic\LatticeECP3\SeeBetterLogic\FX3_OMC - 4x4 cells x 5\..\common-source\DVSAERStateMachine.vhd" -lib work "E:\JAER_SVN\devices\logic\LatticeECP3\SeeBetterLogic\FX3_OMC - 4x4 cells x 5\..\common-source\DVSAERSPIConfig.vhd" -lib work "E:\JAER_SVN\devices\logic\LatticeECP3\SeeBetterLogic\FX3_OMC - 4x4 cells x 5\..\common-source\APSADCConfigRecords.vhd" -lib work "E:\JAER_SVN\devices\logic\LatticeECP3\SeeBetterLogic\FX3_OMC - 4x4 cells x 5\..\common-source\APSADCStateMachine.vhd" -lib work "E:\JAER_SVN\devices\logic\LatticeECP3\SeeBetterLogic\FX3_OMC - 4x4 cells x 5\..\common-source\APSADCSPIConfig.vhd" -lib work "E:\JAER_SVN\devices\logic\LatticeECP3\SeeBetterLogic\FX3_OMC - 4x4 cells x 5\..\common-source\IMUStateMachine.vhd" -lib work "E:\JAER_SVN\devices\logic\LatticeECP3\SeeBetterLogic\FX3_OMC - 4x4 cells x 5\..\common-source\IMUSPIConfig.vhd" -lib work "E:\JAER_SVN\devices\logic\LatticeECP3\SeeBetterLogic\FX3_OMC - 4x4 cells x 5\..\common-source\ExtTriggerSPIConfig.vhd" -lib work "E:\JAER_SVN\devices\logic\LatticeECP3\SeeBetterLogic\FX3_OMC - 4x4 cells x 5\..\common-source\ExtTriggerStateMachine.vhd" -lib work "E:\JAER_SVN\devices\logic\LatticeECP3\SeeBetterLogic\FX3_OMC - 4x4 cells x 5\..\common-source\SPIConfig.vhd" -lib work "E:\JAER_SVN\devices\logic\LatticeECP3\SeeBetterLogic\FX3_OMC - 4x4 cells x 5\..\common-source\support\FifoMerger.vhd" -lib work "E:\JAER_SVN\devices\logic\LatticeECP3\SeeBetterLogic\FX3_OMC - 4x4 cells x 5\ObjectMotionCell.vhd" -lib work "E:\JAER_SVN\devices\logic\LatticeECP3\SeeBetterLogic\FX3_OMC - 4x4 cells x 5\ObjectMotionCellSPIConfig.vhd" -lib work "E:\JAER_SVN\devices\logic\LatticeECP3\SeeBetterLogic\FX3_OMC - 4x4 cells x 5\..\common-source\fx3\FX3SPIConfig.vhd" -lib work "E:\JAER_SVN\devices\logic\LatticeECP3\SeeBetterLogic\FX3_OMC - 4x4 cells x 5\private-source\MISCAERStateMachine.vhd" -lib work "E:\JAER_SVN\devices\logic\LatticeECP3\SeeBetterLogic\FX3_OMC - 4x4 cells x 5\ObjectMotionMotherCell.vhd" -lib work "E:\JAER_SVN\devices\logic\LatticeECP3\SeeBetterLogic\FX3_OMC - 4x4 cells x 5\private-source\TopLevel.vhd" -lib work "E:\JAER_SVN\devices\logic\LatticeECP3\SeeBetterLogic\FX3_OMC - 4x4 cells x 5\..\common-source\ChipBiasStateMachine.vhd" -lib work "E:\JAER_SVN\devices\logic\LatticeECP3\SeeBetterLogic\FX3_OMC - 4x4 cells x 5\..\common-source\ChipBiasSPIConfig.vhd" -lib work "E:\JAER_SVN\devices\logic\LatticeECP3\SeeBetterLogic\FX3_OMC - 4x4 cells x 5\ObjectMotionMotherCell_tb.vhd" -loga  "E:\JAER_SVN\devices\logic\LatticeECP3\SeeBetterLogic\FX3_OMC - 4x4 cells x 5\SeeBetterLogic_FX3\SeeBetterLogic_FX3_SeeBetterLogic_FX3.srr" 
rc:0 success:1
E:\JAER_SVN\devices\logic\LatticeECP3\SeeBetterLogic\FX3_OMC - 4x4 cells x 5\SeeBetterLogic_FX3\synwork\SeeBetterLogic_FX3_SeeBetterLogic_FX3_comp.srs|o|1415375033|203811
C:\lscc\diamond\3.2_x64\cae_library\synthesis\vhdl\ecp3.vhd|i|1376989326|196741
C:\lscc\diamond\3.2_x64\cae_library\synthesis\vhdl\pmi_def.vhd|i|1400332216|47432
"E:\JAER_SVN\devices\logic\LatticeECP3\SeeBetterLogic\FX3_OMC|i|0|0
-|i|0|0
4x4|i|0|0
cells|i|0|0
x|i|0|0
5\..\common-source\ext\FIFORecords.vhd"|i|0|0
"E:\JAER_SVN\devices\logic\LatticeECP3\SeeBetterLogic\FX3_OMC|i|0|0
-|i|0|0
4x4|i|0|0
cells|i|0|0
x|i|0|0
5\..\common-source\support\DFFSynchronizer.vhd"|i|0|0
"E:\JAER_SVN\devices\logic\LatticeECP3\SeeBetterLogic\FX3_OMC|i|0|0
-|i|0|0
4x4|i|0|0
cells|i|0|0
x|i|0|0
5\..\common-source\support\ResetSynchronizer.vhd"|i|0|0
"E:\JAER_SVN\devices\logic\LatticeECP3\SeeBetterLogic\FX3_OMC|i|0|0
-|i|0|0
4x4|i|0|0
cells|i|0|0
x|i|0|0
5\..\common-source\support\SimpleRegister.vhd"|i|0|0
"E:\JAER_SVN\devices\logic\LatticeECP3\SeeBetterLogic\FX3_OMC|i|0|0
-|i|0|0
4x4|i|0|0
cells|i|0|0
x|i|0|0
5\..\common-source\support\BufferClear.vhd"|i|0|0
"E:\JAER_SVN\devices\logic\LatticeECP3\SeeBetterLogic\FX3_OMC|i|0|0
-|i|0|0
4x4|i|0|0
cells|i|0|0
x|i|0|0
5\..\common-source\support\ContinuousCounter.vhd"|i|0|0
"E:\JAER_SVN\devices\logic\LatticeECP3\SeeBetterLogic\FX3_OMC|i|0|0
-|i|0|0
4x4|i|0|0
cells|i|0|0
x|i|0|0
5\..\common-source\support\ShiftRegisterModes.vhd"|i|0|0
"E:\JAER_SVN\devices\logic\LatticeECP3\SeeBetterLogic\FX3_OMC|i|0|0
-|i|0|0
4x4|i|0|0
cells|i|0|0
x|i|0|0
5\..\common-source\support\EdgeDetector.vhd"|i|0|0
"E:\JAER_SVN\devices\logic\LatticeECP3\SeeBetterLogic\FX3_OMC|i|0|0
-|i|0|0
4x4|i|0|0
cells|i|0|0
x|i|0|0
5\..\common-source\support\PulseGenerator.vhd"|i|0|0
"E:\JAER_SVN\devices\logic\LatticeECP3\SeeBetterLogic\FX3_OMC|i|0|0
-|i|0|0
4x4|i|0|0
cells|i|0|0
x|i|0|0
5\..\common-source\support\PulseDetector.vhd"|i|0|0
"E:\JAER_SVN\devices\logic\LatticeECP3\SeeBetterLogic\FX3_OMC|i|0|0
-|i|0|0
4x4|i|0|0
cells|i|0|0
x|i|0|0
5\private-source\Settings.vhd"|i|0|0
"E:\JAER_SVN\devices\logic\LatticeECP3\SeeBetterLogic\FX3_OMC|i|0|0
-|i|0|0
4x4|i|0|0
cells|i|0|0
x|i|0|0
5\..\common-source\MultiplexerConfigRecords.vhd"|i|0|0
"E:\JAER_SVN\devices\logic\LatticeECP3\SeeBetterLogic\FX3_OMC|i|0|0
-|i|0|0
4x4|i|0|0
cells|i|0|0
x|i|0|0
5\..\common-source\DVSAERConfigRecords.vhd"|i|0|0
"E:\JAER_SVN\devices\logic\LatticeECP3\SeeBetterLogic\FX3_OMC|i|0|0
-|i|0|0
4x4|i|0|0
cells|i|0|0
x|i|0|0
5\..\common-source\IMUConfigRecords.vhd"|i|0|0
"E:\JAER_SVN\devices\logic\LatticeECP3\SeeBetterLogic\FX3_OMC|i|0|0
-|i|0|0
4x4|i|0|0
cells|i|0|0
x|i|0|0
5\..\common-source\EventCodes.vhd"|i|0|0
"E:\JAER_SVN\devices\logic\LatticeECP3\SeeBetterLogic\FX3_OMC|i|0|0
-|i|0|0
4x4|i|0|0
cells|i|0|0
x|i|0|0
5\..\common-source\ExtTriggerConfigRecords.vhd"|i|0|0
"E:\JAER_SVN\devices\logic\LatticeECP3\SeeBetterLogic\FX3_OMC|i|0|0
-|i|0|0
4x4|i|0|0
cells|i|0|0
x|i|0|0
5\..\common-source\ChipBiasConfigRecords.vhd"|i|0|0
"E:\JAER_SVN\devices\logic\LatticeECP3\SeeBetterLogic\FX3_OMC|i|0|0
-|i|0|0
4x4|i|0|0
cells|i|0|0
x|i|0|0
5\private-source\WSAER2CAVIAR2.vhd"|i|0|0
"E:\JAER_SVN\devices\logic\LatticeECP3\SeeBetterLogic\FX3_OMC|i|0|0
-|i|0|0
4x4|i|0|0
cells|i|0|0
x|i|0|0
5\private-source\CAVIAR2WSAER.vhd"|i|0|0
"E:\JAER_SVN\devices\logic\LatticeECP3\SeeBetterLogic\FX3_OMC|i|0|0
-|i|0|0
4x4|i|0|0
cells|i|0|0
x|i|0|0
5\private-source\latch3.vhd"|i|0|0
"E:\JAER_SVN\devices\logic\LatticeECP3\SeeBetterLogic\FX3_OMC|i|0|0
-|i|0|0
4x4|i|0|0
cells|i|0|0
x|i|0|0
5\MullerCelement.vhd"|i|0|0
"E:\JAER_SVN\devices\logic\LatticeECP3\SeeBetterLogic\FX3_OMC|i|0|0
-|i|0|0
4x4|i|0|0
cells|i|0|0
x|i|0|0
5\ObjectMotionCellConfigRecords.vhd"|i|0|0
"E:\JAER_SVN\devices\logic\LatticeECP3\SeeBetterLogic\FX3_OMC|i|0|0
-|i|0|0
4x4|i|0|0
cells|i|0|0
x|i|0|0
5\..\common-source\fx3\FX3ConfigRecords.vhd"|i|0|0
"E:\JAER_SVN\devices\logic\LatticeECP3\SeeBetterLogic\FX3_OMC|i|0|0
-|i|0|0
4x4|i|0|0
cells|i|0|0
x|i|0|0
5\..\common-source\ext\FIFODualClock.vhd"|i|0|0
"E:\JAER_SVN\devices\logic\LatticeECP3\SeeBetterLogic\FX3_OMC|i|0|0
-|i|0|0
4x4|i|0|0
cells|i|0|0
x|i|0|0
5\..\common-source\ext\FIFO.vhd"|i|0|0
"E:\JAER_SVN\devices\logic\LatticeECP3\SeeBetterLogic\FX3_OMC|i|0|0
-|i|0|0
4x4|i|0|0
cells|i|0|0
x|i|0|0
5\..\common-source\ext\PLL.vhd"|i|0|0
"E:\JAER_SVN\devices\logic\LatticeECP3\SeeBetterLogic\FX3_OMC|i|0|0
-|i|0|0
4x4|i|0|0
cells|i|0|0
x|i|0|0
5\..\common-source\support\ChangeDetector.vhd"|i|0|0
"E:\JAER_SVN\devices\logic\LatticeECP3\SeeBetterLogic\FX3_OMC|i|0|0
-|i|0|0
4x4|i|0|0
cells|i|0|0
x|i|0|0
5\..\common-source\support\ShiftRegister.vhd"|i|0|0
"E:\JAER_SVN\devices\logic\LatticeECP3\SeeBetterLogic\FX3_OMC|i|0|0
-|i|0|0
4x4|i|0|0
cells|i|0|0
x|i|0|0
5\private-source\LogicClockSynchronizer.vhd"|i|0|0
"E:\JAER_SVN\devices\logic\LatticeECP3\SeeBetterLogic\FX3_OMC|i|0|0
-|i|0|0
4x4|i|0|0
cells|i|0|0
x|i|0|0
5\..\common-source\fx3\FX3USBClockSynchronizer.vhd"|i|0|0
"E:\JAER_SVN\devices\logic\LatticeECP3\SeeBetterLogic\FX3_OMC|i|0|0
-|i|0|0
4x4|i|0|0
cells|i|0|0
x|i|0|0
5\..\common-source\fx3\FX3StateMachine.vhd"|i|0|0
"E:\JAER_SVN\devices\logic\LatticeECP3\SeeBetterLogic\FX3_OMC|i|0|0
-|i|0|0
4x4|i|0|0
cells|i|0|0
x|i|0|0
5\..\common-source\TimestampGenerator.vhd"|i|0|0
"E:\JAER_SVN\devices\logic\LatticeECP3\SeeBetterLogic\FX3_OMC|i|0|0
-|i|0|0
4x4|i|0|0
cells|i|0|0
x|i|0|0
5\..\common-source\MultiplexerStateMachine.vhd"|i|0|0
"E:\JAER_SVN\devices\logic\LatticeECP3\SeeBetterLogic\FX3_OMC|i|0|0
-|i|0|0
4x4|i|0|0
cells|i|0|0
x|i|0|0
5\..\common-source\MultiplexerSPIConfig.vhd"|i|0|0
"E:\JAER_SVN\devices\logic\LatticeECP3\SeeBetterLogic\FX3_OMC|i|0|0
-|i|0|0
4x4|i|0|0
cells|i|0|0
x|i|0|0
5\..\common-source\DVSAERStateMachine.vhd"|i|0|0
"E:\JAER_SVN\devices\logic\LatticeECP3\SeeBetterLogic\FX3_OMC|i|0|0
-|i|0|0
4x4|i|0|0
cells|i|0|0
x|i|0|0
5\..\common-source\DVSAERSPIConfig.vhd"|i|0|0
"E:\JAER_SVN\devices\logic\LatticeECP3\SeeBetterLogic\FX3_OMC|i|0|0
-|i|0|0
4x4|i|0|0
cells|i|0|0
x|i|0|0
5\..\common-source\APSADCConfigRecords.vhd"|i|0|0
"E:\JAER_SVN\devices\logic\LatticeECP3\SeeBetterLogic\FX3_OMC|i|0|0
-|i|0|0
4x4|i|0|0
cells|i|0|0
x|i|0|0
5\..\common-source\APSADCStateMachine.vhd"|i|0|0
"E:\JAER_SVN\devices\logic\LatticeECP3\SeeBetterLogic\FX3_OMC|i|0|0
-|i|0|0
4x4|i|0|0
cells|i|0|0
x|i|0|0
5\..\common-source\APSADCSPIConfig.vhd"|i|0|0
"E:\JAER_SVN\devices\logic\LatticeECP3\SeeBetterLogic\FX3_OMC|i|0|0
-|i|0|0
4x4|i|0|0
cells|i|0|0
x|i|0|0
5\..\common-source\IMUStateMachine.vhd"|i|0|0
"E:\JAER_SVN\devices\logic\LatticeECP3\SeeBetterLogic\FX3_OMC|i|0|0
-|i|0|0
4x4|i|0|0
cells|i|0|0
x|i|0|0
5\..\common-source\IMUSPIConfig.vhd"|i|0|0
"E:\JAER_SVN\devices\logic\LatticeECP3\SeeBetterLogic\FX3_OMC|i|0|0
-|i|0|0
4x4|i|0|0
cells|i|0|0
x|i|0|0
5\..\common-source\ExtTriggerSPIConfig.vhd"|i|0|0
"E:\JAER_SVN\devices\logic\LatticeECP3\SeeBetterLogic\FX3_OMC|i|0|0
-|i|0|0
4x4|i|0|0
cells|i|0|0
x|i|0|0
5\..\common-source\ExtTriggerStateMachine.vhd"|i|0|0
"E:\JAER_SVN\devices\logic\LatticeECP3\SeeBetterLogic\FX3_OMC|i|0|0
-|i|0|0
4x4|i|0|0
cells|i|0|0
x|i|0|0
5\..\common-source\SPIConfig.vhd"|i|0|0
"E:\JAER_SVN\devices\logic\LatticeECP3\SeeBetterLogic\FX3_OMC|i|0|0
-|i|0|0
4x4|i|0|0
cells|i|0|0
x|i|0|0
5\..\common-source\support\FifoMerger.vhd"|i|0|0
"E:\JAER_SVN\devices\logic\LatticeECP3\SeeBetterLogic\FX3_OMC|i|0|0
-|i|0|0
4x4|i|0|0
cells|i|0|0
x|i|0|0
5\ObjectMotionCell.vhd"|i|0|0
"E:\JAER_SVN\devices\logic\LatticeECP3\SeeBetterLogic\FX3_OMC|i|0|0
-|i|0|0
4x4|i|0|0
cells|i|0|0
x|i|0|0
5\ObjectMotionCellSPIConfig.vhd"|i|0|0
"E:\JAER_SVN\devices\logic\LatticeECP3\SeeBetterLogic\FX3_OMC|i|0|0
-|i|0|0
4x4|i|0|0
cells|i|0|0
x|i|0|0
5\..\common-source\fx3\FX3SPIConfig.vhd"|i|0|0
"E:\JAER_SVN\devices\logic\LatticeECP3\SeeBetterLogic\FX3_OMC|i|0|0
-|i|0|0
4x4|i|0|0
cells|i|0|0
x|i|0|0
5\private-source\MISCAERStateMachine.vhd"|i|0|0
"E:\JAER_SVN\devices\logic\LatticeECP3\SeeBetterLogic\FX3_OMC|i|0|0
-|i|0|0
4x4|i|0|0
cells|i|0|0
x|i|0|0
5\ObjectMotionMotherCell.vhd"|i|0|0
"E:\JAER_SVN\devices\logic\LatticeECP3\SeeBetterLogic\FX3_OMC|i|0|0
-|i|0|0
4x4|i|0|0
cells|i|0|0
x|i|0|0
5\private-source\TopLevel.vhd"|i|0|0
"E:\JAER_SVN\devices\logic\LatticeECP3\SeeBetterLogic\FX3_OMC|i|0|0
-|i|0|0
4x4|i|0|0
cells|i|0|0
x|i|0|0
5\..\common-source\ChipBiasStateMachine.vhd"|i|0|0
"E:\JAER_SVN\devices\logic\LatticeECP3\SeeBetterLogic\FX3_OMC|i|0|0
-|i|0|0
4x4|i|0|0
cells|i|0|0
x|i|0|0
5\..\common-source\ChipBiasSPIConfig.vhd"|i|0|0
"E:\JAER_SVN\devices\logic\LatticeECP3\SeeBetterLogic\FX3_OMC|i|0|0
-|i|0|0
4x4|i|0|0
cells|i|0|0
x|i|0|0
5\ObjectMotionMotherCell_tb.vhd"|i|0|0
E:\JAER_SVN\devices\logic\LatticeECP3\SeeBetterLogic\FX3_OMC - 4x4 cells x 5\SeeBetterLogic_FX3\SeeBetterLogic_FX3_SeeBetterLogic_FX3.srr|o|1415375033|91913
C:\lscc\diamond\3.2_x64\synpbase\bin64\c_vhdl.exe|i|1397595746|5463552
C:\lscc\diamond\3.2_x64\synpbase\bin\c_vhdl.exe|i|1397595544|1982464
