Resource Usage Report
Part: lcmxo2280c-3

Register bits: 602 of 2280 (26%)
Latch bits:      36
PIC Latch:       0
I/O cells:       94

Details:
BB:             2
CCU2:           199
FD1P3BX:        3
FD1P3DX:        262
FD1S1A:         5
FD1S1AY:        13
FD1S1B:         3
FD1S1D:         15
FD1S3AX:        4
FD1S3BX:        10
FD1S3DX:        323
GSR:            1
IB:             35
INV:            12
OB:             42
OBZ:            15
ORCALUT4:       599
PFUMX:          4
PUR:            1
VHI:            25
VLO:            21
