Active-HDL 9.3.2744.4995  2014-09-09 17:17:26

Elaboration top modules:
Architecture                  Testbench(ApproachCell_tb)


-------------------------------------------------------------------------------------------------
Entity          | Architecture | Library | Info | Compiler Version         | Compilation Options
-------------------------------------------------------------------------------------------------
ApproachCell_tb | Testbench    | work    |      | 9.3.2744.4995  (Windows) | -O3
ApproachCell    | behavioral   | work    |      | 9.3.2744.4995  (Windows) | -O3
-------------------------------------------------------------------------------------------------

-------------------------------------------------------------------------------------------------
VHDL Package                   | Library | Info | Compiler Version         | Compilation Options
-------------------------------------------------------------------------------------------------
standard                       | std     |      |                          | 
TEXTIO                         | std     |      | 9.3.2744.4995  (Windows) |  -2008
std_logic_1164                 | ieee    |      | 9.3.2744.4995  (Windows) |  -2008
NUMERIC_STD                    | ieee    |      | 9.3.2744.4995  (Windows) |  -2008
-------------------------------------------------------------------------------------------------

-------------------------------------------------------------------------------------------------
Library                        | Comment
-------------------------------------------------------------------------------------------------
ieee                           | Standard IEEE packages library
std                            | Standard VHDL library
work                           | None
-------------------------------------------------------------------------------------------------
