iMPACT Version: 
iMPACT log file Started on Mon Feb 25 16:33:42 2008

// *** BATCH CMD : setMode -bs
// *** BATCH CMD : setMode -bs
GUI --- Auto connect to cable...
// *** BATCH CMD : setCable -port auto
AutoDetecting cable. Please wait.
PROGRESS_START - Starting Operation.
Connecting to cable (Parallel Port - LPT1).
Checking cable driver.
 Driver windrvr6.sys version = 8.1.1.0. WinDriver v8.11 Jungo (c) 1997 - 2006 Build Date: Oct 16 2006 X86 32bit SYS12:35:07, version = 811.
Cable connection failed.
Connecting to cable (Parallel Port - LPT2).
Checking cable driver.
 Driver windrvr6.sys version = 8.1.1.0. WinDriver v8.11 Jungo (c) 1997 - 2006 Build Date: Oct 16 2006 X86 32bit SYS12:35:07, version = 811.
Cable connection failed.
Connecting to cable (Parallel Port - LPT3).
Checking cable driver.
 Driver windrvr6.sys version = 8.1.1.0. WinDriver v8.11 Jungo (c) 1997 - 2006 Build Date: Oct 16 2006 X86 32bit SYS12:35:07, version = 811.
Cable connection failed.
Connecting to cable (Parallel Port - LPT4).
Checking cable driver.
 Driver windrvr6.sys version = 8.1.1.0. WinDriver v8.11 Jungo (c) 1997 - 2006 Build Date: Oct 16 2006 X86 32bit SYS12:35:07, version = 811.
Cable connection failed.
Connecting to cable (Usb Port - USB21).
Checking cable driver.
 Driver version: 1027 (1027).
 Driver windrvr6.sys version = 8.1.1.0. WinDriver v8.11 Jungo (c) 1997 - 2006 Build Date: Oct 16 2006 X86 32bit SYS12:35:07, version = 811.
 Cable PID = 0008.
 Max current requested during enumeration is 280 mA.
Type = 0x0605.
 Cable Type = 3, Revision = 0.
 Setting cable speed to 6 MHz.
Cable connection established.
Firmware version = 1027.
File version of C:/Xilinx92i/data/xusbdfwu.hex = 1027.
Firmware hex file version = 1027.
CPLD file version = 0012h.
CPLD version = 0012h.
PROGRESS_END - End Operation.
Elapsed time =      2 sec.
Attempting to identify devices in the boundary-scan chain configuration...// *** BATCH CMD : Identify 
PROGRESS_START - Starting Operation.
Identifying chain contents ....'1': : Manufacturer's ID =Xilinx xc2c256, Version : 1
INFO:iMPACT:1777 - 
   Reading C:/Xilinx92i/xbr/data/xc2c256.bsd...
INFO:iMPACT:501 - '1': Added Device xc2c256 successfully.
----------------------------------------------------------------------
----------------------------------------------------------------------
done.
PROGRESS_END - End Operation.
Elapsed time =      1 sec.
// *** BATCH CMD : identifyMPM 
// *** BATCH CMD : assignFile -p 1 -file"C:/Users/raphael/jAER/deviceFirmwarePCBLayout/stereoBoardCPLD/USBAER_top_level.jed"
'1': Loading file'C:/Users/raphael/jAER/deviceFirmwarePCBLayout/stereoBoardCPLD/USBAER_top_level.jed' ...
done.
INFO:iMPACT:501 - '1': Added Device xc2c256 successfully.
----------------------------------------------------------------------
----------------------------------------------------------------------
----------------------------------------------------------------------
----------------------------------------------------------------------
// *** BATCH CMD : assignFile -p 1 -file"C:/Users/raphael/jAER/deviceFirmwarePCBLayout/stereoBoardCPLD/USBAER_top_level.jed"
'1': Loading file'C:/Users/raphael/jAER/deviceFirmwarePCBLayout/stereoBoardCPLD/USBAER_top_level.jed' ...
done.
INFO:iMPACT:501 - '1': Added Device xc2c256 successfully.
----------------------------------------------------------------------
----------------------------------------------------------------------
----------------------------------------------------------------------
----------------------------------------------------------------------
// *** BATCH CMD : assignFile -p 1 -file"C:/Users/raphael/jAER/deviceFirmwarePCBLayout/stereoBoardCPLD/USBAER_top_level.jed"
'1': Loading file'C:/Users/raphael/jAER/deviceFirmwarePCBLayout/stereoBoardCPLD/USBAER_top_level.jed' ...
done.
INFO:iMPACT:501 - '1': Added Device xc2c256 successfully.
----------------------------------------------------------------------
----------------------------------------------------------------------
----------------------------------------------------------------------
----------------------------------------------------------------------
// *** BATCH CMD : assignFile -p 1 -file"C:/Users/raphael/jAER/deviceFirmwarePCBLayout/stereoBoardCPLD/USBAER_top_level.jed"
'1': Loading file'C:/Users/raphael/jAER/deviceFirmwarePCBLayout/stereoBoardCPLD/USBAER_top_level.jed' ...
done.
INFO:iMPACT:501 - '1': Added Device xc2c256 successfully.
----------------------------------------------------------------------
----------------------------------------------------------------------
----------------------------------------------------------------------
----------------------------------------------------------------------
// *** BATCH CMD : assignFile -p 1 -file"C:/Users/raphael/jAER/deviceFirmwarePCBLayout/stereoBoardCPLD/USBAER_top_level.jed"
'1': Loading file'C:/Users/raphael/jAER/deviceFirmwarePCBLayout/stereoBoardCPLD/USBAER_top_level.jed' ...
done.
INFO:iMPACT:501 - '1': Added Device xc2c256 successfully.
----------------------------------------------------------------------
----------------------------------------------------------------------
----------------------------------------------------------------------
----------------------------------------------------------------------
// *** BATCH CMD : assignFile -p 1 -file"C:/Users/raphael/jAER/deviceFirmwarePCBLayout/stereoBoardCPLD/USBAER_top_level.jed"
'1': Loading file'C:/Users/raphael/jAER/deviceFirmwarePCBLayout/stereoBoardCPLD/USBAER_top_level.jed' ...
done.
INFO:iMPACT:501 - '1': Added Device xc2c256 successfully.
----------------------------------------------------------------------
----------------------------------------------------------------------
----------------------------------------------------------------------
----------------------------------------------------------------------
// *** BATCH CMD : assignFile -p 1 -file"C:/Users/raphael/jAER/deviceFirmwarePCBLayout/stereoBoardCPLD/USBAER_top_level.jed"
'1': Loading file'C:/Users/raphael/jAER/deviceFirmwarePCBLayout/stereoBoardCPLD/USBAER_top_level.jed' ...
done.
INFO:iMPACT:501 - '1': Added Device xc2c256 successfully.
----------------------------------------------------------------------
----------------------------------------------------------------------
----------------------------------------------------------------------
----------------------------------------------------------------------
// *** BATCH CMD : Program -p 1 -e -v -defaultVersion 0 
Bit count is 123249.
Idcode is 00010110110101001010000010010011.
Maximum TCK operating frequency for this device chain: 33000000.
Validating chain...
Boundary-scan chain validated successfully.
PROGRESS_START - Starting Operation.
'1': Erasing device...
'1': Erasure completed successfully.
'1': Programming device...
done.
'1': Verifying device...
done.
'1': Setting ISC done bits...done
Bit count is 123249.
Idcode is 00010110110101001010000010010011.
'1': Programming completed successfully.
PROGRESS_END - End Operation.
Elapsed time =      2 sec.
Cable is not connected.
// *** BATCH CMD : saveProjectFile -file"C:/Users/raphael/jAER/deviceFirmwarePCBLayout/stereoBoardCPLD/stereoBoardCPLD.ipf"
// *** BATCH CMD : setMode -bs
// *** BATCH CMD : deleteDevice -position 1
// *** BATCH CMD : setMode -ss
// *** BATCH CMD : setMode -sm
// *** BATCH CMD : setMode -hw140
// *** BATCH CMD : setMode -spi
// *** BATCH CMD : setMode -acecf
// *** BATCH CMD : setMode -acempm
// *** BATCH CMD : setMode -pff
// *** BATCH CMD : setMode -bs
