Release 8.1i - xst I.24
Copyright (c) 1995-2005 Xilinx, Inc.  All rights reserved.
--> Parameter TMPDIR set to ./xst/projnav.tmp
CPU : 0.00 / 0.20 s | Elapsed : 0.00 / 1.00 s
 
--> Parameter xsthdpdir set to ./xst
CPU : 0.00 / 0.20 s | Elapsed : 0.00 / 1.00 s
 
--> Reading design: USBAER_top_level_old.prj

TABLE OF CONTENTS
  1) Synthesis Options Summary
  2) HDL Compilation
  3) HDL Analysis
  4) HDL Synthesis
     4.1) HDL Synthesis Report
  5) Advanced HDL Synthesis
     5.1) Advanced HDL Synthesis Report
  6) Low Level Synthesis
  7) Final Report

=========================================================================
*                      Synthesis Options Summary                        *
=========================================================================
---- Source Parameters
Input File Name                    : "USBAER_top_level_old.prj"
Input Format                       : mixed
Ignore Synthesis Constraint File   : NO

---- Target Parameters
Output File Name                   : "USBAER_top_level_old"
Output Format                      : NGC
Target Device                      : CoolRunner2 CPLDs

---- Source Options
Top Module Name                    : USBAER_top_level_old
Automatic FSM Extraction           : YES
FSM Encoding Algorithm             : Auto
Mux Extraction                     : YES
Resource Sharing                   : YES

---- Target Options
Add IO Buffers                     : YES
MACRO Preserve                     : YES
XOR Preserve                       : YES
Equivalent register Removal        : YES

---- General Options
Optimization Goal                  : Speed
Optimization Effort                : 1
Keep Hierarchy                     : YES
RTL Output                         : Yes
Hierarchy Separator                : /
Bus Delimiter                      : <>
Case Specifier                     : maintain

---- Other Options
lso                                : USBAER_top_level_old.lso
verilog2001                        : YES
safe_implementation                : No
wysiwyg                            : NO

=========================================================================


=========================================================================
*                          HDL Compilation                              *
=========================================================================
Compiling vhdl file "D:/VHDL/USBAER/USBmini/wordRegister.vhd" in Library work.
Architecture behavioral of Entity wordregister is up to date.
Compiling vhdl file "D:/VHDL/USBAER/USBmini/earlyPaketTimer.vhd" in Library work.
Architecture behavioral of Entity earlypakettimer is up to date.
Compiling vhdl file "D:/VHDL/USBAER/USBmini/eventCounter.vhd" in Library work.
Architecture behavioral of Entity eventcounter is up to date.
Compiling vhdl file "D:/VHDL/USBAER/USBmini/timestampCounter.vhd" in Library work.
Architecture behavioral of Entity timestampcounter is up to date.
Compiling vhdl file "D:/VHDL/USBAER/USBmini/synchronizerStateMachine.vhd" in Library work.
Architecture behavioral of Entity synchronizerstatemachine is up to date.
Compiling vhdl file "D:/VHDL/USBAER/USBmini/fifoStatemachine.vhd" in Library work.
Architecture behavioral of Entity fifostatemachine is up to date.
Compiling vhdl file "D:/VHDL/USBAER/USBmini/monitorStateMachine.vhd" in Library work.
Architecture behavioral of Entity monitorstatemachine is up to date.
Compiling vhdl file "D:/VHDL/USBAER/USBmini/synthStateMachine.vhd" in Library work.
Architecture behavioral of Entity synthstatemachine is up to date.
Compiling vhdl file "D:/VHDL/USBAER/USBmini/USBAER_top_level_old.vhd" in Library work.
ERROR:HDLParsers:3011 - "D:/VHDL/USBAER/USBmini/USBAER_top_level_old.vhd" Line 74. End Identifier USBAER_top_level does not match declaration, USBAER_top_level_old.
ERROR:HDLParsers:3010 - "D:/VHDL/USBAER/USBmini/USBAER_top_level_old.vhd" Line 76. Entity USBAER_top_level_old does not exist.
ERROR:HDLParsers:3312 - "D:/VHDL/USBAER/USBmini/USBAER_top_level_old.vhd" Line 79. Undefined symbol 'std_logic'.
ERROR:HDLParsers:1209 - "D:/VHDL/USBAER/USBmini/USBAER_top_level_old.vhd" Line 79. std_logic: Undefined symbol (last report in this block)
ERROR:HDLParsers:3312 - "D:/VHDL/USBAER/USBmini/USBAER_top_level_old.vhd" Line 88. Undefined symbol 'std_logic_vector'.
ERROR:HDLParsers:1209 - "D:/VHDL/USBAER/USBmini/USBAER_top_level_old.vhd" Line 88. std_logic_vector: Undefined symbol (last report in this block)
ERROR:HDLParsers:3312 - "D:/VHDL/USBAER/USBmini/USBAER_top_level_old.vhd" Line 107. Undefined symbol 'std_logic'.
ERROR:HDLParsers:1209 - "D:/VHDL/USBAER/USBmini/USBAER_top_level_old.vhd" Line 107. std_logic: Undefined symbol (last report in this block)
ERROR:HDLParsers:3312 - "D:/VHDL/USBAER/USBmini/USBAER_top_level_old.vhd" Line 121. Undefined symbol 'std_logic'.
ERROR:HDLParsers:1209 - "D:/VHDL/USBAER/USBmini/USBAER_top_level_old.vhd" Line 121. std_logic: Undefined symbol (last report in this block)
ERROR:HDLParsers:3312 - "D:/VHDL/USBAER/USBmini/USBAER_top_level_old.vhd" Line 139. Undefined symbol 'std_logic'.
ERROR:HDLParsers:1209 - "D:/VHDL/USBAER/USBmini/USBAER_top_level_old.vhd" Line 139. std_logic: Undefined symbol (last report in this block)
ERROR:HDLParsers:3312 - "D:/VHDL/USBAER/USBmini/USBAER_top_level_old.vhd" Line 156. Undefined symbol 'std_logic'.
ERROR:HDLParsers:1209 - "D:/VHDL/USBAER/USBmini/USBAER_top_level_old.vhd" Line 156. std_logic: Undefined symbol (last report in this block)
ERROR:HDLParsers:3312 - "D:/VHDL/USBAER/USBmini/USBAER_top_level_old.vhd" Line 159. Undefined symbol 'std_logic_vector'.
ERROR:HDLParsers:1209 - "D:/VHDL/USBAER/USBmini/USBAER_top_level_old.vhd" Line 159. std_logic_vector: Undefined symbol (last report in this block)
ERROR:HDLParsers:3312 - "D:/VHDL/USBAER/USBmini/USBAER_top_level_old.vhd" Line 165. Undefined symbol 'std_logic'.
ERROR:HDLParsers:1209 - "D:/VHDL/USBAER/USBmini/USBAER_top_level_old.vhd" Line 165. std_logic: Undefined symbol (last report in this block)
ERROR:HDLParsers:3312 - "D:/VHDL/USBAER/USBmini/USBAER_top_level_old.vhd" Line 174. Undefined symbol 'std_logic'.
ERROR:HDLParsers:1209 - "D:/VHDL/USBAER/USBmini/USBAER_top_level_old.vhd" Line 174. std_logic: Undefined symbol (last report in this block)
ERROR:HDLParsers:3312 - "D:/VHDL/USBAER/USBmini/USBAER_top_level_old.vhd" Line 179. Undefined symbol 'std_logic_vector'.
ERROR:HDLParsers:1209 - "D:/VHDL/USBAER/USBmini/USBAER_top_level_old.vhd" Line 179. std_logic_vector: Undefined symbol (last report in this block)
ERROR:HDLParsers:3312 - "D:/VHDL/USBAER/USBmini/USBAER_top_level_old.vhd" Line 184. Undefined symbol 'std_logic'.
ERROR:HDLParsers:1209 - "D:/VHDL/USBAER/USBmini/USBAER_top_level_old.vhd" Line 184. std_logic: Undefined symbol (last report in this block)
ERROR:HDLParsers:3312 - "D:/VHDL/USBAER/USBmini/USBAER_top_level_old.vhd" Line 191. Undefined symbol 'std_logic_vector'.
ERROR:HDLParsers:1209 - "D:/VHDL/USBAER/USBmini/USBAER_top_level_old.vhd" Line 191. std_logic_vector: Undefined symbol (last report in this block)
ERROR:HDLParsers:3312 - "D:/VHDL/USBAER/USBmini/USBAER_top_level_old.vhd" Line 201. Undefined symbol 'std_logic'.
ERROR:HDLParsers:1209 - "D:/VHDL/USBAER/USBmini/USBAER_top_level_old.vhd" Line 201. std_logic: Undefined symbol (last report in this block)
ERROR:HDLParsers:3312 - "D:/VHDL/USBAER/USBmini/USBAER_top_level_old.vhd" Line 263. Undefined symbol 'ClockxC'.
ERROR:HDLParsers:3312 - "D:/VHDL/USBAER/USBmini/USBAER_top_level_old.vhd" Line 263. Undefined symbol 'ClockxCI'.
ERROR:HDLParsers:1209 - "D:/VHDL/USBAER/USBmini/USBAER_top_level_old.vhd" Line 263. ClockxCI: Undefined symbol (last report in this block)
ERROR:HDLParsers:3312 - "D:/VHDL/USBAER/USBmini/USBAER_top_level_old.vhd" Line 265. Undefined symbol 'ResetxRB'.
ERROR:HDLParsers:3312 - "D:/VHDL/USBAER/USBmini/USBAER_top_level_old.vhd" Line 265. Undefined symbol 'ResetxRBI'.
ERROR:HDLParsers:1209 - "D:/VHDL/USBAER/USBmini/USBAER_top_level_old.vhd" Line 265. ResetxRBI: Undefined symbol (last report in this block)
ERROR:HDLParsers:3312 - "D:/VHDL/USBAER/USBmini/USBAER_top_level_old.vhd" Line 265. Undefined symbol 'TimestampMasterxS'.
ERROR:HDLParsers:1209 - "D:/VHDL/USBAER/USBmini/USBAER_top_level_old.vhd" Line 265. TimestampMasterxS: Undefined symbol (last report in this block)
ERROR:HDLParsers:3312 - "D:/VHDL/USBAER/USBmini/USBAER_top_level_old.vhd" Line 266. Undefined symbol 'CounterResetxRB'.
ERROR:HDLParsers:3312 - "D:/VHDL/USBAER/USBmini/USBAER_top_level_old.vhd" Line 266. Undefined symbol 'SynchronizerResetTimestampxSB'.
ERROR:HDLParsers:1209 - "D:/VHDL/USBAER/USBmini/USBAER_top_level_old.vhd" Line 266. SynchronizerResetTimestampxSB: Undefined symbol (last report in this block)
ERROR:HDLParsers:3312 - "D:/VHDL/USBAER/USBmini/USBAER_top_level_old.vhd" Line 268. Undefined symbol 'Interrupt1xSB0'.
ERROR:HDLParsers:3312 - "D:/VHDL/USBAER/USBmini/USBAER_top_level_old.vhd" Line 268. Undefined symbol 'MissedEventxS'.
ERROR:HDLParsers:1209 - "D:/VHDL/USBAER/USBmini/USBAER_top_level_old.vhd" Line 268. MissedEventxS: Undefined symbol (last report in this block)
ERROR:HDLParsers:3312 - "D:/VHDL/USBAER/USBmini/USBAER_top_level_old.vhd" Line 269. Undefined symbol 'Interrupt0xSB0'.
ERROR:HDLParsers:3312 - "D:/VHDL/USBAER/USBmini/USBAER_top_level_old.vhd" Line 269. Undefined symbol 'ResetHostWrapAddxSB'.
ERROR:HDLParsers:1209 - "D:/VHDL/USBAER/USBmini/USBAER_top_level_old.vhd" Line 269. ResetHostWrapAddxSB: Undefined symbol (last report in this block)
ERROR:HDLParsers:1209 - "D:/VHDL/USBAER/USBmini/USBAER_top_level_old.vhd" Line 275. ClockxC: Undefined symbol (last report in this block)
ERROR:HDLParsers:1209 - "D:/VHDL/USBAER/USBmini/USBAER_top_level_old.vhd" Line 276. ResetxRB: Undefined symbol (last report in this block)
ERROR:HDLParsers:3312 - "D:/VHDL/USBAER/USBmini/USBAER_top_level_old.vhd" Line 277. Undefined symbol 'FifoAddressRegWritexE'.
ERROR:HDLParsers:1209 - "D:/VHDL/USBAER/USBmini/USBAER_top_level_old.vhd" Line 277. FifoAddressRegWritexE: Undefined symbol (last report in this block)
ERROR:HDLParsers:3312 - "D:/VHDL/USBAER/USBmini/USBAER_top_level_old.vhd" Line 278. Undefined symbol 'FifoAddressRegInxD'.
ERROR:HDLParsers:1209 - "D:/VHDL/USBAER/USBmini/USBAER_top_level_old.vhd" Line 278. FifoAddressRegInxD: Undefined symbol (last report in this block)
ERROR:HDLParsers:3312 - "D:/VHDL/USBAER/USBmini/USBAER_top_level_old.vhd" Line 279. Undefined symbol 'FifoAddressRegOutxD'.
ERROR:HDLParsers:1209 - "D:/VHDL/USBAER/USBmini/USBAER_top_level_old.vhd" Line 279. FifoAddressRegOutxD: Undefined symbol (last report in this block)
ERROR:HDLParsers:3312 - "D:/VHDL/USBAER/USBmini/USBAER_top_level_old.vhd" Line 287. Undefined symbol 'FifoTimestampRegWritexE'.
ERROR:HDLParsers:1209 - "D:/VHDL/USBAER/USBmini/USBAER_top_level_old.vhd" Line 287. FifoTimestampRegWritexE: Undefined symbol (last report in this block)
ERROR:HDLParsers:3312 - "D:/VHDL/USBAER/USBmini/USBAER_top_level_old.vhd" Line 288. Undefined symbol 'FifoTimestampRegInxD'.
ERROR:HDLParsers:1209 - "D:/VHDL/USBAER/USBmini/USBAER_top_level_old.vhd" Line 288. FifoTimestampRegInxD: Undefined symbol (last report in this block)
ERROR:HDLParsers:3312 - "D:/VHDL/USBAER/USBmini/USBAER_top_level_old.vhd" Line 289. Undefined symbol 'FifoTimestampRegOutxD'.
ERROR:HDLParsers:1209 - "D:/VHDL/USBAER/USBmini/USBAER_top_level_old.vhd" Line 289. FifoTimestampRegOutxD: Undefined symbol (last report in this block)
ERROR:HDLParsers:3312 - "D:/VHDL/USBAER/USBmini/USBAER_top_level_old.vhd" Line 297. Undefined symbol 'MonitorAddressRegWritexE'.
ERROR:HDLParsers:1209 - "D:/VHDL/USBAER/USBmini/USBAER_top_level_old.vhd" Line 297. MonitorAddressRegWritexE: Undefined symbol (last report in this block)
ERROR:HDLParsers:3312 - "D:/VHDL/USBAER/USBmini/USBAER_top_level_old.vhd" Line 298. Undefined symbol 'AERMonitorAddressxDI'.
ERROR:HDLParsers:1209 - "D:/VHDL/USBAER/USBmini/USBAER_top_level_old.vhd" Line 298. AERMonitorAddressxDI: Undefined symbol (last report in this block)
ERROR:HDLParsers:3312 - "D:/VHDL/USBAER/USBmini/USBAER_top_level_old.vhd" Line 299. Undefined symbol 'MonitorAddressxD'.
ERROR:HDLParsers:1209 - "D:/VHDL/USBAER/USBmini/USBAER_top_level_old.vhd" Line 299. MonitorAddressxD: Undefined symbol (last report in this block)
ERROR:HDLParsers:3312 - "D:/VHDL/USBAER/USBmini/USBAER_top_level_old.vhd" Line 307. Undefined symbol 'MonitorTimestampRegWritexE'.
ERROR:HDLParsers:1209 - "D:/VHDL/USBAER/USBmini/USBAER_top_level_old.vhd" Line 307. MonitorTimestampRegWritexE: Undefined symbol (last report in this block)
ERROR:HDLParsers:3312 - "D:/VHDL/USBAER/USBmini/USBAER_top_level_old.vhd" Line 308. Undefined symbol 'ActualTimestampxD'.
ERROR:HDLParsers:1209 - "D:/VHDL/USBAER/USBmini/USBAER_top_level_old.vhd" Line 308. ActualTimestampxD: Undefined symbol (last report in this block)
ERROR:HDLParsers:3312 - "D:/VHDL/USBAER/USBmini/USBAER_top_level_old.vhd" Line 309. Undefined symbol 'MonitorTimestampxD'.
ERROR:HDLParsers:1209 - "D:/VHDL/USBAER/USBmini/USBAER_top_level_old.vhd" Line 309. MonitorTimestampxD: Undefined symbol (last report in this block)
ERROR:HDLParsers:3312 - "D:/VHDL/USBAER/USBmini/USBAER_top_level_old.vhd" Line 317. Undefined symbol 'SynthAddressRegWritexE'.
ERROR:HDLParsers:1209 - "D:/VHDL/USBAER/USBmini/USBAER_top_level_old.vhd" Line 317. SynthAddressRegWritexE: Undefined symbol (last report in this block)
ERROR:HDLParsers:3312 - "D:/VHDL/USBAER/USBmini/USBAER_top_level_old.vhd" Line 319. Undefined symbol 'AERSynthAddressxD'.
ERROR:HDLParsers:1209 - "D:/VHDL/USBAER/USBmini/USBAER_top_level_old.vhd" Line 319. AERSynthAddressxD: Undefined symbol (last report in this block)
ERROR:HDLParsers:3312 - "D:/VHDL/USBAER/USBmini/USBAER_top_level_old.vhd" Line 327. Undefined symbol 'SynthTimestampRegWritexE'.
ERROR:HDLParsers:1209 - "D:/VHDL/USBAER/USBmini/USBAER_top_level_old.vhd" Line 327. SynthTimestampRegWritexE: Undefined symbol (last report in this block)
ERROR:HDLParsers:3312 - "D:/VHDL/USBAER/USBmini/USBAER_top_level_old.vhd" Line 328. Undefined symbol 'SumxD'.
ERROR:HDLParsers:1209 - "D:/VHDL/USBAER/USBmini/USBAER_top_level_old.vhd" Line 328. SumxD: Undefined symbol (last report in this block)
ERROR:HDLParsers:3312 - "D:/VHDL/USBAER/USBmini/USBAER_top_level_old.vhd" Line 329. Undefined symbol 'SynthTimestampxD'.
ERROR:HDLParsers:1209 - "D:/VHDL/USBAER/USBmini/USBAER_top_level_old.vhd" Line 329. SynthTimestampxD: Undefined symbol (last report in this block)
ERROR:HDLParsers:3312 - "D:/VHDL/USBAER/USBmini/USBAER_top_level_old.vhd" Line 335. Undefined symbol 'ResetEarlyPaketTimerxS'.
ERROR:HDLParsers:1209 - "D:/VHDL/USBAER/USBmini/USBAER_top_level_old.vhd" Line 335. ResetEarlyPaketTimerxS: Undefined symbol (last report in this block)
ERROR:HDLParsers:3312 - "D:/VHDL/USBAER/USBmini/USBAER_top_level_old.vhd" Line 336. Undefined symbol 'EarlyPaketTimerOverflowxS'.
ERROR:HDLParsers:1209 - "D:/VHDL/USBAER/USBmini/USBAER_top_level_old.vhd" Line 336. EarlyPaketTimerOverflowxS: Undefined symbol (last report in this block)
ERROR:HDLParsers:3312 - "D:/VHDL/USBAER/USBmini/USBAER_top_level_old.vhd" Line 342. Undefined symbol 'ResetEventCounterxS'.
ERROR:HDLParsers:1209 - "D:/VHDL/USBAER/USBmini/USBAER_top_level_old.vhd" Line 342. ResetEventCounterxS: Undefined symbol (last report in this block)
ERROR:HDLParsers:3312 - "D:/VHDL/USBAER/USBmini/USBAER_top_level_old.vhd" Line 343. Undefined symbol 'IncEventCounterxS'.
ERROR:HDLParsers:1209 - "D:/VHDL/USBAER/USBmini/USBAER_top_level_old.vhd" Line 343. IncEventCounterxS: Undefined symbol (last report in this block)
ERROR:HDLParsers:3312 - "D:/VHDL/USBAER/USBmini/USBAER_top_level_old.vhd" Line 344. Undefined symbol 'ECResetEarlyPaketTimerxS'.
ERROR:HDLParsers:1209 - "D:/VHDL/USBAER/USBmini/USBAER_top_level_old.vhd" Line 344. ECResetEarlyPaketTimerxS: Undefined symbol (last report in this block)
ERROR:HDLParsers:1209 - "D:/VHDL/USBAER/USBmini/USBAER_top_level_old.vhd" Line 349. CounterResetxRB: Undefined symbol (last report in this block)
ERROR:HDLParsers:3312 - "D:/VHDL/USBAER/USBmini/USBAER_top_level_old.vhd" Line 350. Undefined symbol 'IncxS'.
ERROR:HDLParsers:1209 - "D:/VHDL/USBAER/USBmini/USBAER_top_level_old.vhd" Line 350. IncxS: Undefined symbol (last report in this block)
ERROR:HDLParsers:3312 - "D:/VHDL/USBAER/USBmini/USBAER_top_level_old.vhd" Line 351. Undefined symbol 'ResetTimestampBit16xS'.
ERROR:HDLParsers:1209 - "D:/VHDL/USBAER/USBmini/USBAER_top_level_old.vhd" Line 351. ResetTimestampBit16xS: Undefined symbol (last report in this block)
ERROR:HDLParsers:3312 - "D:/VHDL/USBAER/USBmini/USBAER_top_level_old.vhd" Line 352. Undefined symbol 'TimestampOverflowxS'.
ERROR:HDLParsers:1209 - "D:/VHDL/USBAER/USBmini/USBAER_top_level_old.vhd" Line 352. TimestampOverflowxS: Undefined symbol (last report in this block)
ERROR:HDLParsers:3312 - "D:/VHDL/USBAER/USBmini/USBAER_top_level_old.vhd" Line 359. Undefined symbol 'TimestampTickxSI'.
ERROR:HDLParsers:1209 - "D:/VHDL/USBAER/USBmini/USBAER_top_level_old.vhd" Line 359. TimestampTickxSI: Undefined symbol (last report in this block)
ERROR:HDLParsers:3312 - "D:/VHDL/USBAER/USBmini/USBAER_top_level_old.vhd" Line 360. Undefined symbol 'HostResetTimestampxSI'.
ERROR:HDLParsers:1209 - "D:/VHDL/USBAER/USBmini/USBAER_top_level_old.vhd" Line 360. HostResetTimestampxSI: Undefined symbol (last report in this block)
ERROR:HDLParsers:3312 - "D:/VHDL/USBAER/USBmini/USBAER_top_level_old.vhd" Line 361. Undefined symbol 'SyncInxAI'.
ERROR:HDLParsers:1209 - "D:/VHDL/USBAER/USBmini/USBAER_top_level_old.vhd" Line 361. SyncInxAI: Undefined symbol (last report in this block)
ERROR:HDLParsers:3312 - "D:/VHDL/USBAER/USBmini/USBAER_top_level_old.vhd" Line 362. Undefined symbol 'SynchOutxS'.
ERROR:HDLParsers:1209 - "D:/VHDL/USBAER/USBmini/USBAER_top_level_old.vhd" Line 362. SynchOutxS: Undefined symbol (last report in this block)
ERROR:HDLParsers:3312 - "D:/VHDL/USBAER/USBmini/USBAER_top_level_old.vhd" Line 372. Undefined symbol 'FifoTransactionxS'.
ERROR:HDLParsers:1209 - "D:/VHDL/USBAER/USBmini/USBAER_top_level_old.vhd" Line 372. FifoTransactionxS: Undefined symbol (last report in this block)
ERROR:HDLParsers:3312 - "D:/VHDL/USBAER/USBmini/USBAER_top_level_old.vhd" Line 373. Undefined symbol 'FifoInFullxSBI'.
ERROR:HDLParsers:1209 - "D:/VHDL/USBAER/USBmini/USBAER_top_level_old.vhd" Line 373. FifoInFullxSBI: Undefined symbol (last report in this block)
ERROR:HDLParsers:3312 - "D:/VHDL/USBAER/USBmini/USBAER_top_level_old.vhd" Line 374. Undefined symbol 'FifoOutEmptyxSBI'.
ERROR:HDLParsers:1209 - "D:/VHDL/USBAER/USBmini/USBAER_top_level_old.vhd" Line 374. FifoOutEmptyxSBI: Undefined symbol (last report in this block)
ERROR:HDLParsers:3312 - "D:/VHDL/USBAER/USBmini/USBAER_top_level_old.vhd" Line 375. Undefined symbol 'FifoWritexEBO'.
ERROR:HDLParsers:1209 - "D:/VHDL/USBAER/USBmini/USBAER_top_level_old.vhd" Line 375. FifoWritexEBO: Undefined symbol (last report in this block)
ERROR:HDLParsers:3312 - "D:/VHDL/USBAER/USBmini/USBAER_top_level_old.vhd" Line 376. Undefined symbol 'FifoReadxEBO'.
ERROR:HDLParsers:1209 - "D:/VHDL/USBAER/USBmini/USBAER_top_level_old.vhd" Line 376. FifoReadxEBO: Undefined symbol (last report in this block)
ERROR:HDLParsers:3312 - "D:/VHDL/USBAER/USBmini/USBAER_top_level_old.vhd" Line 377. Undefined symbol 'FifoOutputEnablexEBO'.
ERROR:HDLParsers:1209 - "D:/VHDL/USBAER/USBmini/USBAER_top_level_old.vhd" Line 377. FifoOutputEnablexEBO: Undefined symbol (last report in this block)
ERROR:HDLParsers:3312 - "D:/VHDL/USBAER/USBmini/USBAER_top_level_old.vhd" Line 378. Undefined symbol 'FifoPktEndxSB'.
ERROR:HDLParsers:1209 - "D:/VHDL/USBAER/USBmini/USBAER_top_level_old.vhd" Line 378. FifoPktEndxSB: Undefined symbol (last report in this block)
ERROR:HDLParsers:3312 - "D:/VHDL/USBAER/USBmini/USBAER_top_level_old.vhd" Line 379. Undefined symbol 'FifoAddressxDO'.
ERROR:HDLParsers:1209 - "D:/VHDL/USBAER/USBmini/USBAER_top_level_old.vhd" Line 379. FifoAddressxDO: Undefined symbol (last report in this block)
ERROR:HDLParsers:3312 - "D:/VHDL/USBAER/USBmini/USBAER_top_level_old.vhd" Line 382. Undefined symbol 'RegisterInputSelectxS'.
ERROR:HDLParsers:1209 - "D:/VHDL/USBAER/USBmini/USBAER_top_level_old.vhd" Line 382. RegisterInputSelectxS: Undefined symbol (last report in this block)
ERROR:HDLParsers:3312 - "D:/VHDL/USBAER/USBmini/USBAER_top_level_old.vhd" Line 383. Undefined symbol 'AddressTimestampSelectxS'.
ERROR:HDLParsers:1209 - "D:/VHDL/USBAER/USBmini/USBAER_top_level_old.vhd" Line 383. AddressTimestampSelectxS: Undefined symbol (last report in this block)
ERROR:HDLParsers:3312 - "D:/VHDL/USBAER/USBmini/USBAER_top_level_old.vhd" Line 384. Undefined symbol 'MonitorEventReadyxS'.
ERROR:HDLParsers:1209 - "D:/VHDL/USBAER/USBmini/USBAER_top_level_old.vhd" Line 384. MonitorEventReadyxS: Undefined symbol (last report in this block)
ERROR:HDLParsers:3312 - "D:/VHDL/USBAER/USBmini/USBAER_top_level_old.vhd" Line 385. Undefined symbol 'ClearMonitorEventxS'.
ERROR:HDLParsers:1209 - "D:/VHDL/USBAER/USBmini/USBAER_top_level_old.vhd" Line 385. ClearMonitorEventxS: Undefined symbol (last report in this block)
ERROR:HDLParsers:3312 - "D:/VHDL/USBAER/USBmini/USBAER_top_level_old.vhd" Line 386. Undefined symbol 'EventRequestxS'.
ERROR:HDLParsers:1209 - "D:/VHDL/USBAER/USBmini/USBAER_top_level_old.vhd" Line 386. EventRequestxS: Undefined symbol (last report in this block)
ERROR:HDLParsers:3312 - "D:/VHDL/USBAER/USBmini/USBAER_top_level_old.vhd" Line 387. Undefined symbol 'EventRequestACKxS'.
ERROR:HDLParsers:1209 - "D:/VHDL/USBAER/USBmini/USBAER_top_level_old.vhd" Line 387. EventRequestACKxS: Undefined symbol (last report in this block)
ERROR:HDLParsers:3312 - "D:/VHDL/USBAER/USBmini/USBAER_top_level_old.vhd" Line 390. Undefined symbol 'SMResetEarlyPaketTimerxS'.
ERROR:HDLParsers:1209 - "D:/VHDL/USBAER/USBmini/USBAER_top_level_old.vhd" Line 390. SMResetEarlyPaketTimerxS: Undefined symbol (last report in this block)
ERROR:HDLParsers:3312 - "D:/VHDL/USBAER/USBmini/USBAER_top_level_old.vhd" Line 392. Undefined symbol 'TimestampBit16xD'.
ERROR:HDLParsers:1209 - "D:/VHDL/USBAER/USBmini/USBAER_top_level_old.vhd" Line 392. TimestampBit16xD: Undefined symbol (last report in this block)
ERROR:HDLParsers:3312 - "D:/VHDL/USBAER/USBmini/USBAER_top_level_old.vhd" Line 399. Undefined symbol 'RunMonitorxS'.
ERROR:HDLParsers:1209 - "D:/VHDL/USBAER/USBmini/USBAER_top_level_old.vhd" Line 399. RunMonitorxS: Undefined symbol (last report in this block)
ERROR:HDLParsers:3312 - "D:/VHDL/USBAER/USBmini/USBAER_top_level_old.vhd" Line 400. Undefined symbol 'AERMonitorREQxABI'.
ERROR:HDLParsers:1209 - "D:/VHDL/USBAER/USBmini/USBAER_top_level_old.vhd" Line 400. AERMonitorREQxABI: Undefined symbol (last report in this block)
ERROR:HDLParsers:3312 - "D:/VHDL/USBAER/USBmini/USBAER_top_level_old.vhd" Line 401. Undefined symbol 'AERSnifACKxABI'.
ERROR:HDLParsers:1209 - "D:/VHDL/USBAER/USBmini/USBAER_top_level_old.vhd" Line 401. AERSnifACKxABI: Undefined symbol (last report in this block)
ERROR:HDLParsers:3312 - "D:/VHDL/USBAER/USBmini/USBAER_top_level_old.vhd" Line 402. Undefined symbol 'AERMonitorACKxSBO'.
ERROR:HDLParsers:1209 - "D:/VHDL/USBAER/USBmini/USBAER_top_level_old.vhd" Line 402. AERMonitorACKxSBO: Undefined symbol (last report in this block)
ERROR:HDLParsers:3312 - "D:/VHDL/USBAER/USBmini/USBAER_top_level_old.vhd" Line 403. Undefined symbol 'AERSnifREQxSBO'.
ERROR:HDLParsers:1209 - "D:/VHDL/USBAER/USBmini/USBAER_top_level_old.vhd" Line 403. AERSnifREQxSBO: Undefined symbol (last report in this block)
ERROR:HDLParsers:3312 - "D:/VHDL/USBAER/USBmini/USBAER_top_level_old.vhd" Line 406. Undefined symbol 'SetMonitorEventReadyxS'.
ERROR:HDLParsers:1209 - "D:/VHDL/USBAER/USBmini/USBAER_top_level_old.vhd" Line 406. SetMonitorEventReadyxS: Undefined symbol (last report in this block)
ERROR:HDLParsers:3312 - "D:/VHDL/USBAER/USBmini/USBAER_top_level_old.vhd" Line 416. Undefined symbol 'RunSynthesizerxS'.
ERROR:HDLParsers:1209 - "D:/VHDL/USBAER/USBmini/USBAER_top_level_old.vhd" Line 416. RunSynthesizerxS: Undefined symbol (last report in this block)
ERROR:HDLParsers:3312 - "D:/VHDL/USBAER/USBmini/USBAER_top_level_old.vhd" Line 417. Undefined symbol 'AERSynthREQxSBO'.
ERROR:HDLParsers:1209 - "D:/VHDL/USBAER/USBmini/USBAER_top_level_old.vhd" Line 417. AERSynthREQxSBO: Undefined symbol (last report in this block)
ERROR:HDLParsers:3312 - "D:/VHDL/USBAER/USBmini/USBAER_top_level_old.vhd" Line 418. Undefined symbol 'AERSynthACKxABI'.
ERROR:HDLParsers:1209 - "D:/VHDL/USBAER/USBmini/USBAER_top_level_old.vhd" Line 418. AERSynthACKxABI: Undefined symbol (last report in this block)
ERROR:HDLParsers:3312 - "D:/VHDL/USBAER/USBmini/USBAER_top_level_old.vhd" Line 419. Undefined symbol 'EqualxS'.
ERROR:HDLParsers:1209 - "D:/VHDL/USBAER/USBmini/USBAER_top_level_old.vhd" Line 419. EqualxS: Undefined symbol (last report in this block)
ERROR:HDLParsers:808 - "D:/VHDL/USBAER/USBmini/USBAER_top_level_old.vhd" Line 427. & can not have such operands in this context.
ERROR:HDLParsers:3312 - "D:/VHDL/USBAER/USBmini/USBAER_top_level_old.vhd" Line 433. Undefined symbol 'SynchOutxSO'.
ERROR:HDLParsers:3312 - "D:/VHDL/USBAER/USBmini/USBAER_top_level_old.vhd" Line 434. Undefined symbol 'FifoPktEndxSBO'.
ERROR:HDLParsers:3312 - "D:/VHDL/USBAER/USBmini/USBAER_top_level_old.vhd" Line 435. Undefined symbol 'AERSynthAddressxDO'.
ERROR:HDLParsers:3312 - "D:/VHDL/USBAER/USBmini/USBAER_top_level_old.vhd" Line 439. Undefined symbol 'RunMonitorxSI'.
ERROR:HDLParsers:1209 - "D:/VHDL/USBAER/USBmini/USBAER_top_level_old.vhd" Line 439. RunMonitorxSI: Undefined symbol (last report in this block)
ERROR:HDLParsers:808 - "D:/VHDL/USBAER/USBmini/USBAER_top_level_old.vhd" Line 439. = can not have such operands in this context.
ERROR:HDLParsers:3312 - "D:/VHDL/USBAER/USBmini/USBAER_top_level_old.vhd" Line 442. Undefined symbol 'RunSynthesizerxSI'.
ERROR:HDLParsers:1209 - "D:/VHDL/USBAER/USBmini/USBAER_top_level_old.vhd" Line 442. RunSynthesizerxSI: Undefined symbol (last report in this block)
ERROR:HDLParsers:808 - "D:/VHDL/USBAER/USBmini/USBAER_top_level_old.vhd" Line 442. = can not have such operands in this context.
ERROR:HDLParsers:3312 - "D:/VHDL/USBAER/USBmini/USBAER_top_level_old.vhd" Line 450. Undefined symbol 'FifoDataxDIO'.
ERROR:HDLParsers:3312 - "D:/VHDL/USBAER/USBmini/USBAER_top_level_old.vhd" Line 451. Undefined symbol 'selectaddress'.
ERROR:HDLParsers:1209 - "D:/VHDL/USBAER/USBmini/USBAER_top_level_old.vhd" Line 451. selectaddress: Undefined symbol (last report in this block)
ERROR:HDLParsers:3312 - "D:/VHDL/USBAER/USBmini/USBAER_top_level_old.vhd" Line 452. Undefined symbol 'selecttimestamp'.
ERROR:HDLParsers:1209 - "D:/VHDL/USBAER/USBmini/USBAER_top_level_old.vhd" Line 452. selecttimestamp: Undefined symbol (last report in this block)
ERROR:HDLParsers:3312 - "D:/VHDL/USBAER/USBmini/USBAER_top_level_old.vhd" Line 456. Undefined symbol 'selectmonitor'.
ERROR:HDLParsers:1209 - "D:/VHDL/USBAER/USBmini/USBAER_top_level_old.vhd" Line 457. FifoDataxDIO: Undefined symbol (last report in this block)
ERROR:HDLParsers:1209 - "D:/VHDL/USBAER/USBmini/USBAER_top_level_old.vhd" Line 458. selectmonitor: Undefined symbol (last report in this block)
ERROR:HDLParsers:3312 - "D:/VHDL/USBAER/USBmini/USBAER_top_level_old.vhd" Line 461. Undefined symbol 'LEDxSO'.
ERROR:HDLParsers:3312 - "D:/VHDL/USBAER/USBmini/USBAER_top_level_old.vhd" Line 462. Undefined symbol 'TimestampMasterxSO'.
WARNING:HDLParsers:1406 - "D:/VHDL/USBAER/USBmini/USBAER_top_level_old.vhd" Line 466. No sensitivity list and no wait in the process
--> 

Total memory usage is 87896 kilobytes

Number of errors   :  178 (   0 filtered)
Number of warnings :    1 (   0 filtered)
Number of infos    :    0 (   0 filtered)

