D:\lscc\diamond\2.2_x64\synpbase\bin64\c_vhdl.exe  -osyn  C:\Users\Haza\Documents\jAER\deviceFirmwarePCBLayout\LatticeMachXO\SBret10_2_IMU\SBret10\synwork\SBret10_SBret10_hdl_info_gen.srs  -top  USBAER_top_level  -prodtype  synplify_pro  -fixsmult -infer_seqShift -nram -divnmod -encrypt  -pro  -dmgen  C:\Users\Haza\Documents\jAER\deviceFirmwarePCBLayout\LatticeMachXO\SBret10_2_IMU\SBret10\dm  -lite -ll 2000   -ui -fid2 -ram -sharing on  -autosm -ignore_undefined_lib  -lib work D:\lscc\diamond\2.2_x64\cae_library\synthesis\vhdl\machxo.vhd -lib work C:\Users\Haza\Documents\jAER\deviceFirmwarePCBLayout\LatticeMachXO\SBret10_2_IMU\sourcecode\wordRegister.vhd -lib work C:\Users\Haza\Documents\jAER\deviceFirmwarePCBLayout\LatticeMachXO\SBret10_2_IMU\sourcecode\AERfifo.vhd -lib work C:\Users\Haza\Documents\jAER\deviceFirmwarePCBLayout\LatticeMachXO\SBret10_2_IMU\sourcecode\clockgen.vhd -lib work C:\Users\Haza\Documents\jAER\deviceFirmwarePCBLayout\LatticeMachXO\SBret10_2_IMU\sourcecode\earlyPaketTimer.vhd -lib work C:\Users\Haza\Documents\jAER\deviceFirmwarePCBLayout\LatticeMachXO\SBret10_2_IMU\sourcecode\EventBeforeOverflow.vhd -lib work C:\Users\Haza\Documents\jAER\deviceFirmwarePCBLayout\LatticeMachXO\SBret10_2_IMU\sourcecode\eventCounter.vhd -lib work C:\Users\Haza\Documents\jAER\deviceFirmwarePCBLayout\LatticeMachXO\SBret10_2_IMU\sourcecode\fifoStatemachine.vhd -lib work C:\Users\Haza\Documents\jAER\deviceFirmwarePCBLayout\LatticeMachXO\SBret10_2_IMU\sourcecode\monitorStateMachine.vhd -lib work C:\Users\Haza\Documents\jAER\deviceFirmwarePCBLayout\LatticeMachXO\SBret10_2_IMU\sourcecode\synchronizerStateMachine.vhd -lib work C:\Users\Haza\Documents\jAER\deviceFirmwarePCBLayout\LatticeMachXO\SBret10_2_IMU\sourcecode\timestampCounter.vhd -lib work C:\Users\Haza\Documents\jAER\deviceFirmwarePCBLayout\LatticeMachXO\SBret10_2_IMU\sourcecode\USBAER_top_level.vhd -lib work C:\Users\Haza\Documents\jAER\deviceFirmwarePCBLayout\LatticeMachXO\SBret10_2_IMU\sourcecode\ADCvalueReady.vhd -lib work C:\Users\Haza\Documents\jAER\deviceFirmwarePCBLayout\LatticeMachXO\SBret10_2_IMU\sourcecode\cDVSResetStateMachine.vhd -lib work C:\Users\Haza\Documents\jAER\deviceFirmwarePCBLayout\LatticeMachXO\SBret10_2_IMU\sourcecode\shiftRegister.vhd -lib work C:\Users\Haza\Documents\jAER\deviceFirmwarePCBLayout\LatticeMachXO\SBret10_2_IMU\ADCStateMachine_tb.vhd -lib work C:\Users\Haza\Documents\jAER\deviceFirmwarePCBLayout\LatticeMachXO\SBret10_2_IMU\sourcecode\ADCStateMachine.vhd -lib work C:\Users\Haza\Documents\jAER\deviceFirmwarePCBLayout\LatticeMachXO\SBret10_2_IMU\sourcecode\I2C_Arb_Blk.vhd -lib work C:\Users\Haza\Documents\jAER\deviceFirmwarePCBLayout\LatticeMachXO\SBret10_2_IMU\sourcecode\I2C_Clk_Blk.vhd -lib work C:\Users\Haza\Documents\jAER\deviceFirmwarePCBLayout\LatticeMachXO\SBret10_2_IMU\sourcecode\I2C_Cnt_Blk.vhd -lib work C:\Users\Haza\Documents\jAER\deviceFirmwarePCBLayout\LatticeMachXO\SBret10_2_IMU\sourcecode\I2C_delay.vhd -lib work C:\Users\Haza\Documents\jAER\deviceFirmwarePCBLayout\LatticeMachXO\SBret10_2_IMU\sourcecode\I2C_INT_Blk.vhd -lib work C:\Users\Haza\Documents\jAER\deviceFirmwarePCBLayout\LatticeMachXO\SBret10_2_IMU\sourcecode\I2C_Main_Blk.vhd -lib work C:\Users\Haza\Documents\jAER\deviceFirmwarePCBLayout\LatticeMachXO\SBret10_2_IMU\sourcecode\I2C_Mpu_Blk.vhd -lib work C:\Users\Haza\Documents\jAER\deviceFirmwarePCBLayout\LatticeMachXO\SBret10_2_IMU\sourcecode\I2C_SS_Blk.vhd -lib work C:\Users\Haza\Documents\jAER\deviceFirmwarePCBLayout\LatticeMachXO\SBret10_2_IMU\sourcecode\I2C_Synch_Blk.vhd -lib work C:\Users\Haza\Documents\jAER\deviceFirmwarePCBLayout\LatticeMachXO\SBret10_2_IMU\sourcecode\I2C_Top.vhd -lib work C:\Users\Haza\Documents\jAER\deviceFirmwarePCBLayout\LatticeMachXO\SBret10_2_IMU\sourcecode\IMUStateMachine.vhd -loga  C:\Users\Haza\Documents\jAER\deviceFirmwarePCBLayout\LatticeMachXO\SBret10_2_IMU\SBret10\syntax.log  -fileorder  C:\Users\Haza\Documents\jAER\deviceFirmwarePCBLayout\LatticeMachXO\SBret10_2_IMU\SBret10\syntmp\hdlorder.tcl 
rc:0 success:1
C:\Users\Haza\Documents\jAER\deviceFirmwarePCBLayout\LatticeMachXO\SBret10_2_IMU\SBret10\synwork\SBret10_SBret10_hdl_info_gen.srs|o|0|0
D:\lscc\diamond\2.2_x64\cae_library\synthesis\vhdl\machxo.vhd|i|1347625494|65101
C:\Users\Haza\Documents\jAER\deviceFirmwarePCBLayout\LatticeMachXO\SBret10_2_IMU\sourcecode\wordRegister.vhd|i|1389094948|2008
C:\Users\Haza\Documents\jAER\deviceFirmwarePCBLayout\LatticeMachXO\SBret10_2_IMU\sourcecode\AERfifo.vhd|i|1389094948|11059
C:\Users\Haza\Documents\jAER\deviceFirmwarePCBLayout\LatticeMachXO\SBret10_2_IMU\sourcecode\clockgen.vhd|i|1389094948|4055
C:\Users\Haza\Documents\jAER\deviceFirmwarePCBLayout\LatticeMachXO\SBret10_2_IMU\sourcecode\earlyPaketTimer.vhd|i|1399976174|2050
C:\Users\Haza\Documents\jAER\deviceFirmwarePCBLayout\LatticeMachXO\SBret10_2_IMU\sourcecode\EventBeforeOverflow.vhd|i|1389094948|2315
C:\Users\Haza\Documents\jAER\deviceFirmwarePCBLayout\LatticeMachXO\SBret10_2_IMU\sourcecode\eventCounter.vhd|i|1389094948|2228
C:\Users\Haza\Documents\jAER\deviceFirmwarePCBLayout\LatticeMachXO\SBret10_2_IMU\sourcecode\fifoStatemachine.vhd|i|1400062828|5155
C:\Users\Haza\Documents\jAER\deviceFirmwarePCBLayout\LatticeMachXO\SBret10_2_IMU\sourcecode\monitorStateMachine.vhd|i|1401959903|13803
C:\Users\Haza\Documents\jAER\deviceFirmwarePCBLayout\LatticeMachXO\SBret10_2_IMU\sourcecode\synchronizerStateMachine.vhd|i|1399935985|8891
C:\Users\Haza\Documents\jAER\deviceFirmwarePCBLayout\LatticeMachXO\SBret10_2_IMU\sourcecode\timestampCounter.vhd|i|1389094948|2383
C:\Users\Haza\Documents\jAER\deviceFirmwarePCBLayout\LatticeMachXO\SBret10_2_IMU\sourcecode\USBAER_top_level.vhd|i|1403795254|29361
C:\Users\Haza\Documents\jAER\deviceFirmwarePCBLayout\LatticeMachXO\SBret10_2_IMU\sourcecode\ADCvalueReady.vhd|i|1389094948|2602
C:\Users\Haza\Documents\jAER\deviceFirmwarePCBLayout\LatticeMachXO\SBret10_2_IMU\sourcecode\cDVSResetStateMachine.vhd|i|1389094948|3520
C:\Users\Haza\Documents\jAER\deviceFirmwarePCBLayout\LatticeMachXO\SBret10_2_IMU\sourcecode\shiftRegister.vhd|i|1389094948|2011
C:\Users\Haza\Documents\jAER\deviceFirmwarePCBLayout\LatticeMachXO\SBret10_2_IMU\ADCStateMachine_tb.vhd|i|1389094948|5444
C:\Users\Haza\Documents\jAER\deviceFirmwarePCBLayout\LatticeMachXO\SBret10_2_IMU\sourcecode\ADCStateMachine.vhd|i|1398151318|13409
C:\Users\Haza\Documents\jAER\deviceFirmwarePCBLayout\LatticeMachXO\SBret10_2_IMU\sourcecode\I2C_Arb_Blk.vhd|i|1080235264|4622
C:\Users\Haza\Documents\jAER\deviceFirmwarePCBLayout\LatticeMachXO\SBret10_2_IMU\sourcecode\I2C_Clk_Blk.vhd|i|1080235264|3668
C:\Users\Haza\Documents\jAER\deviceFirmwarePCBLayout\LatticeMachXO\SBret10_2_IMU\sourcecode\I2C_Cnt_Blk.vhd|i|1080235264|7167
C:\Users\Haza\Documents\jAER\deviceFirmwarePCBLayout\LatticeMachXO\SBret10_2_IMU\sourcecode\I2C_delay.vhd|i|1080235266|2315
C:\Users\Haza\Documents\jAER\deviceFirmwarePCBLayout\LatticeMachXO\SBret10_2_IMU\sourcecode\I2C_INT_Blk.vhd|i|1080235266|3406
C:\Users\Haza\Documents\jAER\deviceFirmwarePCBLayout\LatticeMachXO\SBret10_2_IMU\sourcecode\I2C_Main_Blk.vhd|i|1088582868|21203
C:\Users\Haza\Documents\jAER\deviceFirmwarePCBLayout\LatticeMachXO\SBret10_2_IMU\sourcecode\I2C_Mpu_Blk.vhd|i|1080235266|9422
C:\Users\Haza\Documents\jAER\deviceFirmwarePCBLayout\LatticeMachXO\SBret10_2_IMU\sourcecode\I2C_SS_Blk.vhd|i|1080235266|12467
C:\Users\Haza\Documents\jAER\deviceFirmwarePCBLayout\LatticeMachXO\SBret10_2_IMU\sourcecode\I2C_Synch_Blk.vhd|i|1080235266|3339
C:\Users\Haza\Documents\jAER\deviceFirmwarePCBLayout\LatticeMachXO\SBret10_2_IMU\sourcecode\I2C_Top.vhd|i|1080235266|25291
C:\Users\Haza\Documents\jAER\deviceFirmwarePCBLayout\LatticeMachXO\SBret10_2_IMU\sourcecode\IMUStateMachine.vhd|i|1403795217|43553
C:\Users\Haza\Documents\jAER\deviceFirmwarePCBLayout\LatticeMachXO\SBret10_2_IMU\SBret10\syntax.log|o|1403795261|1020
D:\lscc\diamond\2.2_x64\synpbase\bin64\c_vhdl.exe|i|1363000604|5354496
D:\lscc\diamond\2.2_x64\synpbase\bin\c_vhdl.exe|i|1363000592|1897984
