Release 9.2i Map J.36
Xilinx Mapping Report File for Design 'usb_aer'

Design Information
------------------
Command Line   : C:\Xilinx92i\bin\nt\map.exe -ise
D:/alex/work/USBAER/mapperProba/usbaer_mapper_prob_delay/usbaer_mapper.ise
-intstyle ise -p xc2s200-pq208-6 -cm area -pr b -k 4 -c 100 -tx off -o
usb_aer_map.ncd usb_aer.ngd usb_aer.pcf 
Target Device  : xc2s200
Target Package : pq208
Target Speed   : -6
Mapper Version : spartan2 -- $Revision: 1.36 $
Mapped Date    : Tue Sep 30 09:05:28 2008

Design Summary
--------------
Number of errors:      0
Number of warnings:    0
Logic Utilization:
  Number of Slice Flip Flops:     1,200 out of  4,704   25%
  Number of 4 input LUTs:         4,475 out of  4,704   95%
Logic Distribution:
    Number of occupied Slices:                       2,296 out of  2,352   97%
    Number of Slices containing only related logic:  2,296 out of  2,296  100%
    Number of Slices containing unrelated logic:         0 out of  2,296    0%
        *See NOTES below for an explanation of the effects of unrelated logic
Total Number of 4 input LUTs:        4,505 out of  4,704   95%
      Number used as logic:                     4,475
      Number used as a route-thru:                 30
   Number of bonded IOBs:           111 out of    140   79%
      IOB Flip Flops:                              13
   Number of GCLKs:                   1 out of      4   25%
   Number of GCLKIOBs:                1 out of      4   25%

Total equivalent gate count for design:  38,480
Additional JTAG gate count for IOBs:  5,376
Peak Memory Usage:  151 MB
Total REAL time to MAP completion:  11 secs 
Total CPU time to MAP completion:   9 secs 

NOTES:

   Related logic is defined as being logic that shares connectivity - e.g. two
   LUTs are "related" if they share common inputs.  When assembling slices,
   Map gives priority to combine logic that is related.  Doing so results in
   the best timing performance.

   Unrelated logic shares no connectivity.  Map will only begin packing
   unrelated logic into a slice once 99% of the slices are occupied through
   related logic packing.

   Note that once logic distribution reaches the 99% level through related
   logic packing, this does not mean the device is completely utilized.
   Unrelated logic packing will then begin, continuing until all usable LUTs
   and FFs are occupied.  Depending on your timing budget, increased levels of
   unrelated logic packing may adversely affect the overall timing performance
   of your design.

Table of Contents
-----------------
Section 1 - Errors
Section 2 - Warnings
Section 3 - Informational
Section 4 - Removed Logic Summary
Section 5 - Removed Logic
Section 6 - IOB Properties
Section 7 - RPMs
Section 8 - Guide Report
Section 9 - Area Group and Partition Summary
Section 10 - Modular Design Summary
Section 11 - Timing Report
Section 12 - Configuration String Information
Section 13 - Control Set Information

Section 1 - Errors
------------------

Section 2 - Warnings
--------------------

Section 3 - Informational
-------------------------
INFO:MapLib:562 - No environment variables are currently set.

Section 4 - Removed Logic Summary
---------------------------------
   2 block(s) optimized away

Section 5 - Removed Logic
-------------------------

Optimized Block(s):
TYPE 		BLOCK
GND 		XST_GND
VCC 		XST_VCC

To enable printing of redundant blocks removed and signals merged, set the
detailed map report option and rerun map.

Section 6 - IOB Properties
--------------------------

+------------------------------------------------------------------------------------------------------------------------+
| IOB Name                           | Type    | Direction | IO Standard | Drive    | Slew | Reg (s)  | Resistor | IOB   |
|                                    |         |           |             | Strength | Rate |          |          | Delay |
+------------------------------------------------------------------------------------------------------------------------+
| clk                                | GCLKIOB | INPUT     | LVTTL       |          |      |          |          |       |
| address<0>                         | IOB     | OUTPUT    | LVTTL       | 12       | FAST |          |          |       |
| address<1>                         | IOB     | OUTPUT    | LVTTL       | 12       | FAST |          |          |       |
| address<2>                         | IOB     | OUTPUT    | LVTTL       | 12       | FAST |          |          |       |
| address<3>                         | IOB     | OUTPUT    | LVTTL       | 12       | FAST |          |          |       |
| address<4>                         | IOB     | OUTPUT    | LVTTL       | 12       | FAST |          |          |       |
| address<5>                         | IOB     | OUTPUT    | LVTTL       | 12       | FAST |          |          |       |
| address<6>                         | IOB     | OUTPUT    | LVTTL       | 12       | FAST |          |          |       |
| address<7>                         | IOB     | OUTPUT    | LVTTL       | 12       | FAST |          |          |       |
| address<8>                         | IOB     | OUTPUT    | LVTTL       | 12       | FAST |          |          |       |
| address<9>                         | IOB     | OUTPUT    | LVTTL       | 12       | FAST |          |          |       |
| address<10>                        | IOB     | OUTPUT    | LVTTL       | 12       | FAST |          |          |       |
| address<11>                        | IOB     | OUTPUT    | LVTTL       | 12       | FAST |          |          |       |
| address<12>                        | IOB     | OUTPUT    | LVTTL       | 12       | FAST |          |          |       |
| address<13>                        | IOB     | OUTPUT    | LVTTL       | 12       | FAST |          |          |       |
| address<14>                        | IOB     | OUTPUT    | LVTTL       | 12       | FAST |          |          |       |
| address<15>                        | IOB     | OUTPUT    | LVTTL       | 12       | FAST |          |          |       |
| address<16>                        | IOB     | OUTPUT    | LVTTL       | 12       | FAST |          |          |       |
| address<17>                        | IOB     | OUTPUT    | LVTTL       | 12       | FAST |          |          |       |
| address<18>                        | IOB     | OUTPUT    | LVTTL       | 12       | FAST |          |          |       |
| aer_in_ack_l                       | IOB     | OUTPUT    | LVTTL       | 12       | FAST |          |          |       |
| aer_in_data<0>                     | IOB     | INPUT     | LVTTL       |          |      |          |          |       |
| aer_in_data<1>                     | IOB     | INPUT     | LVTTL       |          |      |          |          |       |
| aer_in_data<2>                     | IOB     | INPUT     | LVTTL       |          |      |          |          |       |
| aer_in_data<3>                     | IOB     | INPUT     | LVTTL       |          |      |          |          |       |
| aer_in_data<4>                     | IOB     | INPUT     | LVTTL       |          |      |          |          |       |
| aer_in_data<5>                     | IOB     | INPUT     | LVTTL       |          |      |          |          |       |
| aer_in_data<6>                     | IOB     | INPUT     | LVTTL       |          |      |          |          |       |
| aer_in_data<7>                     | IOB     | INPUT     | LVTTL       |          |      |          |          |       |
| aer_in_data<8>                     | IOB     | INPUT     | LVTTL       |          |      |          |          |       |
| aer_in_data<9>                     | IOB     | INPUT     | LVTTL       |          |      |          |          |       |
| aer_in_data<10>                    | IOB     | INPUT     | LVTTL       |          |      |          |          |       |
| aer_in_data<11>                    | IOB     | INPUT     | LVTTL       |          |      |          |          |       |
| aer_in_data<12>                    | IOB     | INPUT     | LVTTL       |          |      |          |          |       |
| aer_in_data<13>                    | IOB     | INPUT     | LVTTL       |          |      |          |          |       |
| aer_in_data<14>                    | IOB     | INPUT     | LVTTL       |          |      |          |          |       |
| aer_in_data<15>                    | IOB     | INPUT     | LVTTL       |          |      |          |          |       |
| aer_in_req_l                       | IOB     | INPUT     | LVTTL       |          |      | INFF     |          | IFD   |
| aer_out_ack_l                      | IOB     | INPUT     | LVTTL       |          |      | INFF     |          | IFD   |
| aer_out_data<0>                    | IOB     | OUTPUT    | LVTTL       | 12       | FAST |          |          |       |
| aer_out_data<1>                    | IOB     | OUTPUT    | LVTTL       | 12       | FAST |          |          |       |
| aer_out_data<2>                    | IOB     | OUTPUT    | LVTTL       | 12       | FAST |          |          |       |
| aer_out_data<3>                    | IOB     | OUTPUT    | LVTTL       | 12       | FAST |          |          |       |
| aer_out_data<4>                    | IOB     | OUTPUT    | LVTTL       | 12       | FAST |          |          |       |
| aer_out_data<5>                    | IOB     | OUTPUT    | LVTTL       | 12       | FAST |          |          |       |
| aer_out_data<6>                    | IOB     | OUTPUT    | LVTTL       | 12       | FAST |          |          |       |
| aer_out_data<7>                    | IOB     | OUTPUT    | LVTTL       | 12       | FAST |          |          |       |
| aer_out_data<8>                    | IOB     | OUTPUT    | LVTTL       | 12       | FAST |          |          |       |
| aer_out_data<9>                    | IOB     | OUTPUT    | LVTTL       | 12       | FAST |          |          |       |
| aer_out_data<10>                   | IOB     | OUTPUT    | LVTTL       | 12       | FAST |          |          |       |
| aer_out_data<11>                   | IOB     | OUTPUT    | LVTTL       | 12       | FAST |          |          |       |
| aer_out_data<12>                   | IOB     | OUTPUT    | LVTTL       | 12       | FAST |          |          |       |
| aer_out_data<13>                   | IOB     | OUTPUT    | LVTTL       | 12       | FAST |          |          |       |
| aer_out_data<14>                   | IOB     | OUTPUT    | LVTTL       | 12       | FAST |          |          |       |
| aer_out_data<15>                   | IOB     | OUTPUT    | LVTTL       | 12       | FAST |          |          |       |
| aer_out_req_l                      | IOB     | OUTPUT    | LVTTL       | 12       | FAST |          |          |       |
| enable_in_buffers_l                | IOB     | OUTPUT    | LVTTL       | 12       | FAST |          |          |       |
| enable_out_buffers_l               | IOB     | OUTPUT    | LVTTL       | 12       | FAST |          |          |       |
| led<0>                             | IOB     | OUTPUT    | LVTTL       | 12       | FAST |          |          |       |
| led<1>                             | IOB     | OUTPUT    | LVTTL       | 12       | FAST |          |          |       |
| led<2>                             | IOB     | OUTPUT    | LVTTL       | 12       | FAST |          |          |       |
| micro_busy                         | IOB     | OUTPUT    | LVTTL       | 12       | FAST |          |          |       |
| micro_control                      | IOB     | INPUT     | LVTTL       |          |      | INFF     |          | IFD   |
| micro_data<0>                      | IOB     | BIDIR     | LVTTL       | 12       | SLOW |          |          |       |
| micro_data<1>                      | IOB     | BIDIR     | LVTTL       | 12       | SLOW |          |          |       |
| micro_data<2>                      | IOB     | BIDIR     | LVTTL       | 12       | SLOW |          |          |       |
| micro_data<3>                      | IOB     | BIDIR     | LVTTL       | 12       | SLOW |          |          |       |
| micro_data<4>                      | IOB     | BIDIR     | LVTTL       | 12       | SLOW |          |          |       |
| micro_data<5>                      | IOB     | BIDIR     | LVTTL       | 12       | SLOW |          |          |       |
| micro_data<6>                      | IOB     | BIDIR     | LVTTL       | 12       | SLOW |          |          |       |
| micro_data<7>                      | IOB     | BIDIR     | LVTTL       | 12       | SLOW |          |          |       |
| micro_prog                         | IOB     | INPUT     | LVTTL       |          |      | INFF     |          | IFD   |
| micro_rw                           | IOB     | INPUT     | LVTTL       |          |      | INFF     |          | IFD   |
| micro_vdata                        | IOB     | INPUT     | LVTTL       |          |      | INFF     |          | IFD   |
| rst_l                              | IOB     | INPUT     | LVTTL       |          |      |          |          |       |
| sram_data<0>                       | IOB     | BIDIR     | LVTTL       | 12       | FAST |          |          |       |
| sram_data<1>                       | IOB     | BIDIR     | LVTTL       | 12       | FAST |          |          |       |
| sram_data<2>                       | IOB     | BIDIR     | LVTTL       | 12       | FAST |          |          |       |
| sram_data<3>                       | IOB     | BIDIR     | LVTTL       | 12       | FAST |          |          |       |
| sram_data<4>                       | IOB     | BIDIR     | LVTTL       | 12       | FAST |          |          |       |
| sram_data<5>                       | IOB     | BIDIR     | LVTTL       | 12       | FAST |          |          |       |
| sram_data<6>                       | IOB     | BIDIR     | LVTTL       | 12       | FAST |          |          |       |
| sram_data<7>                       | IOB     | BIDIR     | LVTTL       | 12       | FAST |          |          |       |
| sram_data<8>                       | IOB     | BIDIR     | LVTTL       | 12       | FAST |          |          |       |
| sram_data<9>                       | IOB     | BIDIR     | LVTTL       | 12       | FAST |          |          |       |
| sram_data<10>                      | IOB     | BIDIR     | LVTTL       | 12       | FAST |          |          |       |
| sram_data<11>                      | IOB     | BIDIR     | LVTTL       | 12       | FAST |          |          |       |
| sram_data<12>                      | IOB     | BIDIR     | LVTTL       | 12       | FAST |          |          |       |
| sram_data<13>                      | IOB     | BIDIR     | LVTTL       | 12       | FAST |          |          |       |
| sram_data<14>                      | IOB     | BIDIR     | LVTTL       | 12       | FAST |          |          |       |
| sram_data<15>                      | IOB     | BIDIR     | LVTTL       | 12       | FAST |          |          |       |
| sram_data<16>                      | IOB     | BIDIR     | LVTTL       | 12       | FAST |          |          |       |
| sram_data<17>                      | IOB     | BIDIR     | LVTTL       | 12       | FAST | INFF     |          | IFD   |
| sram_data<18>                      | IOB     | BIDIR     | LVTTL       | 12       | FAST | INFF     |          | IFD   |
| sram_data<19>                      | IOB     | BIDIR     | LVTTL       | 12       | FAST | INFF     |          | IFD   |
| sram_data<20>                      | IOB     | BIDIR     | LVTTL       | 12       | FAST | INFF     |          | IFD   |
| sram_data<21>                      | IOB     | BIDIR     | LVTTL       | 12       | FAST | INFF     |          | IFD   |
| sram_data<22>                      | IOB     | BIDIR     | LVTTL       | 12       | FAST | INFF     |          | IFD   |
| sram_data<23>                      | IOB     | BIDIR     | LVTTL       | 12       | FAST | INFF     |          | IFD   |
| sram_data<24>                      | IOB     | BIDIR     | LVTTL       | 12       | FAST |          |          |       |
| sram_data<25>                      | IOB     | BIDIR     | LVTTL       | 12       | FAST |          |          |       |
| sram_data<26>                      | IOB     | BIDIR     | LVTTL       | 12       | FAST |          |          |       |
| sram_data<27>                      | IOB     | BIDIR     | LVTTL       | 12       | FAST |          |          |       |
| sram_data<28>                      | IOB     | BIDIR     | LVTTL       | 12       | FAST |          |          |       |
| sram_data<29>                      | IOB     | BIDIR     | LVTTL       | 12       | FAST |          |          |       |
| sram_data<30>                      | IOB     | BIDIR     | LVTTL       | 12       | FAST |          |          |       |
| sram_data<31>                      | IOB     | BIDIR     | LVTTL       | 12       | FAST |          |          |       |
| sram_oe_l                          | IOB     | OUTPUT    | LVTTL       | 12       | FAST |          |          |       |
| sram_we_l<0>                       | IOB     | OUTPUT    | LVTTL       | 12       | FAST |          |          |       |
| sram_we_l<1>                       | IOB     | OUTPUT    | LVTTL       | 12       | FAST |          |          |       |
| sram_we_l<2>                       | IOB     | OUTPUT    | LVTTL       | 12       | FAST |          |          |       |
| sram_we_l<3>                       | IOB     | OUTPUT    | LVTTL       | 12       | FAST |          |          |       |
+------------------------------------------------------------------------------------------------------------------------+

Section 7 - RPMs
----------------

Section 8 - Guide Report
------------------------
Guide not run on this design.

Section 9 - Area Group and Partition Summary
--------------------------------------------

Partition Implementation Status
-------------------------------

  No Partitions were found in this design.

-------------------------------

Area Group Information
----------------------

  No area groups were found in this design.

----------------------

Section 10 - Modular Design Summary
-----------------------------------
Modular Design not used for this design.

Section 11 - Timing Report
--------------------------
No timing report for this architecture.

Section 12 - Configuration String Details
-----------------------------------------
Use the "-detail" map option to print out Configuration Strings

Section 13 - Control Set Information
------------------------------------
No control set information for this architecture.
