Resource Usage Report
Part: lcmxo2280c-3

Register bits: 397 of 2280 (17%)
Latch bits:      101
PIC Latch:       0
I/O cells:       92

Details:
BB:             13
CCU2:           295
FD1P3BX:        1
FD1P3DX:        193
FD1S1D:         101
FD1S3AX:        4
FD1S3BX:        3
FD1S3DX:        196
GSR:            1
IB:             25
INV:            6
OB:             53
OBZ:            1
ORCALUT4:       404
PFUMX:          4
PUR:            1
VHI:            14
VLO:            12
