com.exe4j.a.d: java.io.FileNotFoundException: C:\Users\tobi\Documents\1-jaercode-1.7svn\trunk\.\.\jAERViewer.exe (The process cannot access the file because it is being used by another process)
	at com.exe4j.a.f.a(ejt:160)
	at com.exe4j.a.f.b(ejt:84)
	at com.exe4j.a.f.d(ejt:64)
	at com.exe4j.c.a.run(ejt:35)
Caused by: java.io.FileNotFoundException: C:\Users\tobi\Documents\1-jaercode-1.7svn\trunk\.\.\jAERViewer.exe (The process cannot access the file because it is being used by another process)
	at java.io.FileOutputStream.open(Native Method)
	at java.io.FileOutputStream.<init>(Unknown Source)
	at java.io.FileOutputStream.<init>(Unknown Source)
	at com.ejt.framework.d.d.a(ejt:128)
	at com.ejt.framework.d.d.a(ejt:119)
	at com.ejt.framework.d.d.a(ejt:111)
	at com.exe4j.a.f.a(ejt:130)
	... 3 more
com.exe4j.a.d: java.io.FileNotFoundException: C:\Users\tobi\Documents\1-jaercode-1.7svn\trunk\.\.\jAERViewer 1.5.exe (The process cannot access the file because it is being used by another process)
	at com.exe4j.a.f.a(ejt:160)
	at com.exe4j.a.f.b(ejt:84)
	at com.exe4j.a.f.d(ejt:64)
	at com.exe4j.c.a.run(ejt:35)
Caused by: java.io.FileNotFoundException: C:\Users\tobi\Documents\1-jaercode-1.7svn\trunk\.\.\jAERViewer 1.5.exe (The process cannot access the file because it is being used by another process)
	at java.io.FileOutputStream.open(Native Method)
	at java.io.FileOutputStream.<init>(Unknown Source)
	at java.io.FileOutputStream.<init>(Unknown Source)
	at com.ejt.framework.d.d.a(ejt:128)
	at com.ejt.framework.d.d.a(ejt:119)
	at com.ejt.framework.d.d.a(ejt:111)
	at com.exe4j.a.f.a(ejt:130)
	... 3 more
