D:\lscc\diamond\2.2_x64\synpbase\bin64\c_vhdl.exe  -osyn  C:\Users\Haza\Documents\jAER\deviceFirmwarePCBLayout\LatticeMachXO\SBret10_2\SBret10\synwork\SBret10_SBret10_hdl_info_gen.srs  -top  USBAER_top_level  -prodtype  synplify_pro  -fixsmult -infer_seqShift -nram -divnmod -encrypt  -pro  -dmgen  C:\Users\Haza\Documents\jAER\deviceFirmwarePCBLayout\LatticeMachXO\SBret10_2\SBret10\dm  -lite -ll 2000   -ui -fid2 -ram -sharing on  -autosm -ignore_undefined_lib  -lib work D:\lscc\diamond\2.2_x64\cae_library\synthesis\vhdl\machxo.vhd -lib work C:\Users\Haza\Documents\jAER\deviceFirmwarePCBLayout\LatticeMachXO\SBret10_2\sourcecode\wordRegister.vhd -lib work C:\Users\Haza\Documents\jAER\deviceFirmwarePCBLayout\LatticeMachXO\SBret10_2\sourcecode\AERfifo.vhd -lib work C:\Users\Haza\Documents\jAER\deviceFirmwarePCBLayout\LatticeMachXO\SBret10_2\sourcecode\clockgen.vhd -lib work C:\Users\Haza\Documents\jAER\deviceFirmwarePCBLayout\LatticeMachXO\SBret10_2\sourcecode\earlyPaketTimer.vhd -lib work C:\Users\Haza\Documents\jAER\deviceFirmwarePCBLayout\LatticeMachXO\SBret10_2\sourcecode\EventBeforeOverflow.vhd -lib work C:\Users\Haza\Documents\jAER\deviceFirmwarePCBLayout\LatticeMachXO\SBret10_2\sourcecode\eventCounter.vhd -lib work C:\Users\Haza\Documents\jAER\deviceFirmwarePCBLayout\LatticeMachXO\SBret10_2\sourcecode\fifoStatemachine.vhd -lib work C:\Users\Haza\Documents\jAER\deviceFirmwarePCBLayout\LatticeMachXO\SBret10_2\sourcecode\monitorStateMachine.vhd -lib work C:\Users\Haza\Documents\jAER\deviceFirmwarePCBLayout\LatticeMachXO\SBret10_2\sourcecode\synchronizerStateMachine.vhd -lib work C:\Users\Haza\Documents\jAER\deviceFirmwarePCBLayout\LatticeMachXO\SBret10_2\sourcecode\timestampCounter.vhd -lib work C:\Users\Haza\Documents\jAER\deviceFirmwarePCBLayout\LatticeMachXO\SBret10_2\sourcecode\USBAER_top_level.vhd -lib work C:\Users\Haza\Documents\jAER\deviceFirmwarePCBLayout\LatticeMachXO\SBret10_2\sourcecode\ADCvalueReady.vhd -lib work C:\Users\Haza\Documents\jAER\deviceFirmwarePCBLayout\LatticeMachXO\SBret10_2\sourcecode\cDVSResetStateMachine.vhd -lib work C:\Users\Haza\Documents\jAER\deviceFirmwarePCBLayout\LatticeMachXO\SBret10_2\sourcecode\shiftRegister.vhd -lib work C:\Users\Haza\Documents\jAER\deviceFirmwarePCBLayout\LatticeMachXO\SBret10_2\ADCStateMachine_tb.vhd -lib work C:\Users\Haza\Documents\jAER\deviceFirmwarePCBLayout\LatticeMachXO\SBret10_2\sourcecode\ADCStateMachine.vhd -loga  C:\Users\Haza\Documents\jAER\deviceFirmwarePCBLayout\LatticeMachXO\SBret10_2\SBret10\syntax.log  -fileorder  C:\Users\Haza\Documents\jAER\deviceFirmwarePCBLayout\LatticeMachXO\SBret10_2\SBret10\syntmp\hdlorder.tcl 
rc:0 success:1
C:\Users\Haza\Documents\jAER\deviceFirmwarePCBLayout\LatticeMachXO\SBret10_2\SBret10\synwork\SBret10_SBret10_hdl_info_gen.srs|o|0|0
D:\lscc\diamond\2.2_x64\cae_library\synthesis\vhdl\machxo.vhd|i|1347621894|65101
C:\Users\Haza\Documents\jAER\deviceFirmwarePCBLayout\LatticeMachXO\SBret10_2\sourcecode\wordRegister.vhd|i|1389091348|2008
C:\Users\Haza\Documents\jAER\deviceFirmwarePCBLayout\LatticeMachXO\SBret10_2\sourcecode\AERfifo.vhd|i|1389091348|11059
C:\Users\Haza\Documents\jAER\deviceFirmwarePCBLayout\LatticeMachXO\SBret10_2\sourcecode\clockgen.vhd|i|1389091348|4055
C:\Users\Haza\Documents\jAER\deviceFirmwarePCBLayout\LatticeMachXO\SBret10_2\sourcecode\earlyPaketTimer.vhd|i|1389091348|2050
C:\Users\Haza\Documents\jAER\deviceFirmwarePCBLayout\LatticeMachXO\SBret10_2\sourcecode\EventBeforeOverflow.vhd|i|1389091348|2315
C:\Users\Haza\Documents\jAER\deviceFirmwarePCBLayout\LatticeMachXO\SBret10_2\sourcecode\eventCounter.vhd|i|1389091348|2228
C:\Users\Haza\Documents\jAER\deviceFirmwarePCBLayout\LatticeMachXO\SBret10_2\sourcecode\fifoStatemachine.vhd|i|1389091348|4568
C:\Users\Haza\Documents\jAER\deviceFirmwarePCBLayout\LatticeMachXO\SBret10_2\sourcecode\monitorStateMachine.vhd|i|1389091348|9902
C:\Users\Haza\Documents\jAER\deviceFirmwarePCBLayout\LatticeMachXO\SBret10_2\sourcecode\synchronizerStateMachine.vhd|i|1393491264|8959
C:\Users\Haza\Documents\jAER\deviceFirmwarePCBLayout\LatticeMachXO\SBret10_2\sourcecode\timestampCounter.vhd|i|1389091348|2383
C:\Users\Haza\Documents\jAER\deviceFirmwarePCBLayout\LatticeMachXO\SBret10_2\sourcecode\USBAER_top_level.vhd|i|1389091348|23376
C:\Users\Haza\Documents\jAER\deviceFirmwarePCBLayout\LatticeMachXO\SBret10_2\sourcecode\ADCvalueReady.vhd|i|1389091348|2602
C:\Users\Haza\Documents\jAER\deviceFirmwarePCBLayout\LatticeMachXO\SBret10_2\sourcecode\cDVSResetStateMachine.vhd|i|1389091348|3520
C:\Users\Haza\Documents\jAER\deviceFirmwarePCBLayout\LatticeMachXO\SBret10_2\sourcecode\shiftRegister.vhd|i|1389091348|2011
C:\Users\Haza\Documents\jAER\deviceFirmwarePCBLayout\LatticeMachXO\SBret10_2\ADCStateMachine_tb.vhd|i|1389091348|5444
C:\Users\Haza\Documents\jAER\deviceFirmwarePCBLayout\LatticeMachXO\SBret10_2\sourcecode\ADCStateMachine.vhd|i|1389091348|13408
C:\Users\Haza\Documents\jAER\deviceFirmwarePCBLayout\LatticeMachXO\SBret10_2\SBret10\syntax.log|o|1394542091|1016
D:\lscc\diamond\2.2_x64\synpbase\bin64\c_vhdl.exe|i|1362997004|5354496
D:\lscc\diamond\2.2_x64\synpbase\bin\c_vhdl.exe|i|1362996992|1897984
