11월 14, 2012 1:40:11 오후 net.sf.jaer.JAERViewer <init>
INFO: java.vm.version=23.5-b02 user.dir=D:\Work\INI\jaer\host\java
11월 14, 2012 1:40:12 오후 net.sf.jaer.graphics.AEViewer <init>
INFO: AEViewer starting up...
11월 14, 2012 1:40:12 오후 net.sf.jaer.graphics.AEViewer <init>
INFO: AEChip class name is ch.unizh.ini.jaer.chip.retina.DVS128
11월 14, 2012 1:40:35 오후 net.sf.jaer.hardwareinterface.serial.eDVS128.eDVS128_InterfaceFactory focusLast
INFO: focused on doCloseCancel
11월 14, 2012 1:40:36 오후 net.sf.jaer.graphics.AEViewer getChipClassPrefs
WARNING: building list of all AEChip classses - this takes some time. To reduce startup time, use AEChip/Customize to specify desired classes
java.lang.UnsatisfiedLinkError: D:\Work\INI\jaer\host\java\jars\win32\jinput-wintab.dll: Can't find dependent libraries
	at java.lang.ClassLoader$NativeLibrary.load(Native Method)
	at java.lang.ClassLoader.loadLibrary1(Unknown Source)
	at java.lang.ClassLoader.loadLibrary0(Unknown Source)
	at java.lang.ClassLoader.loadLibrary(Unknown Source)
	at java.lang.Runtime.loadLibrary0(Unknown Source)
	at java.lang.System.loadLibrary(Unknown Source)
	at net.java.games.input.WinTabEnvironmentPlugin$1.run(WinTabEnvironmentPlugin.java:55)
	at java.security.AccessController.doPrivileged(Native Method)
	at net.java.games.input.WinTabEnvironmentPlugin.loadLibrary(WinTabEnvironmentPlugin.java:47)
	at net.java.games.input.WinTabEnvironmentPlugin.<clinit>(WinTabEnvironmentPlugin.java:86)
	at java.lang.Class.forName0(Native Method)
	at java.lang.Class.forName(Unknown Source)
	at net.sf.jaer.util.SubclassFinder$FastClassFinder.forName(SubclassFinder.java:47)
	at net.sf.jaer.util.SubclassFinder$FastClassFinder.access$100(SubclassFinder.java:39)
	at net.sf.jaer.util.SubclassFinder.findSubclassesOf(SubclassFinder.java:200)
	at net.sf.jaer.util.SubclassFinder.findSubclassesOf(SubclassFinder.java:69)
	at net.sf.jaer.graphics.AEViewer.makeDefaultChipClassNames(AEViewer.java:787)
	at net.sf.jaer.graphics.AEViewer.getChipClassPrefs(AEViewer.java:778)
	at net.sf.jaer.graphics.AEViewer.buildDeviceMenu(AEViewer.java:830)
	at net.sf.jaer.graphics.AEViewer.<init>(AEViewer.java:611)
	at net.sf.jaer.JAERViewer$RunningThread.run(JAERViewer.java:216)
	at java.awt.event.InvocationEvent.dispatch(Unknown Source)
	at java.awt.EventQueue.dispatchEventImpl(Unknown Source)
	at java.awt.EventQueue.access$200(Unknown Source)
	at java.awt.EventQueue$3.run(Unknown Source)
	at java.awt.EventQueue$3.run(Unknown Source)
	at java.security.AccessController.doPrivileged(Native Method)
	at java.security.ProtectionDomain$1.doIntersectionPrivilege(Unknown Source)
	at java.awt.EventQueue.dispatchEvent(Unknown Source)
	at java.awt.EventDispatchThread.pumpOneEventForFilters(Unknown Source)
	at java.awt.EventDispatchThread.pumpEventsForFilter(Unknown Source)
	at java.awt.EventDispatchThread.pumpEventsForHierarchy(Unknown Source)
	at java.awt.EventDispatchThread.pumpEvents(Unknown Source)
	at java.awt.EventDispatchThread.pumpEvents(Unknown Source)
	at java.awt.EventDispatchThread.run(Unknown Source)
11월 14, 2012 1:40:37 오후 net.sf.jaer.util.SubclassFinder findSubclassesOf
WARNING: ERROR: java.lang.NoClassDefFoundError: org/apache/tools/ant/Task while seeing if class net.sf.jaer.chip.AEChip isAssignableFrom class com.kitfox.svg.app.VersionDialog
11월 14, 2012 1:40:40 오후 net.sf.jaer.util.SubclassFinder findSubclassesOf
WARNING: ERROR: java.lang.NoClassDefFoundError: jspikestack/ControlPanel while seeing if class net.sf.jaer.chip.AEChip isAssignableFrom class ch.unizh.ini.jaer.projects.neuralnets.AERProcessor
11월 14, 2012 1:40:40 오후 net.sf.jaer.util.SubclassFinder findSubclassesOf
WARNING: ERROR: java.lang.NoClassDefFoundError: jspikestack/ControlPanel while seeing if class net.sf.jaer.chip.AEChip isAssignableFrom class ch.unizh.ini.jaer.projects.neuralnets.AERProcessor
11월 14, 2012 1:40:40 오후 net.sf.jaer.util.SubclassFinder findSubclassesOf
WARNING: ERROR: java.lang.NoClassDefFoundError: jspikestack/ControlPanel while seeing if class net.sf.jaer.chip.AEChip isAssignableFrom class ch.unizh.ini.jaer.projects.neuralnets.ISIMapper
11월 14, 2012 1:40:40 오후 net.sf.jaer.util.SubclassFinder findSubclassesOf
WARNING: ERROR: java.lang.NoClassDefFoundError: jspikestack/ControlPanel while seeing if class net.sf.jaer.chip.AEChip isAssignableFrom class ch.unizh.ini.jaer.projects.neuralnets.ISIMapper
11월 14, 2012 1:40:40 오후 net.sf.jaer.util.SubclassFinder findSubclassesOf
WARNING: ERROR: java.lang.NoClassDefFoundError: jspikestack/ControlPanel while seeing if class net.sf.jaer.chip.AEChip isAssignableFrom class ch.unizh.ini.jaer.projects.neuralnets.NetworkList
11월 14, 2012 1:40:40 오후 net.sf.jaer.util.SubclassFinder findSubclassesOf
WARNING: ERROR: java.lang.NoClassDefFoundError: jspikestack/ControlPanel while seeing if class net.sf.jaer.chip.AEChip isAssignableFrom class ch.unizh.ini.jaer.projects.neuralnets.NetworkList
11월 14, 2012 1:40:40 오후 net.sf.jaer.util.SubclassFinder findSubclassesOf
WARNING: ERROR: java.lang.NoClassDefFoundError: jspikestack/ControlPanel while seeing if class net.sf.jaer.chip.AEChip isAssignableFrom class ch.unizh.ini.jaer.projects.neuralnets.SampleMultiSensoryFilter
11월 14, 2012 1:40:40 오후 net.sf.jaer.util.SubclassFinder findSubclassesOf
WARNING: ERROR: java.lang.NoClassDefFoundError: jspikestack/KernelMaker2D$Computable while seeing if class net.sf.jaer.chip.AEChip isAssignableFrom class ch.unizh.ini.jaer.projects.neuralnets.SampleMultiSensoryFilter
11월 14, 2012 1:40:40 오후 net.sf.jaer.util.SubclassFinder findSubclassesOf
WARNING: ERROR: java.lang.NoClassDefFoundError: jspikestack/ControlPanel while seeing if class net.sf.jaer.chip.AEChip isAssignableFrom class ch.unizh.ini.jaer.projects.neuralnets.SampleMultiSensoryFilter
11월 14, 2012 1:40:40 오후 net.sf.jaer.util.SubclassFinder findSubclassesOf
WARNING: ERROR: java.lang.NoClassDefFoundError: jspikestack/PSP while seeing if class net.sf.jaer.chip.AEChip isAssignableFrom class ch.unizh.ini.jaer.projects.neuralnets.SpikeStackArrayFilter
11월 14, 2012 1:40:42 오후 net.sf.jaer.util.RemoteControl <init>
INFO: Constructed RemoteControl on port=8995
11월 14, 2012 1:40:42 오후 net.sf.jaer.chip.Chip <init>
INFO: Created RemoteControl on port=8995 for control of DVS128 sizeX=0 sizeY=0 eventClass=null
11월 14, 2012 1:40:43 오후 net.sf.jaer.graphics.ChipCanvas setDisplayMethod
INFO: no menu item for display method net.sf.jaer.graphics.ChipRendererDisplayMethod@d14d8c cannot set it as the selected display method in the menu
11월 14, 2012 1:40:43 오후 net.sf.jaer.chip.AEChip onRegistration
INFO: registering DVS128 sizeX=128 sizeY=128 eventClass=PolarityEvent
11월 14, 2012 1:40:44 오후 net.sf.jaer.util.RemoteControl <init>
INFO: Constructed RemoteControl on port=8997
11월 14, 2012 1:40:44 오후 net.sf.jaer.graphics.AEViewer$ViewLoop run
INFO: sleeping until isVisible()==true
11월 14, 2012 1:40:44 오후 net.sf.jaer.graphics.AEViewer <init>
INFO: created RemoteControl on port=8997 for remote control of some AEViewer functions
11월 14, 2012 1:40:44 오후 net.sf.jaer.eventio.AEServerSocket run
INFO: bound AEServerSocket on port=8990
11월 14, 2012 1:40:45 오후 net.sf.jaer.graphics.AEViewer$ViewLoop run
INFO: sleeping until isVisible()==true
11월 14, 2012 1:40:46 오후 net.sf.jaer.graphics.AEViewer openHardwareIfNonambiguous
INFO: setting hardware interface for unambiguous device to DVS128-V1  129
11월 14, 2012 1:40:46 오후 net.sf.jaer.hardwareinterface.usb.cypressfx2.CypressFX2 acquireDevice
INFO: DVS128-V1  129 acquiring device for exclusive access
11월 14, 2012 1:40:47 오후 net.sf.jaer.hardwareinterface.usb.cypressfx2.CypressFX2DVS128HardwareInterface setSyncEventEnabled
INFO: setting true
11월 14, 2012 1:40:47 오후 net.sf.jaer.graphics.AEViewer setPlayMode
INFO: Changing PlayMode from WAITING to LIVE
11월 14, 2012 1:40:47 오후 net.sf.jaer.hardwareinterface.usb.cypressfx2.CypressFX2$AEReader resetTimestamps
INFO: DVS128-V1  129: wrapAdd=0, zeroing it
11월 14, 2012 1:40:47 오후 net.sf.jaer.hardwareinterface.usb.cypressfx2.CypressFX2DVS128HardwareInterface$RetinaAEReader translateEvents
INFO: AEReader for DVS128-V1  129.translateEvents got reset event from hardware, timestamp 0
11월 14, 2012 1:40:47 오후 net.sf.jaer.event.EventPacket enlargeCapacity
INFO: enlarging capacity of EventPacket #11882787 holding PolarityEvent with size=4096 capacity=4096
11월 14, 2012 1:40:47 오후 net.sf.jaer.event.EventPacket enlargeCapacity
INFO: enlarging capacity of EventPacket #11882787 holding PolarityEvent with size=8192 capacity=8192
11월 14, 2012 1:40:47 오후 net.sf.jaer.event.EventPacket enlargeCapacity
INFO: enlarging capacity of EventPacket #11882787 holding PolarityEvent with size=16384 capacity=16384
11월 14, 2012 1:40:48 오후 net.sf.jaer.graphics.ChipCanvas init
INFO: OpenGL implementation is: com.sun.opengl.impl.GLImpl
GL_VENDOR: Intel
GL_RENDERER: Intel(R) HD Graphics Family
GL_VERSION: 3.0.0 - Build 8.15.10.2253
11월 14, 2012 1:41:25 오후 net.sf.jaer.graphics.AEViewer formWindowClosing
INFO: window closing
11월 14, 2012 1:41:25 오후 net.sf.jaer.graphics.AEViewer cleanup
INFO: closing DVS128-V1  129
11월 14, 2012 1:41:25 오후 net.sf.jaer.graphics.AEViewer$ViewLoop run
INFO: AEViewer.run() ending: stop=true isInterrupted=false
11월 14, 2012 1:41:25 오후 net.sf.jaer.graphics.AEViewer cleanup
INFO: closing AEServerSocket on port=8990
11월 14, 2012 1:41:25 오후 net.sf.jaer.hardwareinterface.usb.cypressfx2.CypressFX2 disableINEndpoint
INFO: disableINEndpoint: couldn't send vendor request to disable IN transfers--it could be that device is gone or sendor is OFF and and completing GPIF cycle
11월 14, 2012 1:41:25 오후 net.sf.jaer.eventio.AEServerSocket close
INFO: closing AEServerSocket thread
11월 14, 2012 1:41:25 오후 net.sf.jaer.eventio.AEServerSocket run
INFO: socket closed gracefully? caught java.net.SocketException: socket closed
11월 14, 2012 1:41:25 오후 net.sf.jaer.eventio.AEServerSocket close
INFO: closed server socket
11월 14, 2012 1:41:25 오후 net.sf.jaer.graphics.AEViewer formWindowClosing
INFO: window closing event, only 1 viewer, calling System.exit
