Running in Lattice mode


Starting:    C:\Program Files (x86)\Lattice\diamond\2.1_x64\synpbase\win64\mbin\synbatch.exe
Install:     C:\Program Files (x86)\Lattice\diamond\2.1_x64\synpbase
Date:        Mon Feb 25 15:15:53 2013
Version:     G-2012.09L-1 

Arguments:   -product synplify_pro  -batch SeeBetter30_SeeBetter30_synplify.tcl
ProductType: synplify_pro






Warning: File already exists in project: "C:\Users\Minhao\Documents\jaer\deviceFirmwarePCBLayout\LatticeMachXO\SeeBetter30\sourcecode\AERfifo.vhd"

Warning: File already exists in project: "C:\Users\Minhao\Documents\jaer\deviceFirmwarePCBLayout\LatticeMachXO\SeeBetter30\sourcecode\clockgen.vhd"

log file: "C:\Users\Minhao\Documents\jaer\deviceFirmwarePCBLayout\LatticeMachXO\SeeBetter30\SeeBetter30\SeeBetter30_SeeBetter30.srf"


Generating HDL info...

hdl_info_gen Completed
Return Code: 0
Run Time:0h:00m:01s


log file: "C:\Users\Minhao\Documents\jaer\deviceFirmwarePCBLayout\LatticeMachXO\SeeBetter30\SeeBetter30\SeeBetter30_SeeBetter30.srf"


Running proj_1|SeeBetter30

Running Compile on proj_1|SeeBetter30

Running Compile Process on proj_1|SeeBetter30

Running Compile Input on proj_1|SeeBetter30

Copied C:\Users\Minhao\Documents\jaer\deviceFirmwarePCBLayout\LatticeMachXO\SeeBetter30\SeeBetter30\synwork\SeeBetter30_SeeBetter30_compiler.srs to C:\Users\Minhao\Documents\jaer\deviceFirmwarePCBLayout\LatticeMachXO\SeeBetter30\SeeBetter30\SeeBetter30_SeeBetter30.srs

compiler Completed
Return Code: 0
Run Time:0h:00m:03s


Job Compile Process completed on proj_1|SeeBetter30

Running Premap on proj_1|SeeBetter30

premap Completed with warnings
Return Code: 1
Run Time:0h:00m:01s


Job Compile completed on proj_1|SeeBetter30

Running Map on proj_1|SeeBetter30

Running Map & Optimize on proj_1|SeeBetter30

fpga_mapper Completed with warnings
Return Code: 1
Run Time:0h:00m:06s


Job Map completed on proj_1|SeeBetter30

Job Logic Synthesis completed on proj_1|SeeBetter30

TCL script complete: "SeeBetter30_SeeBetter30_synplify.tcl"

exit status=0


