acom -work work -2002  $dsn/../sourcecode/ADCvalueReady.vhd $dsn/../ADCStateMachine_tb.vhd $dsn/src/ADCStateMachineABC.vhd
# Compile...
# Warning: DAGGEN_0523: The source is compiled without the -dbg switch. Line breakpoints, code coverage, and assertion debug will not be available.
# File: c:\PROJ\jAER\deviceFirmwarePCBLayout\LatticeMachXO\SeeBetter20\sourcecode\ADCvalueReady.vhd
# Compile Entity "ADCvalueReady"
# Compile Architecture "Behavioral" of Entity "ADCvalueReady"
# File: c:\PROJ\jAER\deviceFirmwarePCBLayout\LatticeMachXO\SeeBetter20\ADCStateMachine_tb.vhd
# Compile Entity "ADCStateMachine_tb"
# Compile Architecture "Behavioural" of Entity "ADCStateMachine_tb"
# Warning: ELAB1_0026: ADCStateMachine_tb.vhd : (122, 0): There is no default binding for component "ADCStateMachineABC".(Port "ExposurexDI" is not on the entity).
# File: c:\PROJ\jAER\deviceFirmwarePCBLayout\LatticeMachXO\SeeBetter20\ADCStateMachine\src\ADCStateMachineABC.vhd
# Compile Entity "ADCStateMachineABC"
# Compile Architecture "Behavioral" of Entity "ADCStateMachineABC"
# Compile success 0 Errors 1 Warnings  Analysis time :  0.1 [s]
# ELBREAD: Elaboration process.
# ELBREAD: Warning: Component ADCStateMachine_1 : ADCStateMachineABC not bound.
# ELBREAD: Elaboration time 0.2 [s].
# ELBREAD: Elaboration process.
# ELBREAD: Warning: Component ADCStateMachine_1 : ADCStateMachineABC not bound.
# ELBREAD: Elaboration time 0.2 [s].
asim -L ovi_machxo -PL pmi_work +access +r adcstatemachine_tb behavioural
# ELBREAD: Elaboration process.
# ELBREAD: Warning: Component ADCStateMachine_1 : ADCStateMachineABC not bound.
# ELBREAD: Elaboration time 0.2 [s].
# asim: Stack memory: 32MB
# asim: Retval memory: 32MB
# KERNEL: Main thread initiated.
# KERNEL: Kernel process initialization phase.
# KERNEL: Time resolution set to 1ps.
# ELAB2: Elaboration final pass...
# ELAB2: Create instances ...
# ELAB2: Create instances complete.
# ELAB2: You do not have a license to run VHDL performance optimized simulation. Contact Aldec for ordering information - sales@aldec.com.
# ELAB2: Elaboration final pass complete - time: 0.0 [s].
# KERNEL: Warning: You are using the Active-HDL Lattice Edition. The performance of simulation is running at a reduced rate.
# KERNEL: Warning: Contact Aldec for available upgrade options - sales@aldec.com.
# KERNEL: Kernel process initialization done.
# Allocation: Simulator allocated 2128 kB (elbread=1023 elab2=758 kernel=346 sdf=0)
#  3:41 PM, Wednesday, June 27, 2012
#  Simulation has been initialized
#  Selected Top-Level: adcstatemachine_tb (behavioural)
run @1us
# KERNEL: stopped at time: 1 us
# add wave -noreg {/IfClockxC}
# add wave -noreg {/ADCclockxC}
# add wave -noreg {/ResetxRB}
# add wave -noreg {/ADCwordxD}
# add wave -noreg {/ADCdataxD}
# add wave -noreg {/ADCwritexEB}
# add wave -noreg {/ADCreadxEB}
# add wave -noreg {/ADCconvstxEB}
# add wave -noreg {/ADCbusyxS}
# add wave -noreg {/RegisterWritexE}
# add wave -noreg {/SRLatchxE}
# add wave -noreg {/RunADCxS}
# add wave -noreg {/RunADConxS}
# add wave -noreg {/RunADCoffxS}
# add wave -noreg {/ADCconfigxD}
# add wave -noreg {/ExposurexD}
# add wave -noreg {/ColSettlexD}
# add wave -noreg {/RowSettlexD}
# add wave -noreg {/ResSettlexD}
# add wave -noreg {/FramePeriodxD}
# add wave -noreg {/TestPixelxE}
# add wave -noreg {/CDVSTestSRRowInxS}
# add wave -noreg {/CDVSTestSRRowClockxS}
# add wave -noreg {/CDVSTestSRColInxS}
# add wave -noreg {/CDVSTestSRColClockxS}
# add wave -noreg {/CDVSTestColMode0xS}
# add wave -noreg {/CDVSTestColMode1xS}
# add wave -noreg {/ADCStateOutputLEDxS}
acom -work work -2002  $dsn/../sourcecode/ADCvalueReady.vhd $dsn/../ADCStateMachine_tb.vhd $dsn/src/ADCStateMachineABC.vhd $dsn/src/ADCStateMachineA.vhd
# Compile...
# Warning: DAGGEN_0523: The source is compiled without the -dbg switch. Line breakpoints, code coverage, and assertion debug will not be available.
# File: c:\PROJ\jAER\deviceFirmwarePCBLayout\LatticeMachXO\SeeBetter20\sourcecode\ADCvalueReady.vhd
# Compile Entity "ADCvalueReady"
# Compile Architecture "Behavioral" of Entity "ADCvalueReady"
# File: c:\PROJ\jAER\deviceFirmwarePCBLayout\LatticeMachXO\SeeBetter20\ADCStateMachine_tb.vhd
# Compile Entity "ADCStateMachine_tb"
# Compile Architecture "Behavioural" of Entity "ADCStateMachine_tb"
# Warning: ELAB1_0026: ADCStateMachine_tb.vhd : (122, 0): There is no default binding for component "ADCStateMachineABC".(Port "ExposurexDI" is not on the entity).
# File: c:\PROJ\jAER\deviceFirmwarePCBLayout\LatticeMachXO\SeeBetter20\ADCStateMachine\src\ADCStateMachineABC.vhd
# Compile Entity "ADCStateMachineABC"
# Compile Architecture "Behavioral" of Entity "ADCStateMachineABC"
# File: c:\PROJ\jAER\deviceFirmwarePCBLayout\LatticeMachXO\SeeBetter20\ADCStateMachine\src\ADCStateMachineA.vhd
# Compile Entity "ADCStateMachineA"
# Compile Architecture "Behavioral" of Entity "ADCStateMachineA"
# Compile success 0 Errors 1 Warnings  Analysis time :  0.1 [s]
endsim
#  Simulation has been stopped
asim -L ovi_machxo -PL pmi_work +access +r adcstatemachine_tb behavioural
# ELBREAD: Elaboration process.
# ELBREAD: Warning: Component ADCStateMachine_1 : ADCStateMachineABC not bound.
# ELBREAD: Elaboration time 0.2 [s].
# asim: Stack memory: 32MB
# asim: Retval memory: 32MB
# KERNEL: Main thread initiated.
# KERNEL: Kernel process initialization phase.
# KERNEL: Time resolution set to 1ps.
# ELAB2: Elaboration final pass...
# ELAB2: Create instances ...
# ELAB2: Create instances complete.
# ELAB2: You do not have a license to run VHDL performance optimized simulation. Contact Aldec for ordering information - sales@aldec.com.
# ELAB2: Elaboration final pass complete - time: 0.0 [s].
# KERNEL: Warning: You are using the Active-HDL Lattice Edition. The performance of simulation is running at a reduced rate.
# KERNEL: Warning: Contact Aldec for available upgrade options - sales@aldec.com.
# KERNEL: Kernel process initialization done.
# Allocation: Simulator allocated 2128 kB (elbread=1023 elab2=758 kernel=346 sdf=0)
#  3:42 PM, Wednesday, June 27, 2012
#  Simulation has been initialized
#  Selected Top-Level: adcstatemachine_tb (behavioural)
run @1us
# KERNEL: stopped at time: 1 us
#  Simulation has been stopped
acom -reorder -work adcstatemachine -2002  $dsn/../ADCStateMachine_tb.vhd
# Compile with File Reorder...
# Warning: DAGGEN_0523: The source is compiled without the -dbg switch. Line breakpoints, code coverage, and assertion debug will not be available.
# File: c:\PROJ\jAER\deviceFirmwarePCBLayout\LatticeMachXO\SeeBetter20\ADCStateMachine_tb.vhd
# Compile Entity "ADCStateMachine_tb"
# Compile Architecture "Behavioural" of Entity "ADCStateMachine_tb"
# Top-level unit(s) detected:
# Entity => ADCStateMachine_tb
# Compile success 0 Errors 0 Warnings  Analysis time :  0.1 [s]
# ELBREAD: Elaboration process.
# ELBREAD: Warning: Component ADCStateMachine_1 : ADCStateMachineABC not bound.
# ELBREAD: Elaboration time 0.2 [s].
acom -work adcstatemachine -2002  $dsn/../sourcecode/ADCvalueReady.vhd $dsn/../ADCStateMachine_tb.vhd $dsn/src/ADCStateMachineABC.vhd $dsn/src/ADCStateMachineA.vhd
# Compile...
# Warning: DAGGEN_0523: The source is compiled without the -dbg switch. Line breakpoints, code coverage, and assertion debug will not be available.
# File: c:\PROJ\jAER\deviceFirmwarePCBLayout\LatticeMachXO\SeeBetter20\sourcecode\ADCvalueReady.vhd
# Compile Entity "ADCvalueReady"
# Compile Architecture "Behavioral" of Entity "ADCvalueReady"
# File: c:\PROJ\jAER\deviceFirmwarePCBLayout\LatticeMachXO\SeeBetter20\ADCStateMachine_tb.vhd
# Compile Entity "ADCStateMachine_tb"
# Compile Architecture "Behavioural" of Entity "ADCStateMachine_tb"
# Warning: ELAB1_0026: ADCStateMachine_tb.vhd : (122, 0): There is no default binding for component "ADCStateMachineABC".(No entity named "ADCStateMachineABC" was found).
# File: c:\PROJ\jAER\deviceFirmwarePCBLayout\LatticeMachXO\SeeBetter20\ADCStateMachine\src\ADCStateMachineABC.vhd
# Compile Entity "ADCStateMachineABC"
# Compile Architecture "Behavioral" of Entity "ADCStateMachineABC"
# File: c:\PROJ\jAER\deviceFirmwarePCBLayout\LatticeMachXO\SeeBetter20\ADCStateMachine\src\ADCStateMachineA.vhd
# Compile Entity "ADCStateMachineA"
# Compile Architecture "Behavioral" of Entity "ADCStateMachineA"
# Compile success 0 Errors 1 Warnings  Analysis time :  0.1 [s]
# Design: Design "ADCStateMachine" has been set as active.
# Design: Design "ADCStateMachine" has been set as active.
# Design: Design "ADCStateMachine" has been set as active.
# ELBREAD: Elaboration process.
# ELBREAD: Warning: Component ADCStateMachine_1 : ADCStateMachineABC not bound.
# ELBREAD: Elaboration time 0.2 [s].
# ELBREAD: Elaboration process.
# ELBREAD: Warning: Component ADCStateMachine_1 : ADCStateMachineABC not bound.
# ELBREAD: Elaboration time 0.2 [s].
asim -L ovi_machxo -PL pmi_work +access +r adcstatemachine_tb behavioural
# ELBREAD: Elaboration process.
# ELBREAD: Warning: Component ADCStateMachine_1 : ADCStateMachineABC not bound.
# ELBREAD: Elaboration time 0.2 [s].
# asim: Stack memory: 32MB
# asim: Retval memory: 32MB
# KERNEL: Main thread initiated.
# KERNEL: Kernel process initialization phase.
# KERNEL: Time resolution set to 1ps.
# ELAB2: Elaboration final pass...
# ELAB2: Create instances ...
# ELAB2: Create instances complete.
# ELAB2: You do not have a license to run VHDL performance optimized simulation. Contact Aldec for ordering information - sales@aldec.com.
# ELAB2: Elaboration final pass complete - time: 0.0 [s].
# KERNEL: Warning: You are using the Active-HDL Lattice Edition. The performance of simulation is running at a reduced rate.
# KERNEL: Warning: Contact Aldec for available upgrade options - sales@aldec.com.
# KERNEL: Kernel process initialization done.
# Allocation: Simulator allocated 2128 kB (elbread=1023 elab2=758 kernel=346 sdf=0)
#  3:44 PM, Wednesday, June 27, 2012
#  Simulation has been initialized
#  Selected Top-Level: adcstatemachine_tb (behavioural)
run @1us
# KERNEL: stopped at time: 1 us
#  Simulation has been stopped
