C:\lscc\diamond\3.2_x64\synpbase\bin64\c_vhdl.exe  -osyn  E:\deviceFirmwarePCBLayout\LatticeMachXO\SBret10_2\SBret10\synwork\SBret10_SBret10_comp.srs  -top  USBAER_top_level  -prodtype  synplify_pro  -fixsmult -infer_seqShift -nram -divnmod -encrypt  -pro  -dmgen  E:\deviceFirmwarePCBLayout\LatticeMachXO\SBret10_2\SBret10\dm  -lite   -ui -fid2 -ram -sharing on  -ll 2000 -autosm -ignore_undefined_lib  -lib work C:\lscc\diamond\3.2_x64\cae_library\synthesis\vhdl\machxo.vhd -lib work E:\deviceFirmwarePCBLayout\LatticeMachXO\SBret10_2\sourcecode\wordRegister.vhd -lib work E:\deviceFirmwarePCBLayout\LatticeMachXO\SBret10_2\sourcecode\earlyPaketTimer.vhd -lib work E:\deviceFirmwarePCBLayout\LatticeMachXO\SBret10_2\sourcecode\EventBeforeOverflow.vhd -lib work E:\deviceFirmwarePCBLayout\LatticeMachXO\SBret10_2\sourcecode\eventCounter.vhd -lib work E:\deviceFirmwarePCBLayout\LatticeMachXO\SBret10_2\sourcecode\fifoStatemachine.vhd -lib work E:\deviceFirmwarePCBLayout\LatticeMachXO\SBret10_2\sourcecode\monitorStateMachine.vhd -lib work E:\deviceFirmwarePCBLayout\LatticeMachXO\SBret10_2\sourcecode\synchronizerStateMachine.vhd -lib work E:\deviceFirmwarePCBLayout\LatticeMachXO\SBret10_2\sourcecode\timestampCounter.vhd -lib work E:\deviceFirmwarePCBLayout\LatticeMachXO\SBret10_2\sourcecode\ADCvalueReady.vhd -lib work E:\deviceFirmwarePCBLayout\LatticeMachXO\SBret10_2\sourcecode\cDVSResetStateMachine.vhd -lib work E:\deviceFirmwarePCBLayout\LatticeMachXO\SBret10_2\sourcecode\shiftRegister.vhd -lib work E:\deviceFirmwarePCBLayout\LatticeMachXO\SBret10_2\sourcecode\ADCStateMachine.vhd -lib work E:\deviceFirmwarePCBLayout\LatticeMachXO\SBret10_2\sourcecode\AERfifo.vhd -lib work E:\deviceFirmwarePCBLayout\LatticeMachXO\SBret10_2\sourcecode\clockgen.vhd -lib work E:\deviceFirmwarePCBLayout\LatticeMachXO\SBret10_2\sourcecode\USBAER_top_level.vhd -lib work E:\deviceFirmwarePCBLayout\LatticeMachXO\SBret10_2\ADCStateMachine_tb.vhd -loga  E:\deviceFirmwarePCBLayout\LatticeMachXO\SBret10_2\SBret10\SBret10_SBret10.srr 
rc:0 success:1
E:\deviceFirmwarePCBLayout\LatticeMachXO\SBret10_2\SBret10\synwork\SBret10_SBret10_comp.srs|o|1404815112|47484
C:\lscc\diamond\3.2_x64\cae_library\synthesis\vhdl\machxo.vhd|i|1376992808|63290
E:\deviceFirmwarePCBLayout\LatticeMachXO\SBret10_2\sourcecode\wordRegister.vhd|i|1389094948|2008
E:\deviceFirmwarePCBLayout\LatticeMachXO\SBret10_2\sourcecode\earlyPaketTimer.vhd|i|1389094948|2050
E:\deviceFirmwarePCBLayout\LatticeMachXO\SBret10_2\sourcecode\EventBeforeOverflow.vhd|i|1389094948|2315
E:\deviceFirmwarePCBLayout\LatticeMachXO\SBret10_2\sourcecode\eventCounter.vhd|i|1389094948|2228
E:\deviceFirmwarePCBLayout\LatticeMachXO\SBret10_2\sourcecode\fifoStatemachine.vhd|i|1389094948|4568
E:\deviceFirmwarePCBLayout\LatticeMachXO\SBret10_2\sourcecode\monitorStateMachine.vhd|i|1398160158|9902
E:\deviceFirmwarePCBLayout\LatticeMachXO\SBret10_2\sourcecode\synchronizerStateMachine.vhd|i|1400775018|8959
E:\deviceFirmwarePCBLayout\LatticeMachXO\SBret10_2\sourcecode\timestampCounter.vhd|i|1389094948|2383
E:\deviceFirmwarePCBLayout\LatticeMachXO\SBret10_2\sourcecode\ADCvalueReady.vhd|i|1389094948|2602
E:\deviceFirmwarePCBLayout\LatticeMachXO\SBret10_2\sourcecode\cDVSResetStateMachine.vhd|i|1389094948|3520
E:\deviceFirmwarePCBLayout\LatticeMachXO\SBret10_2\sourcecode\shiftRegister.vhd|i|1389094948|2011
E:\deviceFirmwarePCBLayout\LatticeMachXO\SBret10_2\sourcecode\ADCStateMachine.vhd|i|1398160158|13408
E:\deviceFirmwarePCBLayout\LatticeMachXO\SBret10_2\sourcecode\AERfifo.vhd|i|1389094948|11059
E:\deviceFirmwarePCBLayout\LatticeMachXO\SBret10_2\sourcecode\clockgen.vhd|i|1389094948|4055
E:\deviceFirmwarePCBLayout\LatticeMachXO\SBret10_2\sourcecode\USBAER_top_level.vhd|i|1398160158|23376
E:\deviceFirmwarePCBLayout\LatticeMachXO\SBret10_2\ADCStateMachine_tb.vhd|i|1389094948|5444
E:\deviceFirmwarePCBLayout\LatticeMachXO\SBret10_2\SBret10\SBret10_SBret10.srr|o|1404815112|10804
C:\lscc\diamond\3.2_x64\synpbase\bin64\c_vhdl.exe|i|1397599346|5463552
C:\lscc\diamond\3.2_x64\synpbase\bin\c_vhdl.exe|i|1397599144|1982464
