C:\lscc\diamond\3.2_x64\synpbase\bin64\c_vhdl.exe  -osyn  E:\JAER_SVN\devices\logic\LatticeECP3\SeeBetterLogic\FX3_OMC\SeeBetterLogic_FX3\synwork\SeeBetterLogic_FX3_SeeBetterLogic_FX3_comp.srs  -top  TopLevel  -prodtype  synplify_pro  -dspmac -fixsmult -infer_seqShift -nram -divnmod -encrypt  -pro  -dmgen  E:\JAER_SVN\devices\logic\LatticeECP3\SeeBetterLogic\FX3_OMC\SeeBetterLogic_FX3\dm  -lite   -ui -fid2 -ram -sharing on  -ll 2000 -autosm -vhdl2008  -ignore_undefined_lib  -lib work C:\lscc\diamond\3.2_x64\cae_library\synthesis\vhdl\ecp3.vhd -lib work C:\lscc\diamond\3.2_x64\cae_library\synthesis\vhdl\pmi_def.vhd -lib work E:\JAER_SVN\devices\logic\LatticeECP3\SeeBetterLogic\FX3_OMC\..\common-source\ext\FIFORecords.vhd -lib work E:\JAER_SVN\devices\logic\LatticeECP3\SeeBetterLogic\FX3_OMC\..\common-source\support\DFFSynchronizer.vhd -lib work E:\JAER_SVN\devices\logic\LatticeECP3\SeeBetterLogic\FX3_OMC\..\common-source\support\ResetSynchronizer.vhd -lib work E:\JAER_SVN\devices\logic\LatticeECP3\SeeBetterLogic\FX3_OMC\..\common-source\support\SimpleRegister.vhd -lib work E:\JAER_SVN\devices\logic\LatticeECP3\SeeBetterLogic\FX3_OMC\..\common-source\support\BufferClear.vhd -lib work E:\JAER_SVN\devices\logic\LatticeECP3\SeeBetterLogic\FX3_OMC\..\common-source\support\ContinuousCounter.vhd -lib work E:\JAER_SVN\devices\logic\LatticeECP3\SeeBetterLogic\FX3_OMC\..\common-source\support\ShiftRegisterModes.vhd -lib work E:\JAER_SVN\devices\logic\LatticeECP3\SeeBetterLogic\FX3_OMC\..\common-source\support\EdgeDetector.vhd -lib work E:\JAER_SVN\devices\logic\LatticeECP3\SeeBetterLogic\FX3_OMC\..\common-source\support\PulseGenerator.vhd -lib work E:\JAER_SVN\devices\logic\LatticeECP3\SeeBetterLogic\FX3_OMC\..\common-source\support\PulseDetector.vhd -lib work E:\JAER_SVN\devices\logic\LatticeECP3\SeeBetterLogic\FX3_OMC\private-source\Settings.vhd -lib work E:\JAER_SVN\devices\logic\LatticeECP3\SeeBetterLogic\FX3_OMC\..\common-source\MultiplexerConfigRecords.vhd -lib work E:\JAER_SVN\devices\logic\LatticeECP3\SeeBetterLogic\FX3_OMC\..\common-source\DVSAERConfigRecords.vhd -lib work E:\JAER_SVN\devices\logic\LatticeECP3\SeeBetterLogic\FX3_OMC\..\common-source\APSADCConfigRecords.vhd -lib work E:\JAER_SVN\devices\logic\LatticeECP3\SeeBetterLogic\FX3_OMC\..\common-source\IMUConfigRecords.vhd -lib work E:\JAER_SVN\devices\logic\LatticeECP3\SeeBetterLogic\FX3_OMC\..\common-source\EventCodes.vhd -lib work E:\JAER_SVN\devices\logic\LatticeECP3\SeeBetterLogic\FX3_OMC\..\common-source\ExtTriggerConfigRecords.vhd -lib work E:\JAER_SVN\devices\logic\LatticeECP3\SeeBetterLogic\FX3_OMC\..\common-source\ChipBiasConfigRecords.vhd -lib work E:\JAER_SVN\devices\logic\LatticeECP3\SeeBetterLogic\FX3_OMC\private-source\WSAER2CAVIAR2.vhd -lib work E:\JAER_SVN\devices\logic\LatticeECP3\SeeBetterLogic\FX3_OMC\private-source\CAVIAR2WSAER.vhd -lib work E:\JAER_SVN\devices\logic\LatticeECP3\SeeBetterLogic\FX3_OMC\private-source\latch3.vhd -lib work E:\JAER_SVN\devices\logic\LatticeECP3\SeeBetterLogic\FX3_OMC\MullerCelement.vhd -lib work E:\JAER_SVN\devices\logic\LatticeECP3\SeeBetterLogic\FX3_OMC\ObjectMotionCellConfigRecords.vhd -lib work E:\JAER_SVN\devices\logic\LatticeECP3\SeeBetterLogic\FX3_OMC\..\common-source\fx3\FX3ConfigRecords.vhd -lib work E:\JAER_SVN\devices\logic\LatticeECP3\SeeBetterLogic\FX3_OMC\..\common-source\ext\FIFODualClock.vhd -lib work E:\JAER_SVN\devices\logic\LatticeECP3\SeeBetterLogic\FX3_OMC\..\common-source\ext\FIFO.vhd -lib work E:\JAER_SVN\devices\logic\LatticeECP3\SeeBetterLogic\FX3_OMC\..\common-source\ext\PLL.vhd -lib work E:\JAER_SVN\devices\logic\LatticeECP3\SeeBetterLogic\FX3_OMC\..\common-source\support\ChangeDetector.vhd -lib work E:\JAER_SVN\devices\logic\LatticeECP3\SeeBetterLogic\FX3_OMC\..\common-source\support\ShiftRegister.vhd -lib work E:\JAER_SVN\devices\logic\LatticeECP3\SeeBetterLogic\FX3_OMC\private-source\LogicClockSynchronizer.vhd -lib work E:\JAER_SVN\devices\logic\LatticeECP3\SeeBetterLogic\FX3_OMC\..\common-source\fx3\FX3USBClockSynchronizer.vhd -lib work E:\JAER_SVN\devices\logic\LatticeECP3\SeeBetterLogic\FX3_OMC\..\common-source\fx3\FX3StateMachine.vhd -lib work E:\JAER_SVN\devices\logic\LatticeECP3\SeeBetterLogic\FX3_OMC\..\common-source\TimestampGenerator.vhd -lib work E:\JAER_SVN\devices\logic\LatticeECP3\SeeBetterLogic\FX3_OMC\..\common-source\MultiplexerStateMachine.vhd -lib work E:\JAER_SVN\devices\logic\LatticeECP3\SeeBetterLogic\FX3_OMC\..\common-source\MultiplexerSPIConfig.vhd -lib work E:\JAER_SVN\devices\logic\LatticeECP3\SeeBetterLogic\FX3_OMC\..\common-source\DVSAERStateMachine.vhd -lib work E:\JAER_SVN\devices\logic\LatticeECP3\SeeBetterLogic\FX3_OMC\..\common-source\DVSAERSPIConfig.vhd -lib work E:\JAER_SVN\devices\logic\LatticeECP3\SeeBetterLogic\FX3_OMC\..\common-source\APSADCStateMachine.vhd -lib work E:\JAER_SVN\devices\logic\LatticeECP3\SeeBetterLogic\FX3_OMC\..\common-source\APSADCSPIConfig.vhd -lib work E:\JAER_SVN\devices\logic\LatticeECP3\SeeBetterLogic\FX3_OMC\..\common-source\IMUStateMachine.vhd -lib work E:\JAER_SVN\devices\logic\LatticeECP3\SeeBetterLogic\FX3_OMC\..\common-source\IMUSPIConfig.vhd -lib work E:\JAER_SVN\devices\logic\LatticeECP3\SeeBetterLogic\FX3_OMC\..\common-source\ExtTriggerSPIConfig.vhd -lib work E:\JAER_SVN\devices\logic\LatticeECP3\SeeBetterLogic\FX3_OMC\..\common-source\ExtTriggerStateMachine.vhd -lib work E:\JAER_SVN\devices\logic\LatticeECP3\SeeBetterLogic\FX3_OMC\..\common-source\SPIConfig.vhd -lib work E:\JAER_SVN\devices\logic\LatticeECP3\SeeBetterLogic\FX3_OMC\..\common-source\MISCAERStateMachine.vhd -lib work E:\JAER_SVN\devices\logic\LatticeECP3\SeeBetterLogic\FX3_OMC\..\common-source\support\FifoMerger.vhd -lib work E:\JAER_SVN\devices\logic\LatticeECP3\SeeBetterLogic\FX3_OMC\ObjectMotionCell.vhd -lib work E:\JAER_SVN\devices\logic\LatticeECP3\SeeBetterLogic\FX3_OMC\ObjectMotionCellSPIConfig.vhd -lib work E:\JAER_SVN\devices\logic\LatticeECP3\SeeBetterLogic\FX3_OMC\..\common-source\fx3\FX3SPIConfig.vhd -lib work E:\JAER_SVN\devices\logic\LatticeECP3\SeeBetterLogic\FX3_OMC\private-source\TopLevel.vhd -lib work E:\JAER_SVN\devices\logic\LatticeECP3\SeeBetterLogic\FX3_OMC\..\common-source\ChipBiasStateMachine.vhd -lib work E:\JAER_SVN\devices\logic\LatticeECP3\SeeBetterLogic\FX3_OMC\..\common-source\ChipBiasSPIConfig.vhd -lib work E:\JAER_SVN\devices\logic\LatticeECP3\SeeBetterLogic\FX3_OMC\ObjectMotionCell_tb.vhd -loga  E:\JAER_SVN\devices\logic\LatticeECP3\SeeBetterLogic\FX3_OMC\SeeBetterLogic_FX3\SeeBetterLogic_FX3_SeeBetterLogic_FX3.srr 
rc:0 success:1
E:\JAER_SVN\devices\logic\LatticeECP3\SeeBetterLogic\FX3_OMC\SeeBetterLogic_FX3\synwork\SeeBetterLogic_FX3_SeeBetterLogic_FX3_comp.srs|o|1412672982|215824
C:\lscc\diamond\3.2_x64\cae_library\synthesis\vhdl\ecp3.vhd|i|1376992926|196741
C:\lscc\diamond\3.2_x64\cae_library\synthesis\vhdl\pmi_def.vhd|i|1400335816|47432
E:\JAER_SVN\devices\logic\LatticeECP3\SeeBetterLogic\FX3_OMC\..\common-source\ext\FIFORecords.vhd|i|1406109071|787
E:\JAER_SVN\devices\logic\LatticeECP3\SeeBetterLogic\FX3_OMC\..\common-source\support\DFFSynchronizer.vhd|i|1408697496|1366
E:\JAER_SVN\devices\logic\LatticeECP3\SeeBetterLogic\FX3_OMC\..\common-source\support\ResetSynchronizer.vhd|i|1408697496|1274
E:\JAER_SVN\devices\logic\LatticeECP3\SeeBetterLogic\FX3_OMC\..\common-source\support\SimpleRegister.vhd|i|1408697496|853
E:\JAER_SVN\devices\logic\LatticeECP3\SeeBetterLogic\FX3_OMC\..\common-source\support\BufferClear.vhd|i|1408697496|1572
E:\JAER_SVN\devices\logic\LatticeECP3\SeeBetterLogic\FX3_OMC\..\common-source\support\ContinuousCounter.vhd|i|1412604352|5610
E:\JAER_SVN\devices\logic\LatticeECP3\SeeBetterLogic\FX3_OMC\..\common-source\support\ShiftRegisterModes.vhd|i|1406109072|1061
E:\JAER_SVN\devices\logic\LatticeECP3\SeeBetterLogic\FX3_OMC\..\common-source\support\EdgeDetector.vhd|i|1408697496|1674
E:\JAER_SVN\devices\logic\LatticeECP3\SeeBetterLogic\FX3_OMC\..\common-source\support\PulseGenerator.vhd|i|1408697496|2803
E:\JAER_SVN\devices\logic\LatticeECP3\SeeBetterLogic\FX3_OMC\..\common-source\support\PulseDetector.vhd|i|1411651135|3163
E:\JAER_SVN\devices\logic\LatticeECP3\SeeBetterLogic\FX3_OMC\private-source\Settings.vhd|i|1411651134|1677
E:\JAER_SVN\devices\logic\LatticeECP3\SeeBetterLogic\FX3_OMC\..\common-source\MultiplexerConfigRecords.vhd|i|1408697496|975
E:\JAER_SVN\devices\logic\LatticeECP3\SeeBetterLogic\FX3_OMC\..\common-source\DVSAERConfigRecords.vhd|i|1408697496|1010
E:\JAER_SVN\devices\logic\LatticeECP3\SeeBetterLogic\FX3_OMC\..\common-source\APSADCConfigRecords.vhd|i|1408697495|590
E:\JAER_SVN\devices\logic\LatticeECP3\SeeBetterLogic\FX3_OMC\..\common-source\IMUConfigRecords.vhd|i|1408697495|2462
E:\JAER_SVN\devices\logic\LatticeECP3\SeeBetterLogic\FX3_OMC\..\common-source\EventCodes.vhd|i|1411651135|4967
E:\JAER_SVN\devices\logic\LatticeECP3\SeeBetterLogic\FX3_OMC\..\common-source\ExtTriggerConfigRecords.vhd|i|1408697496|3010
E:\JAER_SVN\devices\logic\LatticeECP3\SeeBetterLogic\FX3_OMC\..\common-source\ChipBiasConfigRecords.vhd|i|1408697496|8390
E:\JAER_SVN\devices\logic\LatticeECP3\SeeBetterLogic\FX3_OMC\private-source\WSAER2CAVIAR2.vhd|i|1412595509|3103
E:\JAER_SVN\devices\logic\LatticeECP3\SeeBetterLogic\FX3_OMC\private-source\CAVIAR2WSAER.vhd|i|1411651134|3030
E:\JAER_SVN\devices\logic\LatticeECP3\SeeBetterLogic\FX3_OMC\private-source\latch3.vhd|i|1411651134|644
E:\JAER_SVN\devices\logic\LatticeECP3\SeeBetterLogic\FX3_OMC\MullerCelement.vhd|i|1410953598|2270
E:\JAER_SVN\devices\logic\LatticeECP3\SeeBetterLogic\FX3_OMC\ObjectMotionCellConfigRecords.vhd|i|1412598089|2581
E:\JAER_SVN\devices\logic\LatticeECP3\SeeBetterLogic\FX3_OMC\..\common-source\fx3\FX3ConfigRecords.vhd|i|1412604351|786
E:\JAER_SVN\devices\logic\LatticeECP3\SeeBetterLogic\FX3_OMC\..\common-source\ext\FIFODualClock.vhd|i|1411651135|4529
E:\JAER_SVN\devices\logic\LatticeECP3\SeeBetterLogic\FX3_OMC\..\common-source\ext\FIFO.vhd|i|1411651135|3964
E:\JAER_SVN\devices\logic\LatticeECP3\SeeBetterLogic\FX3_OMC\..\common-source\ext\PLL.vhd|i|1408697495|1021
E:\JAER_SVN\devices\logic\LatticeECP3\SeeBetterLogic\FX3_OMC\..\common-source\support\ChangeDetector.vhd|i|1408697496|1735
E:\JAER_SVN\devices\logic\LatticeECP3\SeeBetterLogic\FX3_OMC\..\common-source\support\ShiftRegister.vhd|i|1408697496|2674
E:\JAER_SVN\devices\logic\LatticeECP3\SeeBetterLogic\FX3_OMC\private-source\LogicClockSynchronizer.vhd|i|1411651134|3654
E:\JAER_SVN\devices\logic\LatticeECP3\SeeBetterLogic\FX3_OMC\..\common-source\fx3\FX3USBClockSynchronizer.vhd|i|1408697495|2100
E:\JAER_SVN\devices\logic\LatticeECP3\SeeBetterLogic\FX3_OMC\..\common-source\fx3\FX3StateMachine.vhd|i|1412604351|10090
E:\JAER_SVN\devices\logic\LatticeECP3\SeeBetterLogic\FX3_OMC\..\common-source\TimestampGenerator.vhd|i|1408697495|2189
E:\JAER_SVN\devices\logic\LatticeECP3\SeeBetterLogic\FX3_OMC\..\common-source\MultiplexerStateMachine.vhd|i|1411651135|15578
E:\JAER_SVN\devices\logic\LatticeECP3\SeeBetterLogic\FX3_OMC\..\common-source\MultiplexerSPIConfig.vhd|i|1408697495|2944
E:\JAER_SVN\devices\logic\LatticeECP3\SeeBetterLogic\FX3_OMC\..\common-source\DVSAERStateMachine.vhd|i|1411651135|5797
E:\JAER_SVN\devices\logic\LatticeECP3\SeeBetterLogic\FX3_OMC\..\common-source\DVSAERSPIConfig.vhd|i|1408697496|2874
E:\JAER_SVN\devices\logic\LatticeECP3\SeeBetterLogic\FX3_OMC\..\common-source\APSADCStateMachine.vhd|i|1412344426|2718
E:\JAER_SVN\devices\logic\LatticeECP3\SeeBetterLogic\FX3_OMC\..\common-source\APSADCSPIConfig.vhd|i|1408697496|2232
E:\JAER_SVN\devices\logic\LatticeECP3\SeeBetterLogic\FX3_OMC\..\common-source\IMUStateMachine.vhd|i|1411651135|34813
E:\JAER_SVN\devices\logic\LatticeECP3\SeeBetterLogic\FX3_OMC\..\common-source\IMUSPIConfig.vhd|i|1408697496|4548
E:\JAER_SVN\devices\logic\LatticeECP3\SeeBetterLogic\FX3_OMC\..\common-source\ExtTriggerSPIConfig.vhd|i|1408697496|5525
E:\JAER_SVN\devices\logic\LatticeECP3\SeeBetterLogic\FX3_OMC\..\common-source\ExtTriggerStateMachine.vhd|i|1411651135|7072
E:\JAER_SVN\devices\logic\LatticeECP3\SeeBetterLogic\FX3_OMC\..\common-source\SPIConfig.vhd|i|1411651135|8710
E:\JAER_SVN\devices\logic\LatticeECP3\SeeBetterLogic\FX3_OMC\..\common-source\MISCAERStateMachine.vhd|i|1411652953|6761
E:\JAER_SVN\devices\logic\LatticeECP3\SeeBetterLogic\FX3_OMC\..\common-source\support\FifoMerger.vhd|i|1411652953|3220
E:\JAER_SVN\devices\logic\LatticeECP3\SeeBetterLogic\FX3_OMC\ObjectMotionCell.vhd|i|1412672247|14331
E:\JAER_SVN\devices\logic\LatticeECP3\SeeBetterLogic\FX3_OMC\ObjectMotionCellSPIConfig.vhd|i|1412598734|5451
E:\JAER_SVN\devices\logic\LatticeECP3\SeeBetterLogic\FX3_OMC\..\common-source\fx3\FX3SPIConfig.vhd|i|1412604351|2397
E:\JAER_SVN\devices\logic\LatticeECP3\SeeBetterLogic\FX3_OMC\private-source\TopLevel.vhd|i|1412669065|33405
E:\JAER_SVN\devices\logic\LatticeECP3\SeeBetterLogic\FX3_OMC\..\common-source\ChipBiasStateMachine.vhd|i|1411651135|38024
E:\JAER_SVN\devices\logic\LatticeECP3\SeeBetterLogic\FX3_OMC\..\common-source\ChipBiasSPIConfig.vhd|i|1408697496|13059
E:\JAER_SVN\devices\logic\LatticeECP3\SeeBetterLogic\FX3_OMC\ObjectMotionCell_tb.vhd|i|1412672652|7439
E:\JAER_SVN\devices\logic\LatticeECP3\SeeBetterLogic\FX3_OMC\SeeBetterLogic_FX3\SeeBetterLogic_FX3_SeeBetterLogic_FX3.srr|o|1412672982|84298
C:\lscc\diamond\3.2_x64\synpbase\bin64\c_vhdl.exe|i|1397599346|5463552
C:\lscc\diamond\3.2_x64\synpbase\bin\c_vhdl.exe|i|1397599144|1982464
