
synpwrap -prj "SeeBetterLogic_FX3_SeeBetterLogic_FX3_synplify.tcl" -log "SeeBetterLogic_FX3_SeeBetterLogic_FX3.srf"
Copyright (C) 1992-2014 Lattice Semiconductor Corporation. All rights reserved.
Lattice Diamond Version 3.2.0.134

==contents of SeeBetterLogic_FX3_SeeBetterLogic_FX3.srf
#Build: Synplify Pro I-2013.09L-SP1-1 , Build 098R, Apr 15 2014
#install: C:\lscc\diamond\3.2_x64\synpbase
#OS: Windows 7 6.1
#Hostname: LATTICEDVM

#Implementation: SeeBetterLogic_FX3

$ Start of Compile
#Tue Oct 07 09:45:42 2014

Synopsys VHDL Compiler, version comp201309rcp1, Build 147R, built Apr 16 2014
@N|Running in 64-bit mode
Copyright (C) 1994-2013 Synopsys, Inc. This software and the associated documentation are proprietary to Synopsys, Inc. This software may only be used in accordance with the terms and conditions of a written license agreement with Synopsys, Inc.  All other use or distribution of the software is strictly prohibited.

@N: CD720 :"C:\lscc\diamond\3.2_x64\synpbase\lib\vhd2008\std.vhd":146:18:146:21|Setting time resolution to ns
@N:"E:\JAER_SVN\devices\logic\LatticeECP3\SeeBetterLogic\FX3_OMC\private-source\TopLevel.vhd":14:7:14:14|Top entity is set to TopLevel.
File E:\JAER_SVN\devices\logic\LatticeECP3\SeeBetterLogic\FX3_OMC\..\common-source\support\DFFSynchronizer.vhd changed - recompiling
File E:\JAER_SVN\devices\logic\LatticeECP3\SeeBetterLogic\FX3_OMC\..\common-source\support\ResetSynchronizer.vhd changed - recompiling
File E:\JAER_SVN\devices\logic\LatticeECP3\SeeBetterLogic\FX3_OMC\..\common-source\support\SimpleRegister.vhd changed - recompiling
File E:\JAER_SVN\devices\logic\LatticeECP3\SeeBetterLogic\FX3_OMC\..\common-source\support\BufferClear.vhd changed - recompiling
File E:\JAER_SVN\devices\logic\LatticeECP3\SeeBetterLogic\FX3_OMC\..\common-source\support\ContinuousCounter.vhd changed - recompiling
File E:\JAER_SVN\devices\logic\LatticeECP3\SeeBetterLogic\FX3_OMC\..\common-source\support\ShiftRegisterModes.vhd changed - recompiling
File E:\JAER_SVN\devices\logic\LatticeECP3\SeeBetterLogic\FX3_OMC\..\common-source\support\EdgeDetector.vhd changed - recompiling
File E:\JAER_SVN\devices\logic\LatticeECP3\SeeBetterLogic\FX3_OMC\..\common-source\support\PulseGenerator.vhd changed - recompiling
File E:\JAER_SVN\devices\logic\LatticeECP3\SeeBetterLogic\FX3_OMC\..\common-source\support\PulseDetector.vhd changed - recompiling
File E:\JAER_SVN\devices\logic\LatticeECP3\SeeBetterLogic\FX3_OMC\private-source\Settings.vhd changed - recompiling
File E:\JAER_SVN\devices\logic\LatticeECP3\SeeBetterLogic\FX3_OMC\..\common-source\MultiplexerConfigRecords.vhd changed - recompiling
File E:\JAER_SVN\devices\logic\LatticeECP3\SeeBetterLogic\FX3_OMC\..\common-source\DVSAERConfigRecords.vhd changed - recompiling
File E:\JAER_SVN\devices\logic\LatticeECP3\SeeBetterLogic\FX3_OMC\..\common-source\APSADCConfigRecords.vhd changed - recompiling
File E:\JAER_SVN\devices\logic\LatticeECP3\SeeBetterLogic\FX3_OMC\..\common-source\IMUConfigRecords.vhd changed - recompiling
File E:\JAER_SVN\devices\logic\LatticeECP3\SeeBetterLogic\FX3_OMC\..\common-source\EventCodes.vhd changed - recompiling
File E:\JAER_SVN\devices\logic\LatticeECP3\SeeBetterLogic\FX3_OMC\..\common-source\ExtTriggerConfigRecords.vhd changed - recompiling
File E:\JAER_SVN\devices\logic\LatticeECP3\SeeBetterLogic\FX3_OMC\..\common-source\ChipBiasConfigRecords.vhd changed - recompiling
File E:\JAER_SVN\devices\logic\LatticeECP3\SeeBetterLogic\FX3_OMC\private-source\WSAER2CAVIAR2.vhd changed - recompiling
File E:\JAER_SVN\devices\logic\LatticeECP3\SeeBetterLogic\FX3_OMC\private-source\CAVIAR2WSAER.vhd changed - recompiling
File E:\JAER_SVN\devices\logic\LatticeECP3\SeeBetterLogic\FX3_OMC\private-source\latch3.vhd changed - recompiling
File E:\JAER_SVN\devices\logic\LatticeECP3\SeeBetterLogic\FX3_OMC\MullerCelement.vhd changed - recompiling
File E:\JAER_SVN\devices\logic\LatticeECP3\SeeBetterLogic\FX3_OMC\ObjectMotionCellConfigRecords.vhd changed - recompiling
File E:\JAER_SVN\devices\logic\LatticeECP3\SeeBetterLogic\FX3_OMC\..\common-source\ext\FIFODualClock.vhd changed - recompiling
File E:\JAER_SVN\devices\logic\LatticeECP3\SeeBetterLogic\FX3_OMC\..\common-source\ext\FIFO.vhd changed - recompiling
File E:\JAER_SVN\devices\logic\LatticeECP3\SeeBetterLogic\FX3_OMC\..\common-source\ext\PLL.vhd changed - recompiling
File E:\JAER_SVN\devices\logic\LatticeECP3\SeeBetterLogic\FX3_OMC\..\common-source\support\ChangeDetector.vhd changed - recompiling
File E:\JAER_SVN\devices\logic\LatticeECP3\SeeBetterLogic\FX3_OMC\..\common-source\support\ShiftRegister.vhd changed - recompiling
File E:\JAER_SVN\devices\logic\LatticeECP3\SeeBetterLogic\FX3_OMC\private-source\LogicClockSynchronizer.vhd changed - recompiling
File E:\JAER_SVN\devices\logic\LatticeECP3\SeeBetterLogic\FX3_OMC\..\common-source\fx3\FX3USBClockSynchronizer.vhd changed - recompiling
File E:\JAER_SVN\devices\logic\LatticeECP3\SeeBetterLogic\FX3_OMC\..\common-source\fx3\FX3StateMachine.vhd changed - recompiling
File C:\lscc\diamond\3.2_x64\synpbase\lib\vhd\math_real.vhd changed - recompiling
File E:\JAER_SVN\devices\logic\LatticeECP3\SeeBetterLogic\FX3_OMC\..\common-source\TimestampGenerator.vhd changed - recompiling
File E:\JAER_SVN\devices\logic\LatticeECP3\SeeBetterLogic\FX3_OMC\..\common-source\MultiplexerStateMachine.vhd changed - recompiling
File E:\JAER_SVN\devices\logic\LatticeECP3\SeeBetterLogic\FX3_OMC\..\common-source\MultiplexerSPIConfig.vhd changed - recompiling
File E:\JAER_SVN\devices\logic\LatticeECP3\SeeBetterLogic\FX3_OMC\..\common-source\DVSAERStateMachine.vhd changed - recompiling
File E:\JAER_SVN\devices\logic\LatticeECP3\SeeBetterLogic\FX3_OMC\..\common-source\DVSAERSPIConfig.vhd changed - recompiling
File E:\JAER_SVN\devices\logic\LatticeECP3\SeeBetterLogic\FX3_OMC\..\common-source\APSADCStateMachine.vhd changed - recompiling
File E:\JAER_SVN\devices\logic\LatticeECP3\SeeBetterLogic\FX3_OMC\..\common-source\APSADCSPIConfig.vhd changed - recompiling
File E:\JAER_SVN\devices\logic\LatticeECP3\SeeBetterLogic\FX3_OMC\..\common-source\IMUStateMachine.vhd changed - recompiling
File E:\JAER_SVN\devices\logic\LatticeECP3\SeeBetterLogic\FX3_OMC\..\common-source\IMUSPIConfig.vhd changed - recompiling
File E:\JAER_SVN\devices\logic\LatticeECP3\SeeBetterLogic\FX3_OMC\..\common-source\ExtTriggerSPIConfig.vhd changed - recompiling
File E:\JAER_SVN\devices\logic\LatticeECP3\SeeBetterLogic\FX3_OMC\..\common-source\ExtTriggerStateMachine.vhd changed - recompiling
File E:\JAER_SVN\devices\logic\LatticeECP3\SeeBetterLogic\FX3_OMC\..\common-source\SPIConfig.vhd changed - recompiling
File E:\JAER_SVN\devices\logic\LatticeECP3\SeeBetterLogic\FX3_OMC\ObjectMotionCell.vhd changed - recompiling
File E:\JAER_SVN\devices\logic\LatticeECP3\SeeBetterLogic\FX3_OMC\ObjectMotionCellSPIConfig.vhd changed - recompiling
File E:\JAER_SVN\devices\logic\LatticeECP3\SeeBetterLogic\FX3_OMC\private-source\TopLevel.vhd changed - recompiling
File E:\JAER_SVN\devices\logic\LatticeECP3\SeeBetterLogic\FX3_OMC\..\common-source\ChipBiasStateMachine.vhd changed - recompiling
File E:\JAER_SVN\devices\logic\LatticeECP3\SeeBetterLogic\FX3_OMC\..\common-source\ChipBiasSPIConfig.vhd changed - recompiling
File E:\JAER_SVN\devices\logic\LatticeECP3\SeeBetterLogic\FX3_OMC\ObjectMotionCell_tb.vhd changed - recompiling
@W: CD643 :"E:\JAER_SVN\devices\logic\LatticeECP3\SeeBetterLogic\FX3_OMC\..\common-source\fx3\FX3StateMachine.vhd":9:29:9:29|Ignoring use clause - fx3configrecords not found ...
@E: CD255 :"E:\JAER_SVN\devices\logic\LatticeECP3\SeeBetterLogic\FX3_OMC\..\common-source\fx3\FX3StateMachine.vhd":32:46:32:46|No identifier "tfx3config" in scope
@E: CD255 :"E:\JAER_SVN\devices\logic\LatticeECP3\SeeBetterLogic\FX3_OMC\..\common-source\fx3\FX3StateMachine.vhd":54:95:54:95|No identifier "tfx3config" in scope
@E: CD415 :"E:\JAER_SVN\devices\logic\LatticeECP3\SeeBetterLogic\FX3_OMC\..\common-source\fx3\FX3StateMachine.vhd":75:33:75:33|Expecting keyword is
@E: CD632 :"E:\JAER_SVN\devices\logic\LatticeECP3\SeeBetterLogic\FX3_OMC\..\common-source\fx3\FX3StateMachine.vhd":89:33:89:33|duplicate entity name work
4 errors parsing file E:\JAER_SVN\devices\logic\LatticeECP3\SeeBetterLogic\FX3_OMC\..\common-source\fx3\FX3StateMachine.vhd
@END
4 errors parsing file E:\JAER_SVN\devices\logic\LatticeECP3\SeeBetterLogic\FX3_OMC\..\common-source\TimestampGenerator.vhd
@END
4 errors parsing file E:\JAER_SVN\devices\logic\LatticeECP3\SeeBetterLogic\FX3_OMC\..\common-source\MultiplexerStateMachine.vhd
@END
4 errors parsing file E:\JAER_SVN\devices\logic\LatticeECP3\SeeBetterLogic\FX3_OMC\..\common-source\MultiplexerSPIConfig.vhd
@END
4 errors parsing file E:\JAER_SVN\devices\logic\LatticeECP3\SeeBetterLogic\FX3_OMC\..\common-source\DVSAERStateMachine.vhd
@END
4 errors parsing file E:\JAER_SVN\devices\logic\LatticeECP3\SeeBetterLogic\FX3_OMC\..\common-source\DVSAERSPIConfig.vhd
@END
4 errors parsing file E:\JAER_SVN\devices\logic\LatticeECP3\SeeBetterLogic\FX3_OMC\..\common-source\APSADCStateMachine.vhd
@END
4 errors parsing file E:\JAER_SVN\devices\logic\LatticeECP3\SeeBetterLogic\FX3_OMC\..\common-source\APSADCSPIConfig.vhd
@END
4 errors parsing file E:\JAER_SVN\devices\logic\LatticeECP3\SeeBetterLogic\FX3_OMC\..\common-source\IMUStateMachine.vhd
@END
4 errors parsing file E:\JAER_SVN\devices\logic\LatticeECP3\SeeBetterLogic\FX3_OMC\..\common-source\IMUSPIConfig.vhd
@END
4 errors parsing file E:\JAER_SVN\devices\logic\LatticeECP3\SeeBetterLogic\FX3_OMC\..\common-source\ExtTriggerSPIConfig.vhd
@END
4 errors parsing file E:\JAER_SVN\devices\logic\LatticeECP3\SeeBetterLogic\FX3_OMC\..\common-source\ExtTriggerStateMachine.vhd
@END
4 errors parsing file E:\JAER_SVN\devices\logic\LatticeECP3\SeeBetterLogic\FX3_OMC\..\common-source\SPIConfig.vhd
@END
4 errors parsing file E:\JAER_SVN\devices\logic\LatticeECP3\SeeBetterLogic\FX3_OMC\..\common-source\MISCAERStateMachine.vhd
@END
4 errors parsing file E:\JAER_SVN\devices\logic\LatticeECP3\SeeBetterLogic\FX3_OMC\..\common-source\support\FifoMerger.vhd
@END
4 errors parsing file E:\JAER_SVN\devices\logic\LatticeECP3\SeeBetterLogic\FX3_OMC\ObjectMotionCell.vhd
@END
4 errors parsing file E:\JAER_SVN\devices\logic\LatticeECP3\SeeBetterLogic\FX3_OMC\ObjectMotionCellSPIConfig.vhd
@END
4 errors parsing file E:\JAER_SVN\devices\logic\LatticeECP3\SeeBetterLogic\FX3_OMC\private-source\TopLevel.vhd
@END
4 errors parsing file E:\JAER_SVN\devices\logic\LatticeECP3\SeeBetterLogic\FX3_OMC\..\common-source\ChipBiasStateMachine.vhd
@END
4 errors parsing file E:\JAER_SVN\devices\logic\LatticeECP3\SeeBetterLogic\FX3_OMC\..\common-source\ChipBiasSPIConfig.vhd
@END
4 errors parsing file E:\JAER_SVN\devices\logic\LatticeECP3\SeeBetterLogic\FX3_OMC\ObjectMotionCell_tb.vhd
@END
@E|Parse errors encountered - exiting
Process took 0h:00m:01s realtime, 0h:00m:01s cputime
# Tue Oct 07 09:45:43 2014

###########################################################]


Synthesis exit by 2.
