C:\lscc\diamond\3.2_x64\synpbase\bin64\c_vhdl.exe  -osyn  E:\deviceFirmwarePCBLayout\LatticeMachXO\DAViS_V4_SBret20\SBret20\synwork\SBret20_SBret20_comp.srs  -top  USBAER_top_level  -prodtype  synplify_pro  -fixsmult -infer_seqShift -nram -divnmod -encrypt  -pro  -dmgen  E:\deviceFirmwarePCBLayout\LatticeMachXO\DAViS_V4_SBret20\SBret20\dm  -lite   -ui -fid2 -ram -sharing on  -ll 2000 -autosm -ignore_undefined_lib  -lib work C:\lscc\diamond\3.2_x64\cae_library\synthesis\vhdl\machxo.vhd -lib work E:\deviceFirmwarePCBLayout\LatticeMachXO\DAViS_V4_SBret20\sourcecode\wordRegister.vhd -lib work E:\deviceFirmwarePCBLayout\LatticeMachXO\DAViS_V4_SBret20\sourcecode\earlyPaketTimer.vhd -lib work E:\deviceFirmwarePCBLayout\LatticeMachXO\DAViS_V4_SBret20\sourcecode\EventBeforeOverflow.vhd -lib work E:\deviceFirmwarePCBLayout\LatticeMachXO\DAViS_V4_SBret20\sourcecode\eventCounter.vhd -lib work E:\deviceFirmwarePCBLayout\LatticeMachXO\DAViS_V4_SBret20\sourcecode\fifoStatemachine.vhd -lib work E:\deviceFirmwarePCBLayout\LatticeMachXO\DAViS_V4_SBret20\sourcecode\monitorStateMachine.vhd -lib work E:\deviceFirmwarePCBLayout\LatticeMachXO\DAViS_V4_SBret20\sourcecode\synchronizerStateMachine.vhd -lib work E:\deviceFirmwarePCBLayout\LatticeMachXO\DAViS_V4_SBret20\sourcecode\timestampCounter.vhd -lib work E:\deviceFirmwarePCBLayout\LatticeMachXO\DAViS_V4_SBret20\sourcecode\ADCvalueReady.vhd -lib work E:\deviceFirmwarePCBLayout\LatticeMachXO\DAViS_V4_SBret20\sourcecode\cDVSResetStateMachine.vhd -lib work E:\deviceFirmwarePCBLayout\LatticeMachXO\DAViS_V4_SBret20\sourcecode\shiftRegister.vhd -lib work E:\deviceFirmwarePCBLayout\LatticeMachXO\DAViS_V4_SBret20\sourcecode\ADCStateMachine.vhd -lib work E:\deviceFirmwarePCBLayout\LatticeMachXO\DAViS_V4_SBret20\sourcecode\AERfifo.vhd -lib work E:\deviceFirmwarePCBLayout\LatticeMachXO\DAViS_V4_SBret20\sourcecode\clockgen.vhd -lib work E:\deviceFirmwarePCBLayout\LatticeMachXO\DAViS_V4_SBret20\sourcecode\USBAER_top_level.vhd -lib work E:\deviceFirmwarePCBLayout\LatticeMachXO\DAViS_V4_SBret20\ADCStateMachine_tb.vhd -loga  E:\deviceFirmwarePCBLayout\LatticeMachXO\DAViS_V4_SBret20\SBret20\SBret20_SBret20.srr 
rc:0 success:1
E:\deviceFirmwarePCBLayout\LatticeMachXO\DAViS_V4_SBret20\SBret20\synwork\SBret20_SBret20_comp.srs|o|1404906362|46644
C:\lscc\diamond\3.2_x64\cae_library\synthesis\vhdl\machxo.vhd|i|1376992808|63290
E:\deviceFirmwarePCBLayout\LatticeMachXO\DAViS_V4_SBret20\sourcecode\wordRegister.vhd|i|1404395790|2008
E:\deviceFirmwarePCBLayout\LatticeMachXO\DAViS_V4_SBret20\sourcecode\earlyPaketTimer.vhd|i|1404395790|2050
E:\deviceFirmwarePCBLayout\LatticeMachXO\DAViS_V4_SBret20\sourcecode\EventBeforeOverflow.vhd|i|1404395790|2315
E:\deviceFirmwarePCBLayout\LatticeMachXO\DAViS_V4_SBret20\sourcecode\eventCounter.vhd|i|1404395790|2228
E:\deviceFirmwarePCBLayout\LatticeMachXO\DAViS_V4_SBret20\sourcecode\fifoStatemachine.vhd|i|1404395790|4568
E:\deviceFirmwarePCBLayout\LatticeMachXO\DAViS_V4_SBret20\sourcecode\monitorStateMachine.vhd|i|1404395790|9902
E:\deviceFirmwarePCBLayout\LatticeMachXO\DAViS_V4_SBret20\sourcecode\synchronizerStateMachine.vhd|i|1404827597|7633
E:\deviceFirmwarePCBLayout\LatticeMachXO\DAViS_V4_SBret20\sourcecode\timestampCounter.vhd|i|1404395790|2383
E:\deviceFirmwarePCBLayout\LatticeMachXO\DAViS_V4_SBret20\sourcecode\ADCvalueReady.vhd|i|1404395790|2602
E:\deviceFirmwarePCBLayout\LatticeMachXO\DAViS_V4_SBret20\sourcecode\cDVSResetStateMachine.vhd|i|1404395790|3520
E:\deviceFirmwarePCBLayout\LatticeMachXO\DAViS_V4_SBret20\sourcecode\shiftRegister.vhd|i|1404395790|2011
E:\deviceFirmwarePCBLayout\LatticeMachXO\DAViS_V4_SBret20\sourcecode\ADCStateMachine.vhd|i|1404395790|13876
E:\deviceFirmwarePCBLayout\LatticeMachXO\DAViS_V4_SBret20\sourcecode\AERfifo.vhd|i|1404395790|11059
E:\deviceFirmwarePCBLayout\LatticeMachXO\DAViS_V4_SBret20\sourcecode\clockgen.vhd|i|1404395790|4055
E:\deviceFirmwarePCBLayout\LatticeMachXO\DAViS_V4_SBret20\sourcecode\USBAER_top_level.vhd|i|1404906327|23040
E:\deviceFirmwarePCBLayout\LatticeMachXO\DAViS_V4_SBret20\ADCStateMachine_tb.vhd|i|1404395790|5719
E:\deviceFirmwarePCBLayout\LatticeMachXO\DAViS_V4_SBret20\SBret20\SBret20_SBret20.srr|o|1404906362|11681
C:\lscc\diamond\3.2_x64\synpbase\bin64\c_vhdl.exe|i|1397599346|5463552
C:\lscc\diamond\3.2_x64\synpbase\bin\c_vhdl.exe|i|1397599144|1982464
