
synpwrap -prj "DAViS_USB3_DAViS_USB3_synplify.tcl" -log "DAViS_USB3_DAViS_USB3.srf"
Copyright (C) 1992-2013 Lattice Semiconductor Corporation. All rights reserved.
Lattice Diamond Version 3.0.0.97

==contents of DAViS_USB3_DAViS_USB3.srf
#Build: Synplify Pro H-2013.03L , Build 003R, Jul  1 2013
#install: C:\Lattice\Diamond3\diamond\3.0_x64\synpbase
#OS: Windows 7 6.1
#Hostname: SENSORS-VICENTE

#Implementation: DAViS_USB3

$ Start of Compile
#Tue Mar 11 17:52:00 2014

Synopsys VHDL Compiler, version comp201303rcp1, Build 182R, built Jul  1 2013
@N|Running in 64-bit mode
Copyright (C) 1994-2013 Synopsys, Inc. This software and the associated documentation are proprietary to Synopsys, Inc. This software may only be used in accordance with the terms and conditions of a written license agreement with Synopsys, Inc.  All other use or distribution of the software is strictly prohibited.

@N: CD720 :"C:\Lattice\Diamond3\diamond\3.0_x64\synpbase\lib\vhd\std.vhd":123:18:123:21|Setting time resolution to ns
@N:"C:\3jAER\deviceFirmwarePCBLayout\LatticeECP3\DAViS_USB3\DAViS_USB3\source\timestampCounter.vhd":25:7:25:22|Top entity is set to timestampCounter.
Options changed - recompiling
@E: CD213 :"C:\3jAER\deviceFirmwarePCBLayout\LatticeECP3\DAViS_USB3\DAViS_USB3\source\USBAER_top_level.vhd":607:2:607:15|Undefined identifier
1 error parsing file C:\3jAER\deviceFirmwarePCBLayout\LatticeECP3\DAViS_USB3\DAViS_USB3\source\USBAER_top_level.vhd
@END
@E|Parse errors encountered - exiting
Process took 0h:00m:01s realtime, 0h:00m:01s cputime
# Tue Mar 11 17:52:00 2014

###########################################################]


Synthesis exit by 2.
