     Lattice Mapping Report File for Design Module 'EventBeforeOverflow'

Design Information
------------------

Command line:   map -a LatticeECP3 -p LFE3-17EA -t FTBGA256 -s 7 -oc Industrial
     DAViS_USB3_DAViS_USB3.ngd -o DAViS_USB3_DAViS_USB3_map.ncd -pr
     DAViS_USB3_DAViS_USB3.prf -mp DAViS_USB3_DAViS_USB3.mrp C:/3jAER/deviceFirm
     warePCBLayout/LatticeECP3/DAViS_USB3/DAViS_USB3/source/DevBoardUSB3.lpf
     -gui
Target Vendor:  LATTICE
Target Device:  LFE3-17EAFTBGA256
Target Performance:   7
Mapper:  ep5c00,  version:  Diamond (64-bit) 3.1.0.96
Mapped on:  03/13/14  17:48:27

Design Summary
--------------

   Number of registers:      2 out of 13758 (0%)
      PFU registers:            2 out of 12960 (0%)
      PIO registers:            0 out of   798 (0%)
   Number of SLICEs:         1 out of  8640 (0%)
      SLICEs as Logic/ROM:      1 out of  8640 (0%)
      SLICEs as RAM:            0 out of  1692 (0%)
      SLICEs as Carry:          0 out of  8640 (0%)
   Number of LUT4s:          2 out of 17280 (0%)
      Number of logic LUTs:        2
      Number of distributed RAM:   0 (0 LUT4s)
      Number of ripple logic:      0 (0 LUT4s)
      Number of shift registers:   0
   Number of PIO sites used: 5 out of 133 (4%)
   Number of PIO FIXEDDELAY:    0
   Number of PCS (SerDes):  0 out of 1 (0%) with bonded PIO sites
   Number of DQSDLLs:  0 out of 2 (0%)
   Number of PLLs:  0 out of 2 (0%)
   Number of DLLs:  0 out of 2 (0%)
   Number of block RAMs:  0 out of 38 (0%)
   Number of CLKDIVs:  0 out of 2 (0%)
   Number of GSRs:  1 out of 1 (100%)
   JTAG used :      No
   Readback used :  No
   Oscillator used :  No
   Startup used :   No
   Notes:-
      1. Total number of LUT4s = (Number of logic LUT4s) + 2*(Number of
     distributed RAMs) + 2*(Number of ripple logic)
      2. Number of logic LUT4s does not include count of distributed RAM and
     ripple logic.

   Number Of Mapped DSP Components:
   --------------------------------
   MULT18X18C          0
   MULT9X9C            0
   ALU54A              0
   ALU24A              0
   --------------------------------
   Number of Used DSP MULT Sites:  0 out of 48 (0 %)
   Number of Used DSP ALU Sites:  0 out of 24 (0 %)
   Number of clocks:  1
     Net ClockxCI_c: 1 loads, 1 rising, 0 falling (Driver: PIO ClockxCI )

                                    Page 1




Design:  EventBeforeOverflow                           Date:  03/13/14  17:48:27

Design Summary (cont)
---------------------
   Number of Clock Enables:  0
   Number of local set/reset loads for net ResetxRBI_c merged into GSR:  2
   Number of LSRs:  0
   Number of nets driven by tri-state buffers:  0
   Top 10 highest fanout non-clock nets:
     Net StatexDP[1]: 3 loads
     Net EventxDI_c: 2 loads
     Net OverflowxDI_c: 2 loads
     Net StatexDP[0]: 2 loads
     Net N_25_i: 1 loads
     Net N_7: 1 loads
     Net ResetxRBI_c: 1 loads




   Number of warnings:  223
   Number of errors:    0

Design Errors/Warnings
----------------------

WARNING - map: C:/3jAER/deviceFirmwarePCBLayout/LatticeECP3/DAViS_USB3/DAViS_USB
     3/source/DevBoardUSB3.lpf(17): Semantic error in "FREQUENCY NET "ClockxC_c"
     100.000000 MHz ;": ClockxC_c matches no clock nets in the design.  Disable
     this preference.
WARNING - map: C:/3jAER/deviceFirmwarePCBLayout/LatticeECP3/DAViS_USB3/DAViS_USB
     3/source/DevBoardUSB3.lpf(18): Semantic error in "USE PRIMARY NET
     "IfClockxCI_c" ;": IfClockxCI_c matches no nets in the design. Disable this
     preference.
WARNING - map: C:/3jAER/deviceFirmwarePCBLayout/LatticeECP3/DAViS_USB3/DAViS_USB
     3/source/DevBoardUSB3.lpf(19): Semantic error in "USE PRIMARY NET
     "ClockxC_c" ;": ClockxC_c matches no nets in the design. Disable this
     preference.
WARNING - map: C:/3jAER/deviceFirmwarePCBLayout/LatticeECP3/DAViS_USB3/DAViS_USB
     3/source/DevBoardUSB3.lpf(38): Semantic error in "DEFINE PORT GROUP
     "FX3FifoData" "FX3FifoDataxDIO_15" 
"FX3FifoDataxDIO_14"
     "FX3FifoDataxDIO_13" 
"FX3FifoDataxDIO_12" 
"FX3FifoDataxDIO_11"
     "FX3FifoDataxDIO_10" 
"FX3FifoDataxDIO_9" 
"FX3FifoDataxDIO_8"
     "FX3FifoDataxDIO_7" 
"FX3FifoDataxDIO_6" 
"FX3FifoDataxDIO_5"
     "FX3FifoDataxDIO_4" 
"FX3FifoDataxDIO_3" 
"FX3FifoDataxDIO_2"
     "FX3FifoDataxDIO_1" 
"FX3FifoDataxDIO_0" ;": "FX3FifoDataxDIO_15" matches
     no ports in the design. "FX3FifoDataxDIO_14" matches no ports in the
     design. "FX3FifoDataxDIO_13" matches no ports in the design.
     "FX3FifoDataxDIO_12" matches no ports in the design. "FX3FifoDataxDIO_11"
     matches no ports in the design. "FX3FifoDataxDIO_10" matches no ports in
     the design. "FX3Fif   ....    design. "FX3FifoDataxDIO_2" matches no ports
     in the design. "FX3FifoDataxDIO_1" matches no ports in the design.
     "FX3FifoDataxDIO_0" matches no ports in the design.  Disable this
     preference.
WARNING - map: C:/3jAER/deviceFirmwarePCBLayout/LatticeECP3/DAViS_USB3/DAViS_USB
     3/source/DevBoardUSB3.lpf(243): Semantic error in "CLOCK_TO_OUT GROUP
     "FX3FifoData" 20.000000 ns MIN 0.000000 ns CLKPORT "IfClockxCI" ;": group
     "FX3FifoData" doesn't find a match in design. "IfClockxCI" matches no ports
     in the design.  Disable this preference.
WARNING - map: C:/3jAER/deviceFirmwarePCBLayout/LatticeECP3/DAViS_USB3/DAViS_USB

                                    Page 2




Design:  EventBeforeOverflow                           Date:  03/13/14  17:48:27

Design Errors/Warnings (cont)
-----------------------------
     3/source/DevBoardUSB3.lpf(244): Semantic error in "CLOCK_TO_OUT PORT
     "FX3FifoWritexEBO" 12.000000 ns MIN 0.000000 ns CLKPORT "IfClockxCI" ;":
     FX3FifoWritexEBO matches no ports in the design. "IfClockxCI" matches no
     ports in the design.  Disable this preference.
WARNING - map: C:/3jAER/deviceFirmwarePCBLayout/LatticeECP3/DAViS_USB3/DAViS_USB
     3/source/DevBoardUSB3.lpf(245): Semantic error in "CLOCK_TO_OUT PORT
     "FX3FifoPktEndxSBO" 15.000000 ns MIN 0.000000 ns CLKPORT "IfClockxCI" ;":
     FX3FifoPktEndxSBO matches no ports in the design. "IfClockxCI" matches no
     ports in the design.  Disable this preference.
WARNING - map: C:/3jAER/deviceFirmwarePCBLayout/LatticeECP3/DAViS_USB3/DAViS_USB
     3/source/DevBoardUSB3.lpf(246): Semantic error in "INPUT_SETUP PORT
     "FX3FifoInFullxSBI" 20.000000 ns HOLD 0.000000 ns CLKPORT "IfClockxCI" ;":
     FX3FifoInFullxSBI matches no ports in the design. "IfClockxCI" matches no
     ports in the design.  Disable this preference.
WARNING - map: C:/3jAER/deviceFirmwarePCBLayout/LatticeECP3/DAViS_USB3/DAViS_USB
     3/source/DevBoardUSB3.lpf(252): Semantic error in "INPUT_SETUP PORT
     "FX3FifoReadxEBO" 20.000000 ns HOLD 0.000000 ns CLKPORT "IfClockxCI" ;":
     FX3FifoReadxEBO matches no ports in the design. "IfClockxCI" matches no
     ports in the design.  Disable this preference.
WARNING - map: C:/3jAER/deviceFirmwarePCBLayout/LatticeECP3/DAViS_USB3/DAViS_USB
     3/source/DevBoardUSB3.lpf(253): Semantic error in "INPUT_SETUP PORT
     "FX3FifoPktEndxSBO" 20.000000 ns HOLD 0.000000 ns CLKPORT "IfClockxCI" ;":
     FX3FifoPktEndxSBO matches no ports in the design. "IfClockxCI" matches no
     ports in the design.  Disable this preference.
WARNING - map: C:/3jAER/deviceFirmwarePCBLayout/LatticeECP3/DAViS_USB3/DAViS_USB
     3/source/DevBoardUSB3.lpf(256): Semantic error in "INPUT_SETUP PORT
     "FX3FifoInFullxSBI" 20.000000 ns HOLD 0.000000 ns CLKPORT "IfClockxCI" ;":
     FX3FifoInFullxSBI matches no ports in the design. "IfClockxCI" matches no
     ports in the design.  Disable this preference.
WARNING - map: C:/3jAER/deviceFirmwarePCBLayout/LatticeECP3/DAViS_USB3/DAViS_USB
     3/source/DevBoardUSB3.lpf(257): Semantic error in "INPUT_SETUP PORT
     "FX3FifoInAlmFullxSBI" 20.000000 ns HOLD 0.000000 ns CLKPORT "IfClockxCI"
     ;": FX3FifoInAlmFullxSBI matches no ports in the design. "IfClockxCI"
     matches no ports in the design.  Disable this preference.
WARNING - map: C:/3jAER/deviceFirmwarePCBLayout/LatticeECP3/DAViS_USB3/DAViS_USB
     3/source/DevBoardUSB3.lpf(258): Semantic error in "INPUT_SETUP PORT
     "FX3FifoInEmptyxSBI" 20.000000 ns HOLD 0.000000 ns CLKPORT "IfClockxCI" ;":
     FX3FifoInEmptyxSBI matches no ports in the design. "IfClockxCI" matches no
     ports in the design.  Disable this preference.
WARNING - map: C:/3jAER/deviceFirmwarePCBLayout/LatticeECP3/DAViS_USB3/DAViS_USB
     3/source/DevBoardUSB3.lpf(259): Semantic error in "INPUT_SETUP PORT
     "FX3FifoInAlmEmptyxSBI" 20.000000 ns HOLD 0.000000 ns CLKPORT "IfClockxCI"
     ;": FX3FifoInAlmEmptyxSBI matches no ports in the design. "IfClockxCI"
     matches no ports in the design.  Disable this preference.
WARNING - map: C:/3jAER/deviceFirmwarePCBLayout/LatticeECP3/DAViS_USB3/DAViS_USB
     3/source/DevBoardUSB3.lpf(262): Semantic error in "OUTPUT PORT
     "FX3FifoDataxDIO_15" LOAD 1.000000 pF ;": FX3FifoDataxDIO_15 matches no
     ports in the design.  Disable this preference.
WARNING - map: C:/3jAER/deviceFirmwarePCBLayout/LatticeECP3/DAViS_USB3/DAViS_USB
     3/source/DevBoardUSB3.lpf(263): Semantic error in "OUTPUT PORT
     "FX3FifoDataxDIO_14" LOAD 1.000000 pF ;": FX3FifoDataxDIO_14 matches no
     ports in the design.  Disable this preference.
WARNING - map: C:/3jAER/deviceFirmwarePCBLayout/LatticeECP3/DAViS_USB3/DAViS_USB
     3/source/DevBoardUSB3.lpf(264): Semantic error in "OUTPUT PORT
     "FX3FifoDataxDIO_13" LOAD 1.000000 pF ;": FX3FifoDataxDIO_13 matches no
     ports in the design.  Disable this preference.

                                    Page 3




Design:  EventBeforeOverflow                           Date:  03/13/14  17:48:27

Design Errors/Warnings (cont)
-----------------------------
WARNING - map: C:/3jAER/deviceFirmwarePCBLayout/LatticeECP3/DAViS_USB3/DAViS_USB
     3/source/DevBoardUSB3.lpf(265): Semantic error in "OUTPUT PORT
     "FX3FifoDataxDIO_12" LOAD 1.000000 pF ;": FX3FifoDataxDIO_12 matches no
     ports in the design.  Disable this preference.
WARNING - map: C:/3jAER/deviceFirmwarePCBLayout/LatticeECP3/DAViS_USB3/DAViS_USB
     3/source/DevBoardUSB3.lpf(266): Semantic error in "OUTPUT PORT
     "FX3FifoDataxDIO_11" LOAD 1.000000 pF ;": FX3FifoDataxDIO_11 matches no
     ports in the design.  Disable this preference.
WARNING - map: C:/3jAER/deviceFirmwarePCBLayout/LatticeECP3/DAViS_USB3/DAViS_USB
     3/source/DevBoardUSB3.lpf(267): Semantic error in "OUTPUT PORT
     "FX3FifoDataxDIO_10" LOAD 1.000000 pF ;": FX3FifoDataxDIO_10 matches no
     ports in the design.  Disable this preference.
WARNING - map: C:/3jAER/deviceFirmwarePCBLayout/LatticeECP3/DAViS_USB3/DAViS_USB
     3/source/DevBoardUSB3.lpf(268): Semantic error in "OUTPUT PORT
     "FX3FifoDataxDIO_9" LOAD 1.000000 pF ;": FX3FifoDataxDIO_9 matches no ports
     in the design.  Disable this preference.
WARNING - map: C:/3jAER/deviceFirmwarePCBLayout/LatticeECP3/DAViS_USB3/DAViS_USB
     3/source/DevBoardUSB3.lpf(269): Semantic error in "OUTPUT PORT
     "FX3FifoDataxDIO_8" LOAD 1.000000 pF ;": FX3FifoDataxDIO_8 matches no ports
     in the design.  Disable this preference.
WARNING - map: C:/3jAER/deviceFirmwarePCBLayout/LatticeECP3/DAViS_USB3/DAViS_USB
     3/source/DevBoardUSB3.lpf(270): Semantic error in "OUTPUT PORT
     "FX3FifoDataxDIO_7" LOAD 1.000000 pF ;": FX3FifoDataxDIO_7 matches no ports
     in the design.  Disable this preference.
WARNING - map: C:/3jAER/deviceFirmwarePCBLayout/LatticeECP3/DAViS_USB3/DAViS_USB
     3/source/DevBoardUSB3.lpf(271): Semantic error in "OUTPUT PORT
     "FX3FifoDataxDIO_6" LOAD 1.000000 pF ;": FX3FifoDataxDIO_6 matches no ports
     in the design.  Disable this preference.
WARNING - map: C:/3jAER/deviceFirmwarePCBLayout/LatticeECP3/DAViS_USB3/DAViS_USB
     3/source/DevBoardUSB3.lpf(272): Semantic error in "OUTPUT PORT
     "FX3FifoDataxDIO_5" LOAD 1.000000 pF ;": FX3FifoDataxDIO_5 matches no ports
     in the design.  Disable this preference.
WARNING - map: C:/3jAER/deviceFirmwarePCBLayout/LatticeECP3/DAViS_USB3/DAViS_USB
     3/source/DevBoardUSB3.lpf(273): Semantic error in "OUTPUT PORT
     "FX3FifoDataxDIO_4" LOAD 1.000000 pF ;": FX3FifoDataxDIO_4 matches no ports
     in the design.  Disable this preference.
WARNING - map: C:/3jAER/deviceFirmwarePCBLayout/LatticeECP3/DAViS_USB3/DAViS_USB
     3/source/DevBoardUSB3.lpf(274): Semantic error in "OUTPUT PORT
     "FX3FifoDataxDIO_3" LOAD 1.000000 pF ;": FX3FifoDataxDIO_3 matches no ports
     in the design.  Disable this preference.
WARNING - map: C:/3jAER/deviceFirmwarePCBLayout/LatticeECP3/DAViS_USB3/DAViS_USB
     3/source/DevBoardUSB3.lpf(275): Semantic error in "OUTPUT PORT
     "FX3FifoDataxDIO_2" LOAD 1.000000 pF ;": FX3FifoDataxDIO_2 matches no ports
     in the design.  Disable this preference.
WARNING - map: C:/3jAER/deviceFirmwarePCBLayout/LatticeECP3/DAViS_USB3/DAViS_USB
     3/source/DevBoardUSB3.lpf(276): Semantic error in "OUTPUT PORT
     "FX3FifoDataxDIO_1" LOAD 1.000000 pF ;": FX3FifoDataxDIO_1 matches no ports
     in the design.  Disable this preference.
WARNING - map: C:/3jAER/deviceFirmwarePCBLayout/LatticeECP3/DAViS_USB3/DAViS_USB
     3/source/DevBoardUSB3.lpf(277): Semantic error in "OUTPUT PORT
     "FX3FifoDataxDIO_0" LOAD 1.000000 pF ;": FX3FifoDataxDIO_0 matches no ports
     in the design.  Disable this preference.
WARNING - map: C:/3jAER/deviceFirmwarePCBLayout/LatticeECP3/DAViS_USB3/DAViS_USB
     3/source/DevBoardUSB3.lpf(292): Semantic error in "OUTPUT PORT
     "ADCclockxCO" LOAD 1.000000 pF ;": ADCclockxCO matches no ports in the
     design.  Disable this preference.

                                    Page 4




Design:  EventBeforeOverflow                           Date:  03/13/14  17:48:27

Design Errors/Warnings (cont)
-----------------------------
WARNING - map: C:/3jAER/deviceFirmwarePCBLayout/LatticeECP3/DAViS_USB3/DAViS_USB
     3/source/DevBoardUSB3.lpf(293): Semantic error in "OUTPUT PORT "ADCoexEBO"
     LOAD 1.000000 pF ;": ADCoexEBO matches no ports in the design.  Disable
     this preference.
WARNING - map: C:/3jAER/deviceFirmwarePCBLayout/LatticeECP3/DAViS_USB3/DAViS_USB
     3/source/DevBoardUSB3.lpf(294): Semantic error in "OUTPUT PORT "ADCstbyxEO"
     LOAD 1.000000 pF ;": ADCstbyxEO matches no ports in the design.  Disable
     this preference.
WARNING - map: C:/3jAER/deviceFirmwarePCBLayout/LatticeECP3/DAViS_USB3/DAViS_USB
     3/source/DevBoardUSB3.lpf(295): Semantic error in "OUTPUT PORT
     "CDVSTestSRRowClockxSO" LOAD 1.000000 pF ;": CDVSTestSRRowClockxSO matches
     no ports in the design.  Disable this preference.
WARNING - map: C:/3jAER/deviceFirmwarePCBLayout/LatticeECP3/DAViS_USB3/DAViS_USB
     3/source/DevBoardUSB3.lpf(296): Semantic error in "OUTPUT PORT
     "CDVSTestSRColClockxSO" LOAD 1.000000 pF ;": CDVSTestSRColClockxSO matches
     no ports in the design.  Disable this preference.
WARNING - map: C:/3jAER/deviceFirmwarePCBLayout/LatticeECP3/DAViS_USB3/DAViS_USB
     3/source/DevBoardUSB3.lpf(297): Semantic error in "OUTPUT PORT
     "CDVSTestSRRowInxSO" LOAD 1.000000 pF ;": CDVSTestSRRowInxSO matches no
     ports in the design.  Disable this preference.
WARNING - map: C:/3jAER/deviceFirmwarePCBLayout/LatticeECP3/DAViS_USB3/DAViS_USB
     3/source/DevBoardUSB3.lpf(298): Semantic error in "OUTPUT PORT
     "CDVSTestSRColInxSO" LOAD 1.000000 pF ;": CDVSTestSRColInxSO matches no
     ports in the design.  Disable this preference.
WARNING - map: C:/3jAER/deviceFirmwarePCBLayout/LatticeECP3/DAViS_USB3/DAViS_USB
     3/source/DevBoardUSB3.lpf(299): Semantic error in "OUTPUT PORT
     "CDVSTestBiasEnablexEO" LOAD 1.000000 pF ;": CDVSTestBiasEnablexEO matches
     no ports in the design.  Disable this preference.
WARNING - map: C:/3jAER/deviceFirmwarePCBLayout/LatticeECP3/DAViS_USB3/DAViS_USB
     3/source/DevBoardUSB3.lpf(300): Semantic error in "OUTPUT PORT
     "CDVSTestChipResetxRBO" LOAD 1.000000 pF ;": CDVSTestChipResetxRBO matches
     no ports in the design.  Disable this preference.
WARNING - map: C:/3jAER/deviceFirmwarePCBLayout/LatticeECP3/DAViS_USB3/DAViS_USB
     3/source/DevBoardUSB3.lpf(301): Semantic error in "OUTPUT PORT
     "CDVSTestColMode0xSO" LOAD 1.000000 pF ;": CDVSTestColMode0xSO matches no
     ports in the design.  Disable this preference.
WARNING - map: C:/3jAER/deviceFirmwarePCBLayout/LatticeECP3/DAViS_USB3/DAViS_USB
     3/source/DevBoardUSB3.lpf(302): Semantic error in "OUTPUT PORT
     "CDVSTestColMode1xSO" LOAD 1.000000 pF ;": CDVSTestColMode1xSO matches no
     ports in the design.  Disable this preference.
WARNING - map: C:/3jAER/deviceFirmwarePCBLayout/LatticeECP3/DAViS_USB3/DAViS_USB
     3/source/DevBoardUSB3.lpf(303): Semantic error in "OUTPUT PORT
     "CDVSTestBiasDiagSelxSO" LOAD 1.000000 pF ;": CDVSTestBiasDiagSelxSO
     matches no ports in the design.  Disable this preference.
WARNING - map: C:/3jAER/deviceFirmwarePCBLayout/LatticeECP3/DAViS_USB3/DAViS_USB
     3/source/DevBoardUSB3.lpf(304): Semantic error in "OUTPUT PORT
     "CDVSTestApsTxGatexSO" LOAD 1.000000 pF ;": CDVSTestApsTxGatexSO matches no
     ports in the design.  Disable this preference.
WARNING - map: C:/3jAER/deviceFirmwarePCBLayout/LatticeECP3/DAViS_USB3/DAViS_USB
     3/source/DevBoardUSB3.lpf(306): Semantic error in "OUTPUT PORT "LED1xSO"
     LOAD 1.000000 pF ;": LED1xSO matches no ports in the design.  Disable this
     preference.
WARNING - map: C:/3jAER/deviceFirmwarePCBLayout/LatticeECP3/DAViS_USB3/DAViS_USB
     3/source/DevBoardUSB3.lpf(307): Semantic error in "OUTPUT PORT "LED2xSO"
     LOAD 1.000000 pF ;": LED2xSO matches no ports in the design.  Disable this
     preference.

                                    Page 5




Design:  EventBeforeOverflow                           Date:  03/13/14  17:48:27

Design Errors/Warnings (cont)
-----------------------------
WARNING - map: C:/3jAER/deviceFirmwarePCBLayout/LatticeECP3/DAViS_USB3/DAViS_USB
     3/source/DevBoardUSB3.lpf(308): Semantic error in "OUTPUT PORT "LED3xSO"
     LOAD 1.000000 pF ;": LED3xSO matches no ports in the design.  Disable this
     preference.
WARNING - map: C:/3jAER/deviceFirmwarePCBLayout/LatticeECP3/DAViS_USB3/DAViS_USB
     3/source/DevBoardUSB3.lpf(309): Semantic error in "OUTPUT PORT "LED4xSO"
     LOAD 1.000000 pF ;": LED4xSO matches no ports in the design.  Disable this
     preference.
WARNING - map: C:/3jAER/deviceFirmwarePCBLayout/LatticeECP3/DAViS_USB3/DAViS_USB
     3/source/DevBoardUSB3.lpf(310): Semantic error in "OUTPUT PORT "LED5xSO"
     LOAD 1.000000 pF ;": LED5xSO matches no ports in the design.  Disable this
     preference.
WARNING - map: C:/3jAER/deviceFirmwarePCBLayout/LatticeECP3/DAViS_USB3/DAViS_USB
     3/source/DevBoardUSB3.lpf(312): Semantic error in "OUTPUT PORT
     "AERMonitorACKxSBO" LOAD 1.000000 pF ;": AERMonitorACKxSBO matches no ports
     in the design.  Disable this preference.
WARNING - map: C:/3jAER/deviceFirmwarePCBLayout/LatticeECP3/DAViS_USB3/DAViS_USB
     3/source/DevBoardUSB3.lpf(313): Semantic error in "OUTPUT PORT
     "Vref2_2xDIO" LOAD 1.000000 pF ;": Vref2_2xDIO matches no ports in the
     design.  Disable this preference.
WARNING - map: C:/3jAER/deviceFirmwarePCBLayout/LatticeECP3/DAViS_USB3/DAViS_USB
     3/source/DevBoardUSB3.lpf(314): Semantic error in "OUTPUT PORT
     "Vref1_2xDIO" LOAD 1.000000 pF ;": Vref1_2xDIO matches no ports in the
     design.  Disable this preference.
WARNING - map: C:/3jAER/deviceFirmwarePCBLayout/LatticeECP3/DAViS_USB3/DAViS_USB
     3/source/DevBoardUSB3.lpf(315): Semantic error in "OUTPUT PORT "CLKC1_DIO"
     LOAD 1.000000 pF ;": CLKC1_DIO matches no ports in the design.  Disable
     this preference.
WARNING - map: C:/3jAER/deviceFirmwarePCBLayout/LatticeECP3/DAViS_USB3/DAViS_USB
     3/source/DevBoardUSB3.lpf(316): Semantic error in "OUTPUT PORT "CLKT1_DIO"
     LOAD 1.000000 pF ;": CLKT1_DIO matches no ports in the design.  Disable
     this preference.
WARNING - map: C:/3jAER/deviceFirmwarePCBLayout/LatticeECP3/DAViS_USB3/DAViS_USB
     3/source/DevBoardUSB3.lpf(350): Semantic error in "IOBUF PORT
     "AERMonitorACKxSBO" IO_TYPE=LVCMOS33 PULLMODE=KEEPER DRIVE=14 ;": Key
     DRIVE=14 is not supported for this device. Default value NA will be used.
     Disabled this preference.
WARNING - map: C:/3jAER/deviceFirmwarePCBLayout/LatticeECP3/DAViS_USB3/DAViS_USB
     3/source/DevBoardUSB3.lpf(361): Semantic error in "OUTPUT PORT
     "SyncOut1xSBO" LOAD 1.000000 pF ;": SyncOut1xSBO matches no ports in the
     design.  Disable this preference.
WARNING - map: C:/3jAER/deviceFirmwarePCBLayout/LatticeECP3/DAViS_USB3/DAViS_USB
     3/source/DevBoardUSB3.lpf(362): Semantic error in "OUTPUT PORT
     "SyncOut2xSBO" LOAD 1.000000 pF ;": SyncOut2xSBO matches no ports in the
     design.  Disable this preference.
WARNING - map: C:/3jAER/deviceFirmwarePCBLayout/LatticeECP3/DAViS_USB3/DAViS_USB
     3/source/DevBoardUSB3.lpf(63): Semantic error in "LOCATE COMP "SyncInSWxEI"
     SITE "A3" ;": COMP "SyncInSWxEI" not found in design. Disable this
     preference.
WARNING - map: C:/3jAER/deviceFirmwarePCBLayout/LatticeECP3/DAViS_USB3/DAViS_USB
     3/source/DevBoardUSB3.lpf(64): Semantic error in "LOCATE COMP
     "SyncInCLKxCB" SITE "A2" ;": COMP "SyncInCLKxCB" not found in design.
     Disable this preference.
WARNING - map: C:/3jAER/deviceFirmwarePCBLayout/LatticeECP3/DAViS_USB3/DAViS_USB
     3/source/DevBoardUSB3.lpf(65): Semantic error in "LOCATE COMP "SyncIN2xABI"
     SITE "A4" ;": COMP "SyncIN2xABI" not found in design. Disable this

                                    Page 6




Design:  EventBeforeOverflow                           Date:  03/13/14  17:48:27

Design Errors/Warnings (cont)
-----------------------------
     preference.
WARNING - map: C:/3jAER/deviceFirmwarePCBLayout/LatticeECP3/DAViS_USB3/DAViS_USB
     3/source/DevBoardUSB3.lpf(66): Semantic error in "LOCATE COMP
     "SyncOutSWxEI" SITE "A14" ;": COMP "SyncOutSWxEI" not found in design.
     Disable this preference.
WARNING - map: C:/3jAER/deviceFirmwarePCBLayout/LatticeECP3/DAViS_USB3/DAViS_USB
     3/source/DevBoardUSB3.lpf(67): Semantic error in "LOCATE COMP
     "SyncOut1xSBO" SITE "A13" ;": COMP "SyncOut1xSBO" not found in design.
     Disable this preference.
WARNING - map: C:/3jAER/deviceFirmwarePCBLayout/LatticeECP3/DAViS_USB3/DAViS_USB
     3/source/DevBoardUSB3.lpf(69): Semantic error in "LOCATE COMP "PE3xSI" SITE
     "J16" ;": COMP "PE3xSI" not found in design. Disable this preference.
WARNING - map: C:/3jAER/deviceFirmwarePCBLayout/LatticeECP3/DAViS_USB3/DAViS_USB
     3/source/DevBoardUSB3.lpf(70): Semantic error in "LOCATE COMP "PA3xSI" SITE
     "K16" ;": COMP "PA3xSI" not found in design. Disable this preference.
WARNING - map: C:/3jAER/deviceFirmwarePCBLayout/LatticeECP3/DAViS_USB3/DAViS_USB
     3/source/DevBoardUSB3.lpf(71): Semantic error in "LOCATE COMP "PC0xSI" SITE
     "T15" ;": COMP "PC0xSI" not found in design. Disable this preference.
WARNING - map: C:/3jAER/deviceFirmwarePCBLayout/LatticeECP3/DAViS_USB3/DAViS_USB
     3/source/DevBoardUSB3.lpf(72): Semantic error in "LOCATE COMP "PE2xSI" SITE
     "R14" ;": COMP "PE2xSI" not found in design. Disable this preference.
WARNING - map: C:/3jAER/deviceFirmwarePCBLayout/LatticeECP3/DAViS_USB3/DAViS_USB
     3/source/DevBoardUSB3.lpf(73): Semantic error in "LOCATE COMP "PC1xSI" SITE
     "P14" ;": COMP "PC1xSI" not found in design. Disable this preference.
WARNING - map: C:/3jAER/deviceFirmwarePCBLayout/LatticeECP3/DAViS_USB3/DAViS_USB
     3/source/DevBoardUSB3.lpf(74): Semantic error in "LOCATE COMP "PC2xSI" SITE
     "P16" ;": COMP "PC2xSI" not found in design. Disable this preference.
WARNING - map: C:/3jAER/deviceFirmwarePCBLayout/LatticeECP3/DAViS_USB3/DAViS_USB
     3/source/DevBoardUSB3.lpf(75): Semantic error in "LOCATE COMP "PC3xSI" SITE
     "P15" ;": COMP "PC3xSI" not found in design. Disable this preference.
WARNING - map: C:/3jAER/deviceFirmwarePCBLayout/LatticeECP3/DAViS_USB3/DAViS_USB
     3/source/DevBoardUSB3.lpf(76): Semantic error in "LOCATE COMP "PA7xSI" SITE
     "R16" ;": COMP "PA7xSI" not found in design. Disable this preference.
WARNING - map: C:/3jAER/deviceFirmwarePCBLayout/LatticeECP3/DAViS_USB3/DAViS_USB
     3/source/DevBoardUSB3.lpf(77): Semantic error in "LOCATE COMP "PA1xSI" SITE
     "T14" ;": COMP "PA1xSI" not found in design. Disable this preference.
WARNING - map: C:/3jAER/deviceFirmwarePCBLayout/LatticeECP3/DAViS_USB3/DAViS_USB
     3/source/DevBoardUSB3.lpf(78): Semantic error in "LOCATE COMP "PA0xSI" SITE
     "R15" ;": COMP "PA0xSI" not found in design. Disable this preference.
WARNING - map: C:/3jAER/deviceFirmwarePCBLayout/LatticeECP3/DAViS_USB3/DAViS_USB
     3/source/DevBoardUSB3.lpf(80): Semantic error in "LOCATE COMP
     "AERMonitorREQxABI" SITE "B9" ;": COMP "AERMonitorREQxABI" not found in
     design. Disable this preference.
WARNING - map: C:/3jAER/deviceFirmwarePCBLayout/LatticeECP3/DAViS_USB3/DAViS_USB
     3/source/DevBoardUSB3.lpf(81): Semantic error in "LOCATE COMP
     "AERMonitorACKxSBO" SITE "C8" ;": COMP "AERMonitorACKxSBO" not found in
     design. Disable this preference.
WARNING - map: C:/3jAER/deviceFirmwarePCBLayout/LatticeECP3/DAViS_USB3/DAViS_USB
     3/source/DevBoardUSB3.lpf(82): Semantic error in "LOCATE COMP
     "AERMonitorAddressxDI_9" SITE "H3" ;": COMP "AERMonitorAddressxDI_9" not
     found in design. Disable this preference.
WARNING - map: C:/3jAER/deviceFirmwarePCBLayout/LatticeECP3/DAViS_USB3/DAViS_USB
     3/source/DevBoardUSB3.lpf(83): Semantic error in "LOCATE COMP
     "AERMonitorAddressxDI_8" SITE "J3" ;": COMP "AERMonitorAddressxDI_8" not
     found in design. Disable this preference.
WARNING - map: C:/3jAER/deviceFirmwarePCBLayout/LatticeECP3/DAViS_USB3/DAViS_USB

                                    Page 7




Design:  EventBeforeOverflow                           Date:  03/13/14  17:48:27

Design Errors/Warnings (cont)
-----------------------------
     3/source/DevBoardUSB3.lpf(84): Semantic error in "LOCATE COMP
     "AERMonitorAddressxDI_7" SITE "G3" ;": COMP "AERMonitorAddressxDI_7" not
     found in design. Disable this preference.
WARNING - map: C:/3jAER/deviceFirmwarePCBLayout/LatticeECP3/DAViS_USB3/DAViS_USB
     3/source/DevBoardUSB3.lpf(85): Semantic error in "LOCATE COMP
     "AERMonitorAddressxDI_6" SITE "F3" ;": COMP "AERMonitorAddressxDI_6" not
     found in design. Disable this preference.
WARNING - map: C:/3jAER/deviceFirmwarePCBLayout/LatticeECP3/DAViS_USB3/DAViS_USB
     3/source/DevBoardUSB3.lpf(86): Semantic error in "LOCATE COMP
     "AERMonitorAddressxDI_5" SITE "F2" ;": COMP "AERMonitorAddressxDI_5" not
     found in design. Disable this preference.
WARNING - map: C:/3jAER/deviceFirmwarePCBLayout/LatticeECP3/DAViS_USB3/DAViS_USB
     3/source/DevBoardUSB3.lpf(87): Semantic error in "LOCATE COMP
     "AERMonitorAddressxDI_4" SITE "F1" ;": COMP "AERMonitorAddressxDI_4" not
     found in design. Disable this preference.
WARNING - map: C:/3jAER/deviceFirmwarePCBLayout/LatticeECP3/DAViS_USB3/DAViS_USB
     3/source/DevBoardUSB3.lpf(88): Semantic error in "LOCATE COMP
     "AERMonitorAddressxDI_3" SITE "G2" ;": COMP "AERMonitorAddressxDI_3" not
     found in design. Disable this preference.
WARNING - map: C:/3jAER/deviceFirmwarePCBLayout/LatticeECP3/DAViS_USB3/DAViS_USB
     3/source/DevBoardUSB3.lpf(89): Semantic error in "LOCATE COMP
     "AERMonitorAddressxDI_2" SITE "G1" ;": COMP "AERMonitorAddressxDI_2" not
     found in design. Disable this preference.
WARNING - map: C:/3jAER/deviceFirmwarePCBLayout/LatticeECP3/DAViS_USB3/DAViS_USB
     3/source/DevBoardUSB3.lpf(90): Semantic error in "LOCATE COMP
     "AERMonitorAddressxDI_1" SITE "H2" ;": COMP "AERMonitorAddressxDI_1" not
     found in design. Disable this preference.
WARNING - map: C:/3jAER/deviceFirmwarePCBLayout/LatticeECP3/DAViS_USB3/DAViS_USB
     3/source/DevBoardUSB3.lpf(91): Semantic error in "LOCATE COMP
     "AERMonitorAddressxDI_0" SITE "H1" ;": COMP "AERMonitorAddressxDI_0" not
     found in design. Disable this preference.
WARNING - map: C:/3jAER/deviceFirmwarePCBLayout/LatticeECP3/DAViS_USB3/DAViS_USB
     3/source/DevBoardUSB3.lpf(93): Semantic error in "LOCATE COMP
     "FX3FifoDataxDIO_15" SITE "M1" ;": COMP "FX3FifoDataxDIO_15" not found in
     design. Disable this preference.
WARNING - map: C:/3jAER/deviceFirmwarePCBLayout/LatticeECP3/DAViS_USB3/DAViS_USB
     3/source/DevBoardUSB3.lpf(94): Semantic error in "LOCATE COMP
     "FX3FifoDataxDIO_14" SITE "L5" ;": COMP "FX3FifoDataxDIO_14" not found in
     design. Disable this preference.
WARNING - map: C:/3jAER/deviceFirmwarePCBLayout/LatticeECP3/DAViS_USB3/DAViS_USB
     3/source/DevBoardUSB3.lpf(95): Semantic error in "LOCATE COMP
     "FX3FifoDataxDIO_13" SITE "P3" ;": COMP "FX3FifoDataxDIO_13" not found in
     design. Disable this preference.
WARNING - map: C:/3jAER/deviceFirmwarePCBLayout/LatticeECP3/DAViS_USB3/DAViS_USB
     3/source/DevBoardUSB3.lpf(96): Semantic error in "LOCATE COMP
     "FX3FifoDataxDIO_12" SITE "L4" ;": COMP "FX3FifoDataxDIO_12" not found in
     design. Disable this preference.
WARNING - map: C:/3jAER/deviceFirmwarePCBLayout/LatticeECP3/DAViS_USB3/DAViS_USB
     3/source/DevBoardUSB3.lpf(97): Semantic error in "LOCATE COMP
     "FX3FifoDataxDIO_11" SITE "K2" ;": COMP "FX3FifoDataxDIO_11" not found in
     design. Disable this preference.
WARNING - map: C:/3jAER/deviceFirmwarePCBLayout/LatticeECP3/DAViS_USB3/DAViS_USB
     3/source/DevBoardUSB3.lpf(98): Semantic error in "LOCATE COMP
     "FX3FifoDataxDIO_10" SITE "R1" ;": COMP "FX3FifoDataxDIO_10" not found in
     design. Disable this preference.
WARNING - map: C:/3jAER/deviceFirmwarePCBLayout/LatticeECP3/DAViS_USB3/DAViS_USB

                                    Page 8




Design:  EventBeforeOverflow                           Date:  03/13/14  17:48:27

Design Errors/Warnings (cont)
-----------------------------
     3/source/DevBoardUSB3.lpf(99): Semantic error in "LOCATE COMP
     "FX3FifoDataxDIO_9" SITE "K1" ;": COMP "FX3FifoDataxDIO_9" not found in
     design. Disable this preference.
WARNING - map: C:/3jAER/deviceFirmwarePCBLayout/LatticeECP3/DAViS_USB3/DAViS_USB
     3/source/DevBoardUSB3.lpf(100): Semantic error in "LOCATE COMP
     "FX3FifoDataxDIO_8" SITE "N1" ;": COMP "FX3FifoDataxDIO_8" not found in
     design. Disable this preference.
WARNING - map: C:/3jAER/deviceFirmwarePCBLayout/LatticeECP3/DAViS_USB3/DAViS_USB
     3/source/DevBoardUSB3.lpf(101): Semantic error in "LOCATE COMP
     "FX3FifoDataxDIO_7" SITE "P2" ;": COMP "FX3FifoDataxDIO_7" not found in
     design. Disable this preference.
WARNING - map: C:/3jAER/deviceFirmwarePCBLayout/LatticeECP3/DAViS_USB3/DAViS_USB
     3/source/DevBoardUSB3.lpf(102): Semantic error in "LOCATE COMP
     "FX3FifoDataxDIO_6" SITE "P1" ;": COMP "FX3FifoDataxDIO_6" not found in
     design. Disable this preference.
WARNING - map: C:/3jAER/deviceFirmwarePCBLayout/LatticeECP3/DAViS_USB3/DAViS_USB
     3/source/DevBoardUSB3.lpf(103): Semantic error in "LOCATE COMP
     "FX3FifoDataxDIO_5" SITE "R3" ;": COMP "FX3FifoDataxDIO_5" not found in
     design. Disable this preference.
WARNING - map: C:/3jAER/deviceFirmwarePCBLayout/LatticeECP3/DAViS_USB3/DAViS_USB
     3/source/DevBoardUSB3.lpf(104): Semantic error in "LOCATE COMP
     "FX3FifoDataxDIO_4" SITE "R2" ;": COMP "FX3FifoDataxDIO_4" not found in
     design. Disable this preference.
WARNING - map: C:/3jAER/deviceFirmwarePCBLayout/LatticeECP3/DAViS_USB3/DAViS_USB
     3/source/DevBoardUSB3.lpf(105): Semantic error in "LOCATE COMP
     "FX3FifoDataxDIO_3" SITE "M2" ;": COMP "FX3FifoDataxDIO_3" not found in
     design. Disable this preference.
WARNING - map: C:/3jAER/deviceFirmwarePCBLayout/LatticeECP3/DAViS_USB3/DAViS_USB
     3/source/DevBoardUSB3.lpf(106): Semantic error in "LOCATE COMP
     "FX3FifoDataxDIO_2" SITE "L2" ;": COMP "FX3FifoDataxDIO_2" not found in
     design. Disable this preference.
WARNING - map: C:/3jAER/deviceFirmwarePCBLayout/LatticeECP3/DAViS_USB3/DAViS_USB
     3/source/DevBoardUSB3.lpf(107): Semantic error in "LOCATE COMP
     "FX3FifoDataxDIO_1" SITE "T3" ;": COMP "FX3FifoDataxDIO_1" not found in
     design. Disable this preference.
WARNING - map: C:/3jAER/deviceFirmwarePCBLayout/LatticeECP3/DAViS_USB3/DAViS_USB
     3/source/DevBoardUSB3.lpf(108): Semantic error in "LOCATE COMP
     "FX3FifoDataxDIO_0" SITE "T2" ;": COMP "FX3FifoDataxDIO_0" not found in
     design. Disable this preference.
WARNING - map: C:/3jAER/deviceFirmwarePCBLayout/LatticeECP3/DAViS_USB3/DAViS_USB
     3/source/DevBoardUSB3.lpf(109): Semantic error in "LOCATE COMP
     "FX3FifoWritexEBO" SITE "H13" ;": COMP "FX3FifoWritexEBO" not found in
     design. Disable this preference.
WARNING - map: C:/3jAER/deviceFirmwarePCBLayout/LatticeECP3/DAViS_USB3/DAViS_USB
     3/source/DevBoardUSB3.lpf(110): Semantic error in "LOCATE COMP
     "FX3FifoReadxEBO" SITE "K14" ;": COMP "FX3FifoReadxEBO" not found in
     design. Disable this preference.
WARNING - map: C:/3jAER/deviceFirmwarePCBLayout/LatticeECP3/DAViS_USB3/DAViS_USB
     3/source/DevBoardUSB3.lpf(111): Semantic error in "LOCATE COMP
     "FX3FifoPktEndxSBO" SITE "L14" ;": COMP "FX3FifoPktEndxSBO" not found in
     design. Disable this preference.
WARNING - map: C:/3jAER/deviceFirmwarePCBLayout/LatticeECP3/DAViS_USB3/DAViS_USB
     3/source/DevBoardUSB3.lpf(112): Semantic error in "LOCATE COMP
     "FX3FifoAddressxDO_0" SITE "F14" ;": COMP "FX3FifoAddressxDO_0" not found
     in design. Disable this preference.
WARNING - map: C:/3jAER/deviceFirmwarePCBLayout/LatticeECP3/DAViS_USB3/DAViS_USB

                                    Page 9




Design:  EventBeforeOverflow                           Date:  03/13/14  17:48:27

Design Errors/Warnings (cont)
-----------------------------
     3/source/DevBoardUSB3.lpf(113): Semantic error in "LOCATE COMP
     "FX3FifoAddressxDO_1" SITE "H14" ;": COMP "FX3FifoAddressxDO_1" not found
     in design. Disable this preference.
WARNING - map: C:/3jAER/deviceFirmwarePCBLayout/LatticeECP3/DAViS_USB3/DAViS_USB
     3/source/DevBoardUSB3.lpf(114): Semantic error in "LOCATE COMP
     "FX3FifoInFullxSBI" SITE "E14" ;": COMP "FX3FifoInFullxSBI" not found in
     design. Disable this preference.
WARNING - map: C:/3jAER/deviceFirmwarePCBLayout/LatticeECP3/DAViS_USB3/DAViS_USB
     3/source/DevBoardUSB3.lpf(115): Semantic error in "LOCATE COMP
     "FX3FifoInAlmFullxSBI" SITE "L3" ;": COMP "FX3FifoInAlmFullxSBI" not found
     in design. Disable this preference.
WARNING - map: C:/3jAER/deviceFirmwarePCBLayout/LatticeECP3/DAViS_USB3/DAViS_USB
     3/source/DevBoardUSB3.lpf(116): Semantic error in "LOCATE COMP
     "FX3FifoInEmptyxSBI" SITE "B13" ;": COMP "FX3FifoInEmptyxSBI" not found in
     design. Disable this preference.
WARNING - map: C:/3jAER/deviceFirmwarePCBLayout/LatticeECP3/DAViS_USB3/DAViS_USB
     3/source/DevBoardUSB3.lpf(117): Semantic error in "LOCATE COMP
     "FX3FifoInAlmEmptyxSBI" SITE "K4" ;": COMP "FX3FifoInAlmEmptyxSBI" not
     found in design. Disable this preference.
WARNING - map: C:/3jAER/deviceFirmwarePCBLayout/LatticeECP3/DAViS_USB3/DAViS_USB
     3/source/DevBoardUSB3.lpf(118): Semantic error in "LOCATE COMP
     "FX3FifoSLCSxEBO" SITE "B14" ;": COMP "FX3FifoSLCSxEBO" not found in
     design. Disable this preference.
WARNING - map: C:/3jAER/deviceFirmwarePCBLayout/LatticeECP3/DAViS_USB3/DAViS_USB
     3/source/DevBoardUSB3.lpf(122): Semantic error in "LOCATE COMP "IfClockxCI"
     SITE "K3" ;": COMP "IfClockxCI" not found in design. Disable this
     preference.
WARNING - map: C:/3jAER/deviceFirmwarePCBLayout/LatticeECP3/DAViS_USB3/DAViS_USB
     3/source/DevBoardUSB3.lpf(123): Semantic error in "LOCATE COMP
     "CDVSTestSRRowClockxSO" SITE "D9" ;": COMP "CDVSTestSRRowClockxSO" not
     found in design. Disable this preference.
WARNING - map: C:/3jAER/deviceFirmwarePCBLayout/LatticeECP3/DAViS_USB3/DAViS_USB
     3/source/DevBoardUSB3.lpf(124): Semantic error in "LOCATE COMP
     "CDVSTestSRColClockxSO" SITE "D11" ;": COMP "CDVSTestSRColClockxSO" not
     found in design. Disable this preference.
WARNING - map: C:/3jAER/deviceFirmwarePCBLayout/LatticeECP3/DAViS_USB3/DAViS_USB
     3/source/DevBoardUSB3.lpf(125): Semantic error in "LOCATE COMP
     "CDVSTestSRRowInxSO" SITE "C9" ;": COMP "CDVSTestSRRowInxSO" not found in
     design. Disable this preference.
WARNING - map: C:/3jAER/deviceFirmwarePCBLayout/LatticeECP3/DAViS_USB3/DAViS_USB
     3/source/DevBoardUSB3.lpf(126): Semantic error in "LOCATE COMP
     "CDVSTestSRColInxSO" SITE "D12" ;": COMP "CDVSTestSRColInxSO" not found in
     design. Disable this preference.
WARNING - map: C:/3jAER/deviceFirmwarePCBLayout/LatticeECP3/DAViS_USB3/DAViS_USB
     3/source/DevBoardUSB3.lpf(127): Semantic error in "LOCATE COMP
     "CDVSTestBiasEnablexEO" SITE "D8" ;": COMP "CDVSTestBiasEnablexEO" not
     found in design. Disable this preference.
WARNING - map: C:/3jAER/deviceFirmwarePCBLayout/LatticeECP3/DAViS_USB3/DAViS_USB
     3/source/DevBoardUSB3.lpf(128): Semantic error in "LOCATE COMP
     "CDVSTestChipResetxRBO" SITE "E11" ;": COMP "CDVSTestChipResetxRBO" not
     found in design. Disable this preference.
WARNING - map: C:/3jAER/deviceFirmwarePCBLayout/LatticeECP3/DAViS_USB3/DAViS_USB
     3/source/DevBoardUSB3.lpf(129): Semantic error in "LOCATE COMP
     "CDVSTestColMode0xSO" SITE "B11" ;": COMP "CDVSTestColMode0xSO" not found
     in design. Disable this preference.
WARNING - map: C:/3jAER/deviceFirmwarePCBLayout/LatticeECP3/DAViS_USB3/DAViS_USB

                                   Page 10




Design:  EventBeforeOverflow                           Date:  03/13/14  17:48:27

Design Errors/Warnings (cont)
-----------------------------
     3/source/DevBoardUSB3.lpf(130): Semantic error in "LOCATE COMP
     "CDVSTestColMode1xSO" SITE "C11" ;": COMP "CDVSTestColMode1xSO" not found
     in design. Disable this preference.
WARNING - map: C:/3jAER/deviceFirmwarePCBLayout/LatticeECP3/DAViS_USB3/DAViS_USB
     3/source/DevBoardUSB3.lpf(131): Semantic error in "LOCATE COMP
     "CDVSTestBiasDiagSelxSO" SITE "D7" ;": COMP "CDVSTestBiasDiagSelxSO" not
     found in design. Disable this preference.
WARNING - map: C:/3jAER/deviceFirmwarePCBLayout/LatticeECP3/DAViS_USB3/DAViS_USB
     3/source/DevBoardUSB3.lpf(132): Semantic error in "LOCATE COMP
     "CDVSTestBiasBitOutxSI" SITE "A8" ;": COMP "CDVSTestBiasBitOutxSI" not
     found in design. Disable this preference.
WARNING - map: C:/3jAER/deviceFirmwarePCBLayout/LatticeECP3/DAViS_USB3/DAViS_USB
     3/source/DevBoardUSB3.lpf(133): Semantic error in "LOCATE COMP
     "CDVSTestApsTxGatexSO" SITE "A9" ;": COMP "CDVSTestApsTxGatexSO" not found
     in design. Disable this preference.
WARNING - map: C:/3jAER/deviceFirmwarePCBLayout/LatticeECP3/DAViS_USB3/DAViS_USB
     3/source/DevBoardUSB3.lpf(134): Semantic error in "LOCATE COMP "LED1xSO"
     SITE "C3" ;": COMP "LED1xSO" not found in design. Disable this preference.
WARNING - map: C:/3jAER/deviceFirmwarePCBLayout/LatticeECP3/DAViS_USB3/DAViS_USB
     3/source/DevBoardUSB3.lpf(135): Semantic error in "LOCATE COMP "LED2xSO"
     SITE "A12" ;": COMP "LED2xSO" not found in design. Disable this preference.
WARNING - map: C:/3jAER/deviceFirmwarePCBLayout/LatticeECP3/DAViS_USB3/DAViS_USB
     3/source/DevBoardUSB3.lpf(136): Semantic error in "LOCATE COMP "LED3xSO"
     SITE "B3" ;": COMP "LED3xSO" not found in design. Disable this preference.
WARNING - map: C:/3jAER/deviceFirmwarePCBLayout/LatticeECP3/DAViS_USB3/DAViS_USB
     3/source/DevBoardUSB3.lpf(137): Semantic error in "LOCATE COMP "LED4xSO"
     SITE "A11" ;": COMP "LED4xSO" not found in design. Disable this preference.
WARNING - map: C:/3jAER/deviceFirmwarePCBLayout/LatticeECP3/DAViS_USB3/DAViS_USB
     3/source/DevBoardUSB3.lpf(139): Semantic error in "LOCATE COMP
     "ADCclockxCO" SITE "B10" ;": COMP "ADCclockxCO" not found in design.
     Disable this preference.
WARNING - map: C:/3jAER/deviceFirmwarePCBLayout/LatticeECP3/DAViS_USB3/DAViS_USB
     3/source/DevBoardUSB3.lpf(140): Semantic error in "LOCATE COMP "ADCoexEBO"
     SITE "C10" ;": COMP "ADCoexEBO" not found in design. Disable this
     preference.
WARNING - map: C:/3jAER/deviceFirmwarePCBLayout/LatticeECP3/DAViS_USB3/DAViS_USB
     3/source/DevBoardUSB3.lpf(141): Semantic error in "LOCATE COMP "ADCstbyxEO"
     SITE "D10" ;": COMP "ADCstbyxEO" not found in design. Disable this
     preference.
WARNING - map: C:/3jAER/deviceFirmwarePCBLayout/LatticeECP3/DAViS_USB3/DAViS_USB
     3/source/DevBoardUSB3.lpf(142): Semantic error in "LOCATE COMP "ADCovrxSI"
     SITE "A10" ;": COMP "ADCovrxSI" not found in design. Disable this
     preference.
WARNING - map: C:/3jAER/deviceFirmwarePCBLayout/LatticeECP3/DAViS_USB3/DAViS_USB
     3/source/DevBoardUSB3.lpf(143): Semantic error in "LOCATE COMP
     "ADCwordxDI_9" SITE "J15" ;": COMP "ADCwordxDI_9" not found in design.
     Disable this preference.
WARNING - map: C:/3jAER/deviceFirmwarePCBLayout/LatticeECP3/DAViS_USB3/DAViS_USB
     3/source/DevBoardUSB3.lpf(144): Semantic error in "LOCATE COMP
     "ADCwordxDI_8" SITE "H16" ;": COMP "ADCwordxDI_8" not found in design.
     Disable this preference.
WARNING - map: C:/3jAER/deviceFirmwarePCBLayout/LatticeECP3/DAViS_USB3/DAViS_USB
     3/source/DevBoardUSB3.lpf(145): Semantic error in "LOCATE COMP
     "ADCwordxDI_7" SITE "G15" ;": COMP "ADCwordxDI_7" not found in design.
     Disable this preference.
WARNING - map: C:/3jAER/deviceFirmwarePCBLayout/LatticeECP3/DAViS_USB3/DAViS_USB

                                   Page 11




Design:  EventBeforeOverflow                           Date:  03/13/14  17:48:27

Design Errors/Warnings (cont)
-----------------------------
     3/source/DevBoardUSB3.lpf(146): Semantic error in "LOCATE COMP
     "ADCwordxDI_6" SITE "G16" ;": COMP "ADCwordxDI_6" not found in design.
     Disable this preference.
WARNING - map: C:/3jAER/deviceFirmwarePCBLayout/LatticeECP3/DAViS_USB3/DAViS_USB
     3/source/DevBoardUSB3.lpf(147): Semantic error in "LOCATE COMP
     "ADCwordxDI_5" SITE "F15" ;": COMP "ADCwordxDI_5" not found in design.
     Disable this preference.
WARNING - map: C:/3jAER/deviceFirmwarePCBLayout/LatticeECP3/DAViS_USB3/DAViS_USB
     3/source/DevBoardUSB3.lpf(148): Semantic error in "LOCATE COMP
     "ADCwordxDI_4" SITE "F16" ;": COMP "ADCwordxDI_4" not found in design.
     Disable this preference.
WARNING - map: C:/3jAER/deviceFirmwarePCBLayout/LatticeECP3/DAViS_USB3/DAViS_USB
     3/source/DevBoardUSB3.lpf(149): Semantic error in "LOCATE COMP
     "ADCwordxDI_3" SITE "E15" ;": COMP "ADCwordxDI_3" not found in design.
     Disable this preference.
WARNING - map: C:/3jAER/deviceFirmwarePCBLayout/LatticeECP3/DAViS_USB3/DAViS_USB
     3/source/DevBoardUSB3.lpf(150): Semantic error in "LOCATE COMP
     "ADCwordxDI_2" SITE "E16" ;": COMP "ADCwordxDI_2" not found in design.
     Disable this preference.
WARNING - map: C:/3jAER/deviceFirmwarePCBLayout/LatticeECP3/DAViS_USB3/DAViS_USB
     3/source/DevBoardUSB3.lpf(151): Semantic error in "LOCATE COMP
     "ADCwordxDI_1" SITE "D16" ;": COMP "ADCwordxDI_1" not found in design.
     Disable this preference.
WARNING - map: C:/3jAER/deviceFirmwarePCBLayout/LatticeECP3/DAViS_USB3/DAViS_USB
     3/source/DevBoardUSB3.lpf(152): Semantic error in "LOCATE COMP
     "ADCwordxDI_0" SITE "C16" ;": COMP "ADCwordxDI_0" not found in design.
     Disable this preference.
WARNING - map: C:/3jAER/deviceFirmwarePCBLayout/LatticeECP3/DAViS_USB3/DAViS_USB
     3/source/DevBoardUSB3.lpf(153): Semantic error in "LOCATE COMP "SSN" SITE
     "E13" ;": COMP "SSN" not found in design. Disable this preference.
WARNING - map: C:/3jAER/deviceFirmwarePCBLayout/LatticeECP3/DAViS_USB3/DAViS_USB
     3/source/DevBoardUSB3.lpf(154): Semantic error in "LOCATE COMP "SSN_FPGA"
     SITE "F13" ;": COMP "SSN_FPGA" not found in design. Disable this
     preference.
WARNING - map: C:/3jAER/deviceFirmwarePCBLayout/LatticeECP3/DAViS_USB3/DAViS_USB
     3/source/DevBoardUSB3.lpf(155): Semantic error in "LOCATE COMP "MOSI" SITE
     "G14" ;": COMP "MOSI" not found in design. Disable this preference.
WARNING - map: C:/3jAER/deviceFirmwarePCBLayout/LatticeECP3/DAViS_USB3/DAViS_USB
     3/source/DevBoardUSB3.lpf(156): Semantic error in "LOCATE COMP "MISO" SITE
     "G13" ;": COMP "MISO" not found in design. Disable this preference.
WARNING - map: C:/3jAER/deviceFirmwarePCBLayout/LatticeECP3/DAViS_USB3/DAViS_USB
     3/source/DevBoardUSB3.lpf(157): Semantic error in "LOCATE COMP "SCK" SITE
     "D13" ;": COMP "SCK" not found in design. Disable this preference.
WARNING - map: C:/3jAER/deviceFirmwarePCBLayout/LatticeECP3/DAViS_USB3/DAViS_USB
     3/source/DevBoardUSB3.lpf(232): Semantic error in "LOCATE COMP
     "Vref1_7xDIO" SITE "E4" ;": COMP "Vref1_7xDIO" not found in design. Disable
     this preference.
WARNING - map: C:/3jAER/deviceFirmwarePCBLayout/LatticeECP3/DAViS_USB3/DAViS_USB
     3/source/DevBoardUSB3.lpf(233): Semantic error in "LOCATE COMP
     "Vref2_7xDIO" SITE "F4" ;": COMP "Vref2_7xDIO" not found in design. Disable
     this preference.
WARNING - map: C:/3jAER/deviceFirmwarePCBLayout/LatticeECP3/DAViS_USB3/DAViS_USB
     3/source/DevBoardUSB3.lpf(234): Semantic error in "LOCATE COMP "FSYNCxDI"
     SITE "L13" ;": COMP "FSYNCxDI" not found in design. Disable this
     preference.
WARNING - map: C:/3jAER/deviceFirmwarePCBLayout/LatticeECP3/DAViS_USB3/DAViS_USB

                                   Page 12




Design:  EventBeforeOverflow                           Date:  03/13/14  17:48:27

Design Errors/Warnings (cont)
-----------------------------
     3/source/DevBoardUSB3.lpf(235): Semantic error in "LOCATE COMP "CLKT0_DIO"
     SITE "E8" ;": COMP "CLKT0_DIO" not found in design. Disable this
     preference.
WARNING - map: C:/3jAER/deviceFirmwarePCBLayout/LatticeECP3/DAViS_USB3/DAViS_USB
     3/source/DevBoardUSB3.lpf(236): Semantic error in "LOCATE COMP "CLKC0_DIO"
     SITE "E9" ;": COMP "CLKC0_DIO" not found in design. Disable this
     preference.
WARNING - map: C:/3jAER/deviceFirmwarePCBLayout/LatticeECP3/DAViS_USB3/DAViS_USB
     3/source/DevBoardUSB3.lpf(237): Semantic error in "LOCATE COMP
     "Vref1_6xDIO" SITE "M3" ;": COMP "Vref1_6xDIO" not found in design. Disable
     this preference.
WARNING - map: C:/3jAER/deviceFirmwarePCBLayout/LatticeECP3/DAViS_USB3/DAViS_USB
     3/source/DevBoardUSB3.lpf(238): Semantic error in "LOCATE COMP
     "Vref2_6xDIO" SITE "N3" ;": COMP "Vref2_6xDIO" not found in design. Disable
     this preference.
WARNING - map: C:/3jAER/deviceFirmwarePCBLayout/LatticeECP3/DAViS_USB3/DAViS_USB
     3/source/DevBoardUSB3.lpf(249): Semantic error in "IOBUF PORT
     "AERMonitorREQxABI" IO_TYPE=LVCMOS33 PULLMODE=UP ;": Port
     "AERMonitorREQxABI" does not exist in the design. Disable this preference.
WARNING - map: C:/3jAER/deviceFirmwarePCBLayout/LatticeECP3/DAViS_USB3/DAViS_USB
     3/source/DevBoardUSB3.lpf(251): Semantic error in "IOBUF PORT
     "FX3FifoWritexEBO" IO_TYPE=LVCMOS33 PULLMODE=KEEPER DRIVE=8 ;": Port
     "FX3FifoWritexEBO" does not exist in the design. Disable this preference.
WARNING - map: C:/3jAER/deviceFirmwarePCBLayout/LatticeECP3/DAViS_USB3/DAViS_USB
     3/source/DevBoardUSB3.lpf(254): Semantic error in "LOCATE COMP
     "FX3FifoAddressxDO_0" SITE "F14" ;": COMP "FX3FifoAddressxDO_0" not found
     in design. Disable this preference.
WARNING - map: C:/3jAER/deviceFirmwarePCBLayout/LatticeECP3/DAViS_USB3/DAViS_USB
     3/source/DevBoardUSB3.lpf(255): Semantic error in "LOCATE COMP
     "FX3FifoAddressxDO_1" SITE "H14" ;": COMP "FX3FifoAddressxDO_1" not found
     in design. Disable this preference.
WARNING - map: C:/3jAER/deviceFirmwarePCBLayout/LatticeECP3/DAViS_USB3/DAViS_USB
     3/source/DevBoardUSB3.lpf(260): Semantic error in "LOCATE COMP
     "FX3FifoSLCSxEBO" SITE "B14" ;": COMP "FX3FifoSLCSxEBO" not found in
     design. Disable this preference.
WARNING - map: C:/3jAER/deviceFirmwarePCBLayout/LatticeECP3/DAViS_USB3/DAViS_USB
     3/source/DevBoardUSB3.lpf(281): Semantic error in "IOBUF PORT "PX0xSI"
     IO_TYPE=LVCMOS33 PULLMODE=KEEPER DRIVE=8 ;": Port "PX0xSI" does not exist
     in the design. Disable this preference.
WARNING - map: C:/3jAER/deviceFirmwarePCBLayout/LatticeECP3/DAViS_USB3/DAViS_USB
     3/source/DevBoardUSB3.lpf(282): Semantic error in "IOBUF PORT "PX1xSI"
     IO_TYPE=LVCMOS33 PULLMODE=KEEPER DRIVE=8 ;": Port "PX1xSI" does not exist
     in the design. Disable this preference.
WARNING - map: C:/3jAER/deviceFirmwarePCBLayout/LatticeECP3/DAViS_USB3/DAViS_USB
     3/source/DevBoardUSB3.lpf(283): Semantic error in "IOBUF PORT "PX2xSI"
     IO_TYPE=LVCMOS33 PULLMODE=KEEPER DRIVE=8 ;": Port "PX2xSI" does not exist
     in the design. Disable this preference.
WARNING - map: C:/3jAER/deviceFirmwarePCBLayout/LatticeECP3/DAViS_USB3/DAViS_USB
     3/source/DevBoardUSB3.lpf(284): Semantic error in "IOBUF PORT "PX3xSI"
     IO_TYPE=LVCMOS33 PULLMODE=KEEPER DRIVE=8 ;": Port "PX3xSI" does not exist
     in the design. Disable this preference.
WARNING - map: C:/3jAER/deviceFirmwarePCBLayout/LatticeECP3/DAViS_USB3/DAViS_USB
     3/source/DevBoardUSB3.lpf(285): Semantic error in "IOBUF PORT "PX4xSI"
     IO_TYPE=LVCMOS33 PULLMODE=KEEPER DRIVE=8 ;": Port "PX4xSI" does not exist
     in the design. Disable this preference.
WARNING - map: C:/3jAER/deviceFirmwarePCBLayout/LatticeECP3/DAViS_USB3/DAViS_USB

                                   Page 13




Design:  EventBeforeOverflow                           Date:  03/13/14  17:48:27

Design Errors/Warnings (cont)
-----------------------------
     3/source/DevBoardUSB3.lpf(286): Semantic error in "IOBUF PORT "PX5xSI"
     IO_TYPE=LVCMOS33 PULLMODE=KEEPER DRIVE=8 ;": Port "PX5xSI" does not exist
     in the design. Disable this preference.
WARNING - map: C:/3jAER/deviceFirmwarePCBLayout/LatticeECP3/DAViS_USB3/DAViS_USB
     3/source/DevBoardUSB3.lpf(287): Semantic error in "IOBUF PORT "PX6xSI"
     IO_TYPE=LVCMOS33 PULLMODE=KEEPER DRIVE=8 ;": Port "PX6xSI" does not exist
     in the design. Disable this preference.
WARNING - map: C:/3jAER/deviceFirmwarePCBLayout/LatticeECP3/DAViS_USB3/DAViS_USB
     3/source/DevBoardUSB3.lpf(288): Semantic error in "IOBUF PORT "PX7xSI"
     IO_TYPE=LVCMOS33 PULLMODE=KEEPER DRIVE=8 ;": Port "PX7xSI" does not exist
     in the design. Disable this preference.
WARNING - map: C:/3jAER/deviceFirmwarePCBLayout/LatticeECP3/DAViS_USB3/DAViS_USB
     3/source/DevBoardUSB3.lpf(289): Semantic error in "IOBUF PORT "PX8xSI"
     IO_TYPE=LVCMOS33 PULLMODE=KEEPER DRIVE=8 ;": Port "PX8xSI" does not exist
     in the design. Disable this preference.
WARNING - map: C:/3jAER/deviceFirmwarePCBLayout/LatticeECP3/DAViS_USB3/DAViS_USB
     3/source/DevBoardUSB3.lpf(290): Semantic error in "IOBUF PORT "PX9xSI"
     IO_TYPE=LVCMOS33 PULLMODE=KEEPER DRIVE=8 ;": Port "PX9xSI" does not exist
     in the design. Disable this preference.
WARNING - map: C:/3jAER/deviceFirmwarePCBLayout/LatticeECP3/DAViS_USB3/DAViS_USB
     3/source/DevBoardUSB3.lpf(331): Semantic error in "IOBUF PORT
     "FX3FifoDataxDIO_15" IO_TYPE=LVCMOS33 PULLMODE=KEEPER DRIVE=8 ;": Port
     "FX3FifoDataxDIO_15" does not exist in the design. Disable this preference.
WARNING - map: C:/3jAER/deviceFirmwarePCBLayout/LatticeECP3/DAViS_USB3/DAViS_USB
     3/source/DevBoardUSB3.lpf(332): Semantic error in "IOBUF PORT
     "FX3FifoDataxDIO_14" IO_TYPE=LVCMOS33 PULLMODE=KEEPER DRIVE=8 ;": Port
     "FX3FifoDataxDIO_14" does not exist in the design. Disable this preference.
WARNING - map: C:/3jAER/deviceFirmwarePCBLayout/LatticeECP3/DAViS_USB3/DAViS_USB
     3/source/DevBoardUSB3.lpf(333): Semantic error in "IOBUF PORT
     "FX3FifoDataxDIO_13" IO_TYPE=LVCMOS33 PULLMODE=KEEPER DRIVE=8 ;": Port
     "FX3FifoDataxDIO_13" does not exist in the design. Disable this preference.
WARNING - map: C:/3jAER/deviceFirmwarePCBLayout/LatticeECP3/DAViS_USB3/DAViS_USB
     3/source/DevBoardUSB3.lpf(334): Semantic error in "IOBUF PORT
     "FX3FifoDataxDIO_12" IO_TYPE=LVCMOS33 PULLMODE=KEEPER DRIVE=8 ;": Port
     "FX3FifoDataxDIO_12" does not exist in the design. Disable this preference.
WARNING - map: C:/3jAER/deviceFirmwarePCBLayout/LatticeECP3/DAViS_USB3/DAViS_USB
     3/source/DevBoardUSB3.lpf(335): Semantic error in "IOBUF PORT
     "FX3FifoDataxDIO_11" IO_TYPE=LVCMOS33 PULLMODE=KEEPER DRIVE=8 ;": Port
     "FX3FifoDataxDIO_11" does not exist in the design. Disable this preference.
WARNING - map: C:/3jAER/deviceFirmwarePCBLayout/LatticeECP3/DAViS_USB3/DAViS_USB
     3/source/DevBoardUSB3.lpf(336): Semantic error in "IOBUF PORT
     "FX3FifoDataxDIO_10" IO_TYPE=LVCMOS33 PULLMODE=KEEPER DRIVE=8 ;": Port
     "FX3FifoDataxDIO_10" does not exist in the design. Disable this preference.
WARNING - map: C:/3jAER/deviceFirmwarePCBLayout/LatticeECP3/DAViS_USB3/DAViS_USB
     3/source/DevBoardUSB3.lpf(337): Semantic error in "IOBUF PORT
     "FX3FifoDataxDIO_9" IO_TYPE=LVCMOS33 PULLMODE=KEEPER DRIVE=8 ;": Port
     "FX3FifoDataxDIO_9" does not exist in the design. Disable this preference.
WARNING - map: C:/3jAER/deviceFirmwarePCBLayout/LatticeECP3/DAViS_USB3/DAViS_USB
     3/source/DevBoardUSB3.lpf(338): Semantic error in "IOBUF PORT
     "FX3FifoDataxDIO_8" IO_TYPE=LVCMOS33 PULLMODE=KEEPER DRIVE=8 ;": Port
     "FX3FifoDataxDIO_8" does not exist in the design. Disable this preference.
WARNING - map: C:/3jAER/deviceFirmwarePCBLayout/LatticeECP3/DAViS_USB3/DAViS_USB
     3/source/DevBoardUSB3.lpf(339): Semantic error in "IOBUF PORT
     "FX3FifoDataxDIO_7" IO_TYPE=LVCMOS33 PULLMODE=KEEPER DRIVE=8 ;": Port
     "FX3FifoDataxDIO_7" does not exist in the design. Disable this preference.
WARNING - map: C:/3jAER/deviceFirmwarePCBLayout/LatticeECP3/DAViS_USB3/DAViS_USB

                                   Page 14




Design:  EventBeforeOverflow                           Date:  03/13/14  17:48:27

Design Errors/Warnings (cont)
-----------------------------
     3/source/DevBoardUSB3.lpf(340): Semantic error in "IOBUF PORT
     "FX3FifoDataxDIO_6" IO_TYPE=LVCMOS33 PULLMODE=KEEPER DRIVE=8 ;": Port
     "FX3FifoDataxDIO_6" does not exist in the design. Disable this preference.
WARNING - map: C:/3jAER/deviceFirmwarePCBLayout/LatticeECP3/DAViS_USB3/DAViS_USB
     3/source/DevBoardUSB3.lpf(341): Semantic error in "IOBUF PORT
     "FX3FifoDataxDIO_5" IO_TYPE=LVCMOS33 PULLMODE=KEEPER DRIVE=8 ;": Port
     "FX3FifoDataxDIO_5" does not exist in the design. Disable this preference.
WARNING - map: C:/3jAER/deviceFirmwarePCBLayout/LatticeECP3/DAViS_USB3/DAViS_USB
     3/source/DevBoardUSB3.lpf(342): Semantic error in "IOBUF PORT
     "FX3FifoDataxDIO_4" IO_TYPE=LVCMOS33 PULLMODE=KEEPER DRIVE=8 ;": Port
     "FX3FifoDataxDIO_4" does not exist in the design. Disable this preference.
WARNING - map: C:/3jAER/deviceFirmwarePCBLayout/LatticeECP3/DAViS_USB3/DAViS_USB
     3/source/DevBoardUSB3.lpf(343): Semantic error in "IOBUF PORT
     "FX3FifoDataxDIO_3" IO_TYPE=LVCMOS33 PULLMODE=KEEPER DRIVE=8 ;": Port
     "FX3FifoDataxDIO_3" does not exist in the design. Disable this preference.
WARNING - map: C:/3jAER/deviceFirmwarePCBLayout/LatticeECP3/DAViS_USB3/DAViS_USB
     3/source/DevBoardUSB3.lpf(344): Semantic error in "IOBUF PORT
     "FX3FifoDataxDIO_2" IO_TYPE=LVCMOS33 PULLMODE=KEEPER DRIVE=8 ;": Port
     "FX3FifoDataxDIO_2" does not exist in the design. Disable this preference.
WARNING - map: C:/3jAER/deviceFirmwarePCBLayout/LatticeECP3/DAViS_USB3/DAViS_USB
     3/source/DevBoardUSB3.lpf(345): Semantic error in "IOBUF PORT
     "FX3FifoDataxDIO_1" IO_TYPE=LVCMOS33 PULLMODE=KEEPER DRIVE=8 ;": Port
     "FX3FifoDataxDIO_1" does not exist in the design. Disable this preference.
WARNING - map: C:/3jAER/deviceFirmwarePCBLayout/LatticeECP3/DAViS_USB3/DAViS_USB
     3/source/DevBoardUSB3.lpf(346): Semantic error in "IOBUF PORT
     "FX3FifoDataxDIO_0" IO_TYPE=LVCMOS33 PULLMODE=KEEPER DRIVE=8 ;": Port
     "FX3FifoDataxDIO_0" does not exist in the design. Disable this preference.
WARNING - map: C:/3jAER/deviceFirmwarePCBLayout/LatticeECP3/DAViS_USB3/DAViS_USB
     3/source/DevBoardUSB3.lpf(351): Semantic error in "IOBUF PORT "Vref2_2xDIO"
     IO_TYPE=LVCMOS33 PULLMODE=DOWN ;": Port "Vref2_2xDIO" does not exist in the
     design. Disable this preference.
WARNING - map: C:/3jAER/deviceFirmwarePCBLayout/LatticeECP3/DAViS_USB3/DAViS_USB
     3/source/DevBoardUSB3.lpf(352): Semantic error in "IOBUF PORT "Vref1_2xDIO"
     IO_TYPE=LVCMOS33 PULLMODE=DOWN ;": Port "Vref1_2xDIO" does not exist in the
     design. Disable this preference.
WARNING - map: C:/3jAER/deviceFirmwarePCBLayout/LatticeECP3/DAViS_USB3/DAViS_USB
     3/source/DevBoardUSB3.lpf(353): Semantic error in "IOBUF PORT "CLKC1_DIO"
     IO_TYPE=LVCMOS33 PULLMODE=DOWN ;": Port "CLKC1_DIO" does not exist in the
     design. Disable this preference.
WARNING - map: C:/3jAER/deviceFirmwarePCBLayout/LatticeECP3/DAViS_USB3/DAViS_USB
     3/source/DevBoardUSB3.lpf(354): Semantic error in "IOBUF PORT "CLKT1_DIO"
     IO_TYPE=LVCMOS33 PULLMODE=DOWN ;": Port "CLKT1_DIO" does not exist in the
     design. Disable this preference.
WARNING - map: C:/3jAER/deviceFirmwarePCBLayout/LatticeECP3/DAViS_USB3/DAViS_USB
     3/source/DevBoardUSB3.lpf(357): Semantic error in "IOBUF PORT "SyncInSWxEI"
     IO_TYPE=LVCMOS33 PULLMODE=UP ;": Port "SyncInSWxEI" does not exist in the
     design. Disable this preference.
WARNING - map: C:/3jAER/deviceFirmwarePCBLayout/LatticeECP3/DAViS_USB3/DAViS_USB
     3/source/DevBoardUSB3.lpf(358): Semantic error in "IOBUF PORT "SyncIN1xABI"
     IO_TYPE=LVCMOS33 PULLMODE=UP ;": Port "SyncIN1xABI" does not exist in the
     design. Disable this preference.
WARNING - map: C:/3jAER/deviceFirmwarePCBLayout/LatticeECP3/DAViS_USB3/DAViS_USB
     3/source/DevBoardUSB3.lpf(359): Semantic error in "IOBUF PORT "SyncIN2xABI"
     IO_TYPE=LVCMOS33 PULLMODE=UP ;": Port "SyncIN2xABI" does not exist in the
     design. Disable this preference.
WARNING - map: C:/3jAER/deviceFirmwarePCBLayout/LatticeECP3/DAViS_USB3/DAViS_USB

                                   Page 15




Design:  EventBeforeOverflow                           Date:  03/13/14  17:48:27

Design Errors/Warnings (cont)
-----------------------------
     3/source/DevBoardUSB3.lpf(360): Semantic error in "IOBUF PORT
     "SyncOutSWxEI" IO_TYPE=LVCMOS33 PULLMODE=UP ;": Port "SyncOutSWxEI" does
     not exist in the design. Disable this preference.
WARNING - map: C:/3jAER/deviceFirmwarePCBLayout/LatticeECP3/DAViS_USB3/DAViS_USB
     3/source/DevBoardUSB3.lpf(364): Semantic error in "IOBUF PORT "ADCclockxCO"
     IO_TYPE=LVCMOS33 PULLMODE=KEEPER DRIVE=8 ;": Port "ADCclockxCO" does not
     exist in the design. Disable this preference.
WARNING - map: C:/3jAER/deviceFirmwarePCBLayout/LatticeECP3/DAViS_USB3/DAViS_USB
     3/source/DevBoardUSB3.lpf(365): Semantic error in "IOBUF PORT "ADCoexEBO"
     IO_TYPE=LVCMOS33 PULLMODE=KEEPER DRIVE=8 ;": Port "ADCoexEBO" does not
     exist in the design. Disable this preference.
WARNING - map: C:/3jAER/deviceFirmwarePCBLayout/LatticeECP3/DAViS_USB3/DAViS_USB
     3/source/DevBoardUSB3.lpf(366): Semantic error in "IOBUF PORT "ADCstbyxEO"
     IO_TYPE=LVCMOS33 PULLMODE=KEEPER DRIVE=8 ;": Port "ADCstbyxEO" does not
     exist in the design. Disable this preference.
WARNING - map: C:/3jAER/deviceFirmwarePCBLayout/LatticeECP3/DAViS_USB3/DAViS_USB
     3/source/DevBoardUSB3.lpf(367): Semantic error in "IOBUF PORT
     "CDVSTestSRRowClockxSO" IO_TYPE=LVCMOS33 PULLMODE=KEEPER DRIVE=8 ;": Port
     "CDVSTestSRRowClockxSO" does not exist in the design. Disable this
     preference.
WARNING - map: C:/3jAER/deviceFirmwarePCBLayout/LatticeECP3/DAViS_USB3/DAViS_USB
     3/source/DevBoardUSB3.lpf(368): Semantic error in "IOBUF PORT
     "CDVSTestSRColClockxSO" IO_TYPE=LVCMOS33 PULLMODE=KEEPER DRIVE=8 ;": Port
     "CDVSTestSRColClockxSO" does not exist in the design. Disable this
     preference.
WARNING - map: C:/3jAER/deviceFirmwarePCBLayout/LatticeECP3/DAViS_USB3/DAViS_USB
     3/source/DevBoardUSB3.lpf(369): Semantic error in "IOBUF PORT
     "CDVSTestSRRowInxSO" IO_TYPE=LVCMOS33 PULLMODE=KEEPER DRIVE=8 ;": Port
     "CDVSTestSRRowInxSO" does not exist in the design. Disable this preference.
WARNING - map: C:/3jAER/deviceFirmwarePCBLayout/LatticeECP3/DAViS_USB3/DAViS_USB
     3/source/DevBoardUSB3.lpf(370): Semantic error in "IOBUF PORT
     "CDVSTestSRColInxSO" IO_TYPE=LVCMOS33 PULLMODE=KEEPER DRIVE=8 ;": Port
     "CDVSTestSRColInxSO" does not exist in the design. Disable this preference.
WARNING - map: C:/3jAER/deviceFirmwarePCBLayout/LatticeECP3/DAViS_USB3/DAViS_USB
     3/source/DevBoardUSB3.lpf(371): Semantic error in "IOBUF PORT
     "CDVSTestBiasEnablexEO" IO_TYPE=LVCMOS33 PULLMODE=KEEPER DRIVE=8 ;": Port
     "CDVSTestBiasEnablexEO" does not exist in the design. Disable this
     preference.
WARNING - map: C:/3jAER/deviceFirmwarePCBLayout/LatticeECP3/DAViS_USB3/DAViS_USB
     3/source/DevBoardUSB3.lpf(372): Semantic error in "IOBUF PORT
     "CDVSTestChipResetxRBO" IO_TYPE=LVCMOS33 PULLMODE=KEEPER DRIVE=8 ;": Port
     "CDVSTestChipResetxRBO" does not exist in the design. Disable this
     preference.
WARNING - map: C:/3jAER/deviceFirmwarePCBLayout/LatticeECP3/DAViS_USB3/DAViS_USB
     3/source/DevBoardUSB3.lpf(373): Semantic error in "IOBUF PORT
     "CDVSTestColMode0xSO" IO_TYPE=LVCMOS33 PULLMODE=KEEPER DRIVE=8 ;": Port
     "CDVSTestColMode0xSO" does not exist in the design. Disable this
     preference.
WARNING - map: C:/3jAER/deviceFirmwarePCBLayout/LatticeECP3/DAViS_USB3/DAViS_USB
     3/source/DevBoardUSB3.lpf(374): Semantic error in "IOBUF PORT
     "CDVSTestColMode1xSO" IO_TYPE=LVCMOS33 PULLMODE=KEEPER DRIVE=8 ;": Port
     "CDVSTestColMode1xSO" does not exist in the design. Disable this
     preference.
WARNING - map: C:/3jAER/deviceFirmwarePCBLayout/LatticeECP3/DAViS_USB3/DAViS_USB
     3/source/DevBoardUSB3.lpf(375): Semantic error in "IOBUF PORT
     "CDVSTestBiasDiagSelxSO" IO_TYPE=LVCMOS33 PULLMODE=KEEPER DRIVE=8 ;": Port

                                   Page 16




Design:  EventBeforeOverflow                           Date:  03/13/14  17:48:27

Design Errors/Warnings (cont)
-----------------------------
     "CDVSTestBiasDiagSelxSO" does not exist in the design. Disable this
     preference.
WARNING - map: C:/3jAER/deviceFirmwarePCBLayout/LatticeECP3/DAViS_USB3/DAViS_USB
     3/source/DevBoardUSB3.lpf(376): Semantic error in "IOBUF PORT
     "CDVSTestApsTxGatexSO" IO_TYPE=LVCMOS33 PULLMODE=KEEPER DRIVE=8 ;": Port
     "CDVSTestApsTxGatexSO" does not exist in the design. Disable this
     preference.
WARNING - map: C:/3jAER/deviceFirmwarePCBLayout/LatticeECP3/DAViS_USB3/DAViS_USB
     3/source/DevBoardUSB3.lpf(379): Semantic error in "IOBUF PORT "LED1xSO"
     IO_TYPE=LVCMOS33 PULLMODE=KEEPER DRIVE=8 ;": Port "LED1xSO" does not exist
     in the design. Disable this preference.
WARNING - map: C:/3jAER/deviceFirmwarePCBLayout/LatticeECP3/DAViS_USB3/DAViS_USB
     3/source/DevBoardUSB3.lpf(380): Semantic error in "IOBUF PORT "LED2xSO"
     IO_TYPE=LVCMOS33 PULLMODE=KEEPER DRIVE=8 ;": Port "LED2xSO" does not exist
     in the design. Disable this preference.
WARNING - map: C:/3jAER/deviceFirmwarePCBLayout/LatticeECP3/DAViS_USB3/DAViS_USB
     3/source/DevBoardUSB3.lpf(381): Semantic error in "IOBUF PORT "LED3xSO"
     IO_TYPE=LVCMOS33 PULLMODE=KEEPER DRIVE=8 ;": Port "LED3xSO" does not exist
     in the design. Disable this preference.
WARNING - map: C:/3jAER/deviceFirmwarePCBLayout/LatticeECP3/DAViS_USB3/DAViS_USB
     3/source/DevBoardUSB3.lpf(382): Semantic error in "IOBUF PORT "LED4xSO"
     IO_TYPE=LVCMOS33 PULLMODE=KEEPER DRIVE=8 ;": Port "LED4xSO" does not exist
     in the design. Disable this preference.
WARNING - map: C:/3jAER/deviceFirmwarePCBLayout/LatticeECP3/DAViS_USB3/DAViS_USB
     3/source/DevBoardUSB3.lpf(383): Semantic error in "IOBUF PORT "LED5xSO"
     IO_TYPE=LVCMOS33 PULLMODE=KEEPER DRIVE=8 ;": Port "LED5xSO" does not exist
     in the design. Disable this preference.
WARNING - map: C:/3jAER/deviceFirmwarePCBLayout/LatticeECP3/DAViS_USB3/DAViS_USB
     3/source/DevBoardUSB3.lpf(386): Semantic error in "IOBUF PORT
     "AERMonitorREQxABI" IO_TYPE=LVCMOS33 PULLMODE=KEEPER DRIVE=8 ;": Port
     "AERMonitorREQxABI" does not exist in the design. Disable this preference.
WARNING - map: C:/3jAER/deviceFirmwarePCBLayout/LatticeECP3/DAViS_USB3/DAViS_USB
     3/source/DevBoardUSB3.lpf(387): Semantic error in "IOBUF PORT
     "AERMonitorACKxSBO" IO_TYPE=LVCMOS33 PULLMODE=KEEPER DRIVE=8 ;": Port
     "AERMonitorACKxSBO" does not exist in the design. Disable this preference.
WARNING - map: C:/3jAER/deviceFirmwarePCBLayout/LatticeECP3/DAViS_USB3/DAViS_USB
     3/source/DevBoardUSB3.lpf(388): Semantic error in "IOBUF PORT
     "AERMonitorAddressxDI_9" IO_TYPE=LVCMOS33 PULLMODE=KEEPER DRIVE=8 ;": Port
     "AERMonitorAddressxDI_9" does not exist in the design. Disable this
     preference.
WARNING - map: C:/3jAER/deviceFirmwarePCBLayout/LatticeECP3/DAViS_USB3/DAViS_USB
     3/source/DevBoardUSB3.lpf(389): Semantic error in "IOBUF PORT
     "AERMonitorAddressxDI_8" IO_TYPE=LVCMOS33 PULLMODE=KEEPER DRIVE=8 ;": Port
     "AERMonitorAddressxDI_8" does not exist in the design. Disable this
     preference.
WARNING - map: C:/3jAER/deviceFirmwarePCBLayout/LatticeECP3/DAViS_USB3/DAViS_USB
     3/source/DevBoardUSB3.lpf(390): Semantic error in "IOBUF PORT
     "AERMonitorAddressxDI_7" IO_TYPE=LVCMOS33 PULLMODE=KEEPER DRIVE=8 ;": Port
     "AERMonitorAddressxDI_7" does not exist in the design. Disable this
     preference.
WARNING - map: C:/3jAER/deviceFirmwarePCBLayout/LatticeECP3/DAViS_USB3/DAViS_USB
     3/source/DevBoardUSB3.lpf(391): Semantic error in "IOBUF PORT
     "AERMonitorAddressxDI_6" IO_TYPE=LVCMOS33 PULLMODE=KEEPER DRIVE=8 ;": Port
     "AERMonitorAddressxDI_6" does not exist in the design. Disable this
     preference.
WARNING - map: C:/3jAER/deviceFirmwarePCBLayout/LatticeECP3/DAViS_USB3/DAViS_USB

                                   Page 17




Design:  EventBeforeOverflow                           Date:  03/13/14  17:48:27

Design Errors/Warnings (cont)
-----------------------------
     3/source/DevBoardUSB3.lpf(392): Semantic error in "IOBUF PORT
     "AERMonitorAddressxDI_5" IO_TYPE=LVCMOS33 PULLMODE=KEEPER DRIVE=8 ;": Port
     "AERMonitorAddressxDI_5" does not exist in the design. Disable this
     preference.
WARNING - map: C:/3jAER/deviceFirmwarePCBLayout/LatticeECP3/DAViS_USB3/DAViS_USB
     3/source/DevBoardUSB3.lpf(393): Semantic error in "IOBUF PORT
     "AERMonitorAddressxDI_4" IO_TYPE=LVCMOS33 PULLMODE=KEEPER DRIVE=8 ;": Port
     "AERMonitorAddressxDI_4" does not exist in the design. Disable this
     preference.
WARNING - map: C:/3jAER/deviceFirmwarePCBLayout/LatticeECP3/DAViS_USB3/DAViS_USB
     3/source/DevBoardUSB3.lpf(394): Semantic error in "IOBUF PORT
     "AERMonitorAddressxDI_3" IO_TYPE=LVCMOS33 PULLMODE=KEEPER DRIVE=8 ;": Port
     "AERMonitorAddressxDI_3" does not exist in the design. Disable this
     preference.
WARNING - map: C:/3jAER/deviceFirmwarePCBLayout/LatticeECP3/DAViS_USB3/DAViS_USB
     3/source/DevBoardUSB3.lpf(395): Semantic error in "IOBUF PORT
     "AERMonitorAddressxDI_2" IO_TYPE=LVCMOS33 PULLMODE=KEEPER DRIVE=8 ;": Port
     "AERMonitorAddressxDI_2" does not exist in the design. Disable this
     preference.
WARNING - map: C:/3jAER/deviceFirmwarePCBLayout/LatticeECP3/DAViS_USB3/DAViS_USB
     3/source/DevBoardUSB3.lpf(396): Semantic error in "IOBUF PORT
     "AERMonitorAddressxDI_1" IO_TYPE=LVCMOS33 PULLMODE=KEEPER DRIVE=8 ;": Port
     "AERMonitorAddressxDI_1" does not exist in the design. Disable this
     preference.
WARNING - map: C:/3jAER/deviceFirmwarePCBLayout/LatticeECP3/DAViS_USB3/DAViS_USB
     3/source/DevBoardUSB3.lpf(397): Semantic error in "IOBUF PORT
     "AERMonitorAddressxDI_0" IO_TYPE=LVCMOS33 PULLMODE=KEEPER DRIVE=8 ;": Port
     "AERMonitorAddressxDI_0" does not exist in the design. Disable this
     preference.
WARNING - map: Preference parsing results:  220 semantic errors detected
WARNING - map: Using local reset signal 'ResetxRBI_c' to infer global GSR net.
WARNING - map: There are semantic errors in the preference file C:/3jAER/deviceF
     irmwarePCBLayout/LatticeECP3/DAViS_USB3/DAViS_USB3/source/DevBoardUSB3.lpf.

IO (PIO) Attributes
-------------------

+---------------------+-----------+-----------+------------+------------+
| IO Name             | Direction | Levelmode | IO         | FIXEDDELAY |
|                     |           |  IO_TYPE  | Register   |            |
+---------------------+-----------+-----------+------------+------------+
| EventBeforeOverflowxDO| OUTPUT    | LVCMOS33  |            |            |
+---------------------+-----------+-----------+------------+------------+
| ClockxCI            | INPUT     | LVCMOS33  |            |            |
+---------------------+-----------+-----------+------------+------------+
| EventxDI            | INPUT     | LVCMOS33  |            |            |
+---------------------+-----------+-----------+------------+------------+
| OverflowxDI         | INPUT     | LVCMOS33  |            |            |
+---------------------+-----------+-----------+------------+------------+
| ResetxRBI           | INPUT     | LVCMOS33  |            |            |
+---------------------+-----------+-----------+------------+------------+

Removed logic
-------------

Block VCC undriven or does not drive anything - clipped.

                                   Page 18




Design:  EventBeforeOverflow                           Date:  03/13/14  17:48:27

Removed logic (cont)
--------------------
Block GND undriven or does not drive anything - clipped.
Signal ResetxRBI_c_i was merged into signal ResetxRBI_c
Signal VCC undriven or does not drive anything - clipped.
Block ResetxRBI_pad_RNIC1VE was optimized away.

GSR Usage
---------

GSR Component:
   The local reset signal 'ResetxRBI_c' of the design has been inferred as
        Global Set Reset (GSR). The reset signal used for GSR control is
        'ResetxRBI_c'.

GSR Property:
   The design components with GSR property set to ENABLED will respond to global
        set reset while the components with GSR property set to DISABLED will
        not.

Run Time and Memory Usage
-------------------------

   Total CPU Time: 0 secs
   Total REAL Time: 0 secs
   Peak Memory Usage: 103 MB


































                                   Page 19


Copyright (c) 1991-1994 by NeoCAD Inc. All rights reserved.
Copyright (c) 1995
     AT&T Corp.   All rights reserved.
Copyright (c) 1995-2001 Lucent
     Technologies Inc.  All rights reserved.
Copyright (c) 2001 Agere Systems
     All rights reserved.
Copyright (c) 2002-2014 Lattice Semiconductor
     Corporation,  All rights reserved.
