Running in Lattice mode


Starting:    C:\Lattice\Diamond3\diamond\3.0_x64\synpbase\win64\mbin\synbatch.exe
Install:     C:\Lattice\Diamond3\diamond\3.0_x64\synpbase
Date:        Tue Mar 11 17:51:59 2014
Version:     H-2013.03L 

Arguments:   -product synplify_pro  -batch DAViS_USB3_DAViS_USB3_synplify.tcl
ProductType: synplify_pro






log file: "C:\3jAER\deviceFirmwarePCBLayout\LatticeECP3\DAViS_USB3\DAViS_USB3\DAViS_USB3_DAViS_USB3.srr"





Generating HDL info...

Job: "hdl_info_gen" terminated with error status: 2.
See log file: "C:\3jAER\deviceFirmwarePCBLayout\LatticeECP3\DAViS_USB3\DAViS_USB3\syntax.log"
Return Code: 2
Run Time:0h:00m:01s


Copied C:\3jAER\deviceFirmwarePCBLayout\LatticeECP3\DAViS_USB3\DAViS_USB3\DAViS_USB3_DAViS_USB3.srr to C:\3jAER\deviceFirmwarePCBLayout\LatticeECP3\DAViS_USB3\DAViS_USB3\DAViS_USB3_DAViS_USB3.srf

log file: "C:\3jAER\deviceFirmwarePCBLayout\LatticeECP3\DAViS_USB3\DAViS_USB3\DAViS_USB3_DAViS_USB3.srr"





Running proj_1|DAViS_USB3


Running: Compile on proj_1|DAViS_USB3


Running: Compile Process on proj_1|DAViS_USB3


Running: Compile Input on proj_1|DAViS_USB3

compiler exited with errors

Job: "compiler" terminated with error status: 2.
See log file: "C:\3jAER\deviceFirmwarePCBLayout\LatticeECP3\DAViS_USB3\DAViS_USB3\DAViS_USB3_DAViS_USB3.srr"
Return Code: 2
Run Time:0h:00m:00s


Copied C:\3jAER\deviceFirmwarePCBLayout\LatticeECP3\DAViS_USB3\DAViS_USB3\DAViS_USB3_DAViS_USB3.srr to C:\3jAER\deviceFirmwarePCBLayout\LatticeECP3\DAViS_USB3\DAViS_USB3\DAViS_USB3_DAViS_USB3.srf

Complete: Compile Process on proj_1|DAViS_USB3

TCL script complete: "DAViS_USB3_DAViS_USB3_synplify.tcl"

exit status=2


exit status=2


Save changes for project:
C:\3jAER\deviceFirmwarePCBLayout\LatticeECP3\DAViS_USB3\DAViS_USB3\proj_1.prj

batch mode default:no

