---------------------------------------
Resource Usage Report
Part: lcmxo2280c-3

Register bits: 448 of 2280 (20%)
Latch bits:      2
PIC Latch:       0
I/O cells:       90

Details:
CCU2:           223
FD1P3DX:        173
FD1S1D:         2
FD1S3AX:        4
FD1S3BX:        4
FD1S3DX:        267
GSR:            1
IB:             35
INV:            7
OB:             40
OBZ:            15
ORCALUT4:       344
PFUMX:          10
PUR:            1
VHI:            1
VLO:            1
false:          15
true:           15
