Resource Usage Report
Part: lcmxo2280c-3

Register bits: 975 of 2280 (43%)
Latch bits:      2
PIC Latch:       0
I/O cells:       94

Details:
BB:             2
CCU2:           209
FD1P3BX:        3
FD1P3DX:        483
FD1S1D:         2
FD1S3AX:        4
FD1S3BX:        10
FD1S3DX:        475
GSR:            1
IB:             35
INV:            10
OB:             42
OBZ:            15
ORCALUT4:       880
PFUMX:          33
PUR:            1
VHI:            26
VLO:            19
