C:\lscc\diamond\3.1_x64\synpbase\bin64\c_vhdl.exe  -osyn  C:\3jAER\deviceFirmwarePCBLayout\LatticeECP3\DAViS_USB3\DAViS_USB3\synwork\DAViS_USB3_DAViS_USB3_hdl_.srs  -top  tb  -prodtype  synplify_pro  -dspmac -fixsmult -infer_seqShift -nram -divnmod -encrypt  -pro  -dmgen  C:\3jAER\deviceFirmwarePCBLayout\LatticeECP3\DAViS_USB3\DAViS_USB3\dm  -lite   -ui -fid2 -ram -sharing on  -ll 2000 -autosm -ignore_undefined_lib  -lib work C:\lscc\diamond\3.1_x64\cae_library\synthesis\vhdl\ecp3.vhd -lib work C:\3jAER\deviceFirmwarePCBLayout\LatticeECP3\DAViS_USB3\DAViS_USB3\source\synchronizerStateMachine.vhd -lib work C:\3jAER\deviceFirmwarePCBLayout\LatticeECP3\DAViS_USB3\DAViS_USB3\source\USBAER_top_level.vhd -lib work C:\3jAER\deviceFirmwarePCBLayout\LatticeECP3\DAViS_USB3\DAViS_USB3\source\ADCStateMachine.vhd -lib work C:\3jAER\deviceFirmwarePCBLayout\LatticeECP3\DAViS_USB3\DAViS_USB3\source\AERfifo.vhd -lib work C:\3jAER\deviceFirmwarePCBLayout\LatticeECP3\DAViS_USB3\DAViS_USB3\source\cDVSResetStateMachine.vhd -lib work C:\3jAER\deviceFirmwarePCBLayout\LatticeECP3\DAViS_USB3\DAViS_USB3\source\clockgen.vhd -lib work C:\3jAER\deviceFirmwarePCBLayout\LatticeECP3\DAViS_USB3\DAViS_USB3\source\earlyPaketTimer.vhd -lib work C:\3jAER\deviceFirmwarePCBLayout\LatticeECP3\DAViS_USB3\DAViS_USB3\source\eventCounter.vhd -lib work C:\3jAER\deviceFirmwarePCBLayout\LatticeECP3\DAViS_USB3\DAViS_USB3\source\fifoStatemachine.vhd -lib work C:\3jAER\deviceFirmwarePCBLayout\LatticeECP3\DAViS_USB3\DAViS_USB3\source\monitorStateMachine.vhd -lib work C:\3jAER\deviceFirmwarePCBLayout\LatticeECP3\DAViS_USB3\DAViS_USB3\source\timestampCounter.vhd -lib work C:\3jAER\deviceFirmwarePCBLayout\LatticeECP3\DAViS_USB3\DAViS_USB3\source\ADCvalueReady.vhd -lib work C:\3jAER\deviceFirmwarePCBLayout\LatticeECP3\DAViS_USB3\DAViS_USB3\source\EventBeforeOverflow.vhd -lib work C:\3jAER\deviceFirmwarePCBLayout\LatticeECP3\DAViS_USB3\DAViS_USB3\source\shiftRegister.vhd -lib work C:\3jAER\deviceFirmwarePCBLayout\LatticeECP3\DAViS_USB3\DAViS_USB3\source\wordRegister.vhd -lib work C:\3jAER\deviceFirmwarePCBLayout\LatticeECP3\DAViS_USB3\DAViS_USB3\source\FIFO.vhd -lib work C:\3jAER\deviceFirmwarePCBLayout\LatticeECP3\DAViS_USB3\DAViS_USB3\source\fifo_tb.vhd -lib work C:\3jAER\deviceFirmwarePCBLayout\LatticeECP3\DAViS_USB3\DAViS_USB3\source\TN_interface.vhd -lib work C:\3jAER\deviceFirmwarePCBLayout\LatticeECP3\DAViS_USB3\DAViS_USB3\source\BadCore_TN.vhd -lib work C:\3jAER\deviceFirmwarePCBLayout\LatticeECP3\DAViS_USB3\DAViS_USB3\source\AERFiFo_TN.vhd -lib work C:\3jAER\deviceFirmwarePCBLayout\LatticeECP3\DAViS_USB3\DAViS_USB3\source\AERFiFo_TN_tmpl.vhd -lib work C:\3jAER\deviceFirmwarePCBLayout\LatticeECP3\DAViS_USB3\DAViS_USB3\source\tb_AERFiFo_TN_tmpl.vhd -loga  C:\3jAER\deviceFirmwarePCBLayout\LatticeECP3\DAViS_USB3\DAViS_USB3\syntax.log  -fileorder  C:\3jAER\deviceFirmwarePCBLayout\LatticeECP3\DAViS_USB3\DAViS_USB3\syntmp\hdlorder.tcl 
rc:2 success:0
C:\3jAER\deviceFirmwarePCBLayout\LatticeECP3\DAViS_USB3\DAViS_USB3\synwork\DAViS_USB3_DAViS_USB3_hdl_.srs|o|0|0
C:\lscc\diamond\3.1_x64\cae_library\synthesis\vhdl\ecp3.vhd|i|1376992926|196741
C:\3jAER\deviceFirmwarePCBLayout\LatticeECP3\DAViS_USB3\DAViS_USB3\source\synchronizerStateMachine.vhd|i|1394549165|7637
C:\3jAER\deviceFirmwarePCBLayout\LatticeECP3\DAViS_USB3\DAViS_USB3\source\USBAER_top_level.vhd|i|1394556742|23388
C:\3jAER\deviceFirmwarePCBLayout\LatticeECP3\DAViS_USB3\DAViS_USB3\source\ADCStateMachine.vhd|i|1382950373|13408
C:\3jAER\deviceFirmwarePCBLayout\LatticeECP3\DAViS_USB3\DAViS_USB3\source\AERfifo.vhd|i|1394796617|11055
C:\3jAER\deviceFirmwarePCBLayout\LatticeECP3\DAViS_USB3\DAViS_USB3\source\cDVSResetStateMachine.vhd|i|1382950373|3520
C:\3jAER\deviceFirmwarePCBLayout\LatticeECP3\DAViS_USB3\DAViS_USB3\source\clockgen.vhd|i|1394547070|4051
C:\3jAER\deviceFirmwarePCBLayout\LatticeECP3\DAViS_USB3\DAViS_USB3\source\earlyPaketTimer.vhd|i|1382950372|2050
C:\3jAER\deviceFirmwarePCBLayout\LatticeECP3\DAViS_USB3\DAViS_USB3\source\eventCounter.vhd|i|1382950373|2228
C:\3jAER\deviceFirmwarePCBLayout\LatticeECP3\DAViS_USB3\DAViS_USB3\source\fifoStatemachine.vhd|i|1382950373|4568
C:\3jAER\deviceFirmwarePCBLayout\LatticeECP3\DAViS_USB3\DAViS_USB3\source\monitorStateMachine.vhd|i|1382950372|9902
C:\3jAER\deviceFirmwarePCBLayout\LatticeECP3\DAViS_USB3\DAViS_USB3\source\timestampCounter.vhd|i|1382950372|2383
C:\3jAER\deviceFirmwarePCBLayout\LatticeECP3\DAViS_USB3\DAViS_USB3\source\ADCvalueReady.vhd|i|1382950372|2602
C:\3jAER\deviceFirmwarePCBLayout\LatticeECP3\DAViS_USB3\DAViS_USB3\source\EventBeforeOverflow.vhd|i|1382950374|2315
C:\3jAER\deviceFirmwarePCBLayout\LatticeECP3\DAViS_USB3\DAViS_USB3\source\shiftRegister.vhd|i|1382950373|2011
C:\3jAER\deviceFirmwarePCBLayout\LatticeECP3\DAViS_USB3\DAViS_USB3\source\wordRegister.vhd|i|1382950373|2008
C:\3jAER\deviceFirmwarePCBLayout\LatticeECP3\DAViS_USB3\DAViS_USB3\source\FIFO.vhd|i|1378105260|8374
C:\3jAER\deviceFirmwarePCBLayout\LatticeECP3\DAViS_USB3\DAViS_USB3\source\fifo_tb.vhd|i|1378105273|4743
C:\3jAER\deviceFirmwarePCBLayout\LatticeECP3\DAViS_USB3\DAViS_USB3\source\TN_interface.vhd|i|1380795700|1053
C:\3jAER\deviceFirmwarePCBLayout\LatticeECP3\DAViS_USB3\DAViS_USB3\source\BadCore_TN.vhd|i|1380795716|897
C:\3jAER\deviceFirmwarePCBLayout\LatticeECP3\DAViS_USB3\DAViS_USB3\source\AERFiFo_TN.vhd|i|1380802086|30622
C:\3jAER\deviceFirmwarePCBLayout\LatticeECP3\DAViS_USB3\DAViS_USB3\source\AERFiFo_TN_tmpl.vhd|i|1394796715|842
C:\3jAER\deviceFirmwarePCBLayout\LatticeECP3\DAViS_USB3\DAViS_USB3\source\tb_AERFiFo_TN_tmpl.vhd|i|1380802086|2226
C:\3jAER\deviceFirmwarePCBLayout\LatticeECP3\DAViS_USB3\DAViS_USB3\syntax.log|o|1394797097|153
C:\lscc\diamond\3.1_x64\synpbase\bin64\c_vhdl.exe|i|1384762852|5457920
C:\lscc\diamond\3.1_x64\synpbase\bin\c_vhdl.exe|i|1384762654|1978368
