Active-HDL 9.1.2353.4205  2012-12-12 17:37:08

Elaboration top modules:
Architecture                  Behavioural(ADCStateMachine_tb)


----------------------------------------------------------------------------------------------------
Entity             | Architecture | Library | Info | Compiler Version         | Compilation Options
----------------------------------------------------------------------------------------------------
ADCStateMachine_tb | Behavioural  | work    |      | 9.1.2353.4205  (Windows) | -O3
----------------------------------------------------------------------------------------------------

----------------------------------------------------------------------------------------------------
VHDL Package                      | Library | Info | Compiler Version         | Compilation Options
----------------------------------------------------------------------------------------------------
standard                          | std     |      |                          | <unavailable>
TEXTIO                            | std     |      | 9.1.2353.4205  (Windows) |  -2008
std_logic_1164                    | ieee    |      | 9.1.2353.4205  (Windows) |  -2008
std_logic_arith                   | ieee    |      | 9.1.2353.4205  (Windows) | 
STD_LOGIC_UNSIGNED                | ieee    |      | 9.1.2353.4205  (Windows) | 
----------------------------------------------------------------------------------------------------

----------------------------------------------------------------------------------------------------
Library                           | Comment
----------------------------------------------------------------------------------------------------
ieee                              | Standard IEEE packages library
std                               | Standard VHDL library
work                              | None
----------------------------------------------------------------------------------------------------
