Running in Lattice mode


Starting:    C:\lscc\diamond\3.1_x64\synpbase\win64\mbin\synbatch.exe
Install:     C:\lscc\diamond\3.1_x64\synpbase
Date:        Tue May 27 12:35:40 2014
Version:     I-2013.09L 

Arguments:   -product synplify_pro  -batch SBret20_SBret20_synplify.tcl
ProductType: synplify_pro






Warning: File already exists in project: "C:\3jAER\deviceFirmwarePCBLayout\LatticeMachXO\SBret20\sourcecode\AERfifo.vhd"

Warning: File already exists in project: "C:\3jAER\deviceFirmwarePCBLayout\LatticeMachXO\SBret20\sourcecode\clockgen.vhd"

log file: "C:\3jAER\deviceFirmwarePCBLayout\LatticeMachXO\SBret20\SBret20\SBret20_SBret20.srr"





Generating HDL info...

hdl_info_gen Completed
Return Code: 0
Run Time:0h:00m:01s


Copied C:\3jAER\deviceFirmwarePCBLayout\LatticeMachXO\SBret20\SBret20\SBret20_SBret20.srr to C:\3jAER\deviceFirmwarePCBLayout\LatticeMachXO\SBret20\SBret20\SBret20_SBret20.srf

log file: "C:\3jAER\deviceFirmwarePCBLayout\LatticeMachXO\SBret20\SBret20\SBret20_SBret20.srr"





Running proj_1|SBret20


Running: Compile on proj_1|SBret20


Running: Compile Process on proj_1|SBret20


Running: Compile Input on proj_1|SBret20

Copied C:\3jAER\deviceFirmwarePCBLayout\LatticeMachXO\SBret20\SBret20\synwork\SBret20_SBret20_comp.srs to C:\3jAER\deviceFirmwarePCBLayout\LatticeMachXO\SBret20\SBret20\SBret20_SBret20.srs

compiler Completed
Return Code: 0
Run Time:0h:00m:02s


Copied C:\3jAER\deviceFirmwarePCBLayout\LatticeMachXO\SBret20\SBret20\SBret20_SBret20.srr to C:\3jAER\deviceFirmwarePCBLayout\LatticeMachXO\SBret20\SBret20\SBret20_SBret20.srf

Complete: Compile Process on proj_1|SBret20


Running: Premap on proj_1|SBret20

premap Completed with warnings
Return Code: 1
Run Time:0h:00m:01s


Complete: Compile on proj_1|SBret20


Running: Map on proj_1|SBret20


Running: Map & Optimize on proj_1|SBret20

fpga_mapper Completed with warnings
Return Code: 1
Run Time:0h:00m:03s


Complete: Map on proj_1|SBret20

Copied C:\3jAER\deviceFirmwarePCBLayout\LatticeMachXO\SBret20\SBret20\SBret20_SBret20.srr to C:\3jAER\deviceFirmwarePCBLayout\LatticeMachXO\SBret20\SBret20\SBret20_SBret20.srf

Complete: Logic Synthesis on proj_1|SBret20

TCL script complete: "SBret20_SBret20_synplify.tcl"

exit status=0


exit status=0


Save changes for project:
C:\3jAER\deviceFirmwarePCBLayout\LatticeMachXO\SBret20\SBret20\proj_1.prj

batch mode default:no

