C:\lscc\diamond\3.0_x64\synpbase\bin64\c_vhdl.exe  -osyn  E:\JAER_SVN\trunk\deviceFirmwarePCBLayout\LatticeECP3\SBret20\SBret20\synwork\SBret20_SBret20_comp.srs  -top  USBAER_top_level  -prodtype  synplify_pro  -dspmac -fixsmult -infer_seqShift -nram -divnmod -encrypt  -pro  -dmgen  E:\JAER_SVN\trunk\deviceFirmwarePCBLayout\LatticeECP3\SBret20\SBret20\dm  -lite -ll 2000   -ui -fid2 -ram -sharing on  -autosm -ignore_undefined_lib  -lib work C:\lscc\diamond\3.0_x64\cae_library\synthesis\vhdl\ecp3.vhd -lib work E:\JAER_SVN\trunk\deviceFirmwarePCBLayout\LatticeECP3\SBret20\sourcecode\wordRegister.vhd -lib work E:\JAER_SVN\trunk\deviceFirmwarePCBLayout\LatticeECP3\SBret20\sourcecode\AERfifo.vhd -lib work E:\JAER_SVN\trunk\deviceFirmwarePCBLayout\LatticeECP3\SBret20\sourcecode\clockgen.vhd -lib work E:\JAER_SVN\trunk\deviceFirmwarePCBLayout\LatticeECP3\SBret20\sourcecode\earlyPaketTimer.vhd -lib work E:\JAER_SVN\trunk\deviceFirmwarePCBLayout\LatticeECP3\SBret20\sourcecode\EventBeforeOverflow.vhd -lib work E:\JAER_SVN\trunk\deviceFirmwarePCBLayout\LatticeECP3\SBret20\sourcecode\eventCounter.vhd -lib work E:\JAER_SVN\trunk\deviceFirmwarePCBLayout\LatticeECP3\SBret20\sourcecode\fifoStatemachine.vhd -lib work E:\JAER_SVN\trunk\deviceFirmwarePCBLayout\LatticeECP3\SBret20\sourcecode\monitorStateMachine.vhd -lib work E:\JAER_SVN\trunk\deviceFirmwarePCBLayout\LatticeECP3\SBret20\sourcecode\synchronizerStateMachine.vhd -lib work E:\JAER_SVN\trunk\deviceFirmwarePCBLayout\LatticeECP3\SBret20\sourcecode\timestampCounter.vhd -lib work E:\JAER_SVN\trunk\deviceFirmwarePCBLayout\LatticeECP3\SBret20\sourcecode\ADCvalueReady.vhd -lib work E:\JAER_SVN\trunk\deviceFirmwarePCBLayout\LatticeECP3\SBret20\sourcecode\cDVSResetStateMachine.vhd -lib work E:\JAER_SVN\trunk\deviceFirmwarePCBLayout\LatticeECP3\SBret20\sourcecode\shiftRegister.vhd -lib work E:\JAER_SVN\trunk\deviceFirmwarePCBLayout\LatticeECP3\SBret20\sourcecode\ADCStateMachine.vhd -lib work C:\lscc\diamond\3.0_x64\cae_library\synthesis\vhdl\pmi_def.vhd -lib work E:\JAER_SVN\trunk\deviceFirmwarePCBLayout\LatticeECP3\SBret20\sourcecode\USBAER_top_level.vhd -loga  E:\JAER_SVN\trunk\deviceFirmwarePCBLayout\LatticeECP3\SBret20\SBret20\SBret20_SBret20.srr 
rc:0 success:1
E:\JAER_SVN\trunk\deviceFirmwarePCBLayout\LatticeECP3\SBret20\SBret20\synwork\SBret20_SBret20_comp.srs|o|1396285675|38877
C:\lscc\diamond\3.0_x64\cae_library\synthesis\vhdl\ecp3.vhd|i|1376996526|196741
E:\JAER_SVN\trunk\deviceFirmwarePCBLayout\LatticeECP3\SBret20\sourcecode\wordRegister.vhd|i|1396271434|2008
E:\JAER_SVN\trunk\deviceFirmwarePCBLayout\LatticeECP3\SBret20\sourcecode\AERfifo.vhd|i|1396282774|2850
E:\JAER_SVN\trunk\deviceFirmwarePCBLayout\LatticeECP3\SBret20\sourcecode\clockgen.vhd|i|1396278972|2182
E:\JAER_SVN\trunk\deviceFirmwarePCBLayout\LatticeECP3\SBret20\sourcecode\earlyPaketTimer.vhd|i|1396271434|2050
E:\JAER_SVN\trunk\deviceFirmwarePCBLayout\LatticeECP3\SBret20\sourcecode\EventBeforeOverflow.vhd|i|1396271434|2315
E:\JAER_SVN\trunk\deviceFirmwarePCBLayout\LatticeECP3\SBret20\sourcecode\eventCounter.vhd|i|1396281232|2228
E:\JAER_SVN\trunk\deviceFirmwarePCBLayout\LatticeECP3\SBret20\sourcecode\fifoStatemachine.vhd|i|1396285662|5099
E:\JAER_SVN\trunk\deviceFirmwarePCBLayout\LatticeECP3\SBret20\sourcecode\monitorStateMachine.vhd|i|1396271434|9902
E:\JAER_SVN\trunk\deviceFirmwarePCBLayout\LatticeECP3\SBret20\sourcecode\synchronizerStateMachine.vhd|i|1396271434|7609
E:\JAER_SVN\trunk\deviceFirmwarePCBLayout\LatticeECP3\SBret20\sourcecode\timestampCounter.vhd|i|1396271434|2383
E:\JAER_SVN\trunk\deviceFirmwarePCBLayout\LatticeECP3\SBret20\sourcecode\ADCvalueReady.vhd|i|1396271434|2602
E:\JAER_SVN\trunk\deviceFirmwarePCBLayout\LatticeECP3\SBret20\sourcecode\cDVSResetStateMachine.vhd|i|1396271434|3520
E:\JAER_SVN\trunk\deviceFirmwarePCBLayout\LatticeECP3\SBret20\sourcecode\shiftRegister.vhd|i|1396271434|2011
E:\JAER_SVN\trunk\deviceFirmwarePCBLayout\LatticeECP3\SBret20\sourcecode\ADCStateMachine.vhd|i|1396271434|13876
C:\lscc\diamond\3.0_x64\cae_library\synthesis\vhdl\pmi_def.vhd|i|1378231952|47432
E:\JAER_SVN\trunk\deviceFirmwarePCBLayout\LatticeECP3\SBret20\sourcecode\USBAER_top_level.vhd|i|1396271434|23016
E:\JAER_SVN\trunk\deviceFirmwarePCBLayout\LatticeECP3\SBret20\SBret20\SBret20_SBret20.srr|o|1396285675|11989
C:\lscc\diamond\3.0_x64\synpbase\bin64\c_vhdl.exe|i|1372670170|5421568
C:\lscc\diamond\3.0_x64\synpbase\bin\c_vhdl.exe|i|1372669992|1946112
