---------------------------------------
Resource Usage Report
Part: lcmxo2280c-3

Register bits: 418 of 2280 (18%)
PIC Latch:       0
I/O cells:       91

Details:
CCU2:           141
FD1P3DX:        174
FD1S3AX:        4
FD1S3BX:        5
FD1S3DX:        235
GSR:            1
IB:             36
INV:            6
OB:             40
OBZ:            15
ORCALUT4:       341
PFUMX:          12
PUR:            1
VHI:            1
VLO:            1
false:          15
true:           15
