designverincludedir -clear
designverlibrarysim -PL -clear
designverlibrarysim -L -clear
designverlibrarysim -PL pmi_work
designverlibrarysim ovi_ecp3
designverlibrarysim pcsd_work
designverdefinemacro -clear
removefile -Y -D *
addfile E:/FX3/ApproachSensitivity/source/ApproachCell.vhd
# Adding file E:\FX3\ApproachSensitivity\source\ApproachCell.vhd ... Done
addfile E:/FX3/ApproachSensitivity/source/ApproachCell_tb.vhd
# Adding file E:\FX3\ApproachSensitivity\source\ApproachCell_tb.vhd ... Done
vlib E:/FX3/ApproachSensitivity/work
# Warning: Library work already exists
adel -all
# Library contents cleared.
vcom -dbg -work work E:/FX3/ApproachSensitivity/source/ApproachCell.vhd
# Compile...
# File: E:\FX3\ApproachSensitivity\source\ApproachCell.vhd
# Compile Entity "ApproachCell"
# Compile Architecture "Behavioral" of Entity "ApproachCell"
# Compile success 0 Errors 0 Warnings  Analysis time :  0.1 [s]
vcom -dbg -work work E:/FX3/ApproachSensitivity/source/ApproachCell_tb.vhd
# Compile...
# File: E:\FX3\ApproachSensitivity\source\ApproachCell_tb.vhd
# Compile Entity "ApproachCell_tb"
# Compile Architecture "Testbench" of Entity "ApproachCell_tb"
# Compile success 0 Errors 0 Warnings  Analysis time :  78.0 [ms]
entity ApproachCell_tb
# ELBREAD: Elaboration process.
# ELBREAD: Elaboration time 0.0 [s].
vsim +access +r ApproachCell_tb -PL pmi_work -L ovi_ecp3 -L pcsd_work
# ELBREAD: Elaboration process.
# ELBREAD: Elaboration time 0.0 [s].
# vsim: Stack memory: 32MB
# vsim: Retval memory: 32MB
# 
# KERNEL: Main thread initiated.
# KERNEL: Kernel process initialization phase.
# KERNEL: Time resolution set to 1ps.
# ELAB2: Elaboration final pass...
# ELAB2: Create instances ...
# ELAB2: Create instances complete.
# SLP: Started
# SLP: Elaboration phase ...
# SLP: Elaboration phase ... skipped, nothing to simulate in SLP mode : 0.0 [s]
# SLP: Finished : 0.0 [s]
# ELAB2: Elaboration final pass complete - time: 0.0 [s].
# KERNEL: Warning: You are using the Active-HDL Lattice Edition. The performance of simulation is running at a reduced rate.
# KERNEL: Warning: Contact Aldec for available upgrade options - sales@aldec.com.
# KERNEL: Kernel process initialization done.
# Allocation: Simulator allocated 7560 kB (elbread=1023 elab2=6378 kernel=158 sdf=0)
# KERNEL: ASDB file was created in location E:\FX3\ApproachSensitivity\src\wave.asdb
#  17:01, Dienstag, 9. September 2014
#  Simulation has been initialized
#  Selected Top-Level: ApproachCell_tb (Testbench)
add wave *
# 11 signal(s) traced.
run 1000ns
# Waveform file 'untitled.awc' connected to 'E:/FX3/ApproachSensitivity/src/wave.asdb'.
# KERNEL: stopped at time: 1 us
# 1 signal(s) traced.
# 1 signal(s) traced.
# 1 signal(s) traced.
# 1 signal(s) traced.
restart
# ELBREAD: Elaboration process.
# ELBREAD: Elaboration time 0.0 [s].
# 
# KERNEL: Main thread initiated.
# KERNEL: Kernel process initialization phase.
# KERNEL: Time resolution set to 1ps.
# ELAB2: Elaboration final pass...
# ELAB2: Create instances ...
# ELAB2: Create instances complete.
# SLP: Started
# SLP: Elaboration phase ...
# SLP: Elaboration phase ... skipped, nothing to simulate in SLP mode : 0.0 [s]
# SLP: Finished : 0.0 [s]
# ELAB2: Elaboration final pass complete - time: 0.0 [s].
# KERNEL: Warning: You are using the Active-HDL Lattice Edition. The performance of simulation is running at a reduced rate.
# KERNEL: Warning: Contact Aldec for available upgrade options - sales@aldec.com.
# KERNEL: Kernel process initialization done.
# Allocation: Simulator allocated 7560 kB (elbread=1023 elab2=6378 kernel=158 sdf=0)
# KERNEL: ASDB file was created in location E:\FX3\ApproachSensitivity\src\wave.asdb
#  17:02, Dienstag, 9. September 2014
#  Simulation has been initialized
#  Selected Top-Level: ApproachCell_tb (Testbench)
# Waveform file 'untitled.awc' connected to 'E:/FX3/ApproachSensitivity/src/wave.asdb'.
run @100ns
# KERNEL: stopped at time: 100 ns
# 1 signal(s) traced.
acom -O3 -work work -2002  $dsn/source/ApproachCell.vhd $dsn/source/ApproachCell_tb.vhd
# Compile...
# Warning: DAGGEN_0523: The source is compiled without the -dbg switch. Line breakpoints and assertion debug will not be available.
# File: E:\FX3\ApproachSensitivity\source\ApproachCell.vhd
# Compile Entity "ApproachCell"
# Compile Architecture "Behavioral" of Entity "ApproachCell"
# File: E:\FX3\ApproachSensitivity\source\ApproachCell_tb.vhd
# Compile Entity "ApproachCell_tb"
# Compile Architecture "Testbench" of Entity "ApproachCell_tb"
# Compile success 0 Errors 0 Warnings  Analysis time :  0.1 [s]
restart
# ELBREAD: Elaboration process.
# ELBREAD: Elaboration time 0.0 [s].
# 
# KERNEL: Main thread initiated.
# KERNEL: Kernel process initialization phase.
# KERNEL: Time resolution set to 1ps.
# ELAB2: Elaboration final pass...
# ELAB2: Create instances ...
# ELAB2: Create instances complete.
# SLP: Started
# SLP: Elaboration phase ...
# SLP: Elaboration phase ... skipped, nothing to simulate in SLP mode : 0.0 [s]
# SLP: Finished : 0.0 [s]
# ELAB2: Elaboration final pass complete - time: 0.0 [s].
# KERNEL: Warning: You are using the Active-HDL Lattice Edition. The performance of simulation is running at a reduced rate.
# KERNEL: Warning: Contact Aldec for available upgrade options - sales@aldec.com.
# KERNEL: Kernel process initialization done.
# Allocation: Simulator allocated 7026 kB (elbread=1023 elab2=5852 kernel=149 sdf=0)
# KERNEL: ASDB file was created in location E:\FX3\ApproachSensitivity\src\wave.asdb
#  17:08, Dienstag, 9. September 2014
#  Simulation has been initialized
#  Selected Top-Level: ApproachCell_tb (Testbench)
# Waveform file 'untitled.awc' connected to 'E:/FX3/ApproachSensitivity/src/wave.asdb'.
run @1us
# KERNEL: stopped at time: 1 us
restart
# ELBREAD: Elaboration process.
# ELBREAD: Elaboration time 0.0 [s].
# 
# KERNEL: Main thread initiated.
# KERNEL: Kernel process initialization phase.
# KERNEL: Time resolution set to 1ps.
# ELAB2: Elaboration final pass...
# ELAB2: Create instances ...
# ELAB2: Create instances complete.
# SLP: Started
# SLP: Elaboration phase ...
# SLP: Elaboration phase ... skipped, nothing to simulate in SLP mode : 0.0 [s]
# SLP: Finished : 0.0 [s]
# ELAB2: Elaboration final pass complete - time: 0.0 [s].
# KERNEL: Warning: You are using the Active-HDL Lattice Edition. The performance of simulation is running at a reduced rate.
# KERNEL: Warning: Contact Aldec for available upgrade options - sales@aldec.com.
# KERNEL: Kernel process initialization done.
# Allocation: Simulator allocated 7026 kB (elbread=1023 elab2=5852 kernel=149 sdf=0)
# KERNEL: ASDB file was created in location E:\FX3\ApproachSensitivity\src\wave.asdb
#  17:11, Dienstag, 9. September 2014
#  Simulation has been initialized
#  Selected Top-Level: ApproachCell_tb (Testbench)
# Waveform file 'untitled.awc' connected to 'E:/FX3/ApproachSensitivity/src/wave.asdb'.
acom -O3 -work work -2002  $dsn/source/ApproachCell.vhd $dsn/source/ApproachCell_tb.vhd
# Compile...
# Warning: DAGGEN_0523: The source is compiled without the -dbg switch. Line breakpoints and assertion debug will not be available.
# File: E:\FX3\ApproachSensitivity\source\ApproachCell.vhd
# Compile Entity "ApproachCell"
# Compile Architecture "Behavioral" of Entity "ApproachCell"
# File: E:\FX3\ApproachSensitivity\source\ApproachCell_tb.vhd
# Compile Entity "ApproachCell_tb"
# Compile Architecture "Testbench" of Entity "ApproachCell_tb"
# Compile success 0 Errors 0 Warnings  Analysis time :  0.2 [s]
restart
# ELBREAD: Elaboration process.
# ELBREAD: Elaboration time 0.0 [s].
# 
# KERNEL: Main thread initiated.
# KERNEL: Kernel process initialization phase.
# KERNEL: Time resolution set to 1ps.
# ELAB2: Elaboration final pass...
# ELAB2: Create instances ...
# ELAB2: Create instances complete.
# SLP: Started
# SLP: Elaboration phase ...
# SLP: Elaboration phase ... skipped, nothing to simulate in SLP mode : 0.0 [s]
# SLP: Finished : 0.0 [s]
# ELAB2: Elaboration final pass complete - time: 0.0 [s].
# KERNEL: Warning: You are using the Active-HDL Lattice Edition. The performance of simulation is running at a reduced rate.
# KERNEL: Warning: Contact Aldec for available upgrade options - sales@aldec.com.
# KERNEL: Kernel process initialization done.
# Allocation: Simulator allocated 7025 kB (elbread=1023 elab2=5851 kernel=149 sdf=0)
# KERNEL: ASDB file was created in location E:\FX3\ApproachSensitivity\src\wave.asdb
#  17:11, Dienstag, 9. September 2014
#  Simulation has been initialized
#  Selected Top-Level: ApproachCell_tb (Testbench)
# Waveform file 'untitled.awc' connected to 'E:/FX3/ApproachSensitivity/src/wave.asdb'.
run @1u
# Error: run: unexpected parameter @1u
# Error: Usage:
# Error: run -help
# Error: run [-all | -continue | -delta {<number> | @<number>} | -next | <time_step> | @<time>]
run @1us
# KERNEL: stopped at time: 1 us
acom -O3 -work work -2002  $dsn/source/ApproachCell.vhd $dsn/source/ApproachCell_tb.vhd
# Compile...
# Warning: DAGGEN_0523: The source is compiled without the -dbg switch. Line breakpoints and assertion debug will not be available.
# File: E:\FX3\ApproachSensitivity\source\ApproachCell.vhd
# Compile Entity "ApproachCell"
# Compile Architecture "Behavioral" of Entity "ApproachCell"
# File: E:\FX3\ApproachSensitivity\source\ApproachCell_tb.vhd
# Compile Entity "ApproachCell_tb"
# Compile Architecture "Testbench" of Entity "ApproachCell_tb"
# Compile success 0 Errors 0 Warnings  Analysis time :  0.2 [s]
restart
# ELBREAD: Elaboration process.
# ELBREAD: Elaboration time 0.0 [s].
# 
# KERNEL: Main thread initiated.
# KERNEL: Kernel process initialization phase.
# KERNEL: Time resolution set to 1ps.
# ELAB2: Elaboration final pass...
# ELAB2: Create instances ...
# ELAB2: Create instances complete.
# SLP: Started
# SLP: Elaboration phase ...
# SLP: Elaboration phase ... skipped, nothing to simulate in SLP mode : 0.0 [s]
# SLP: Finished : 0.0 [s]
# ELAB2: Elaboration final pass complete - time: 0.0 [s].
# KERNEL: Warning: You are using the Active-HDL Lattice Edition. The performance of simulation is running at a reduced rate.
# KERNEL: Warning: Contact Aldec for available upgrade options - sales@aldec.com.
# KERNEL: Kernel process initialization done.
# Allocation: Simulator allocated 7025 kB (elbread=1023 elab2=5851 kernel=149 sdf=0)
# KERNEL: ASDB file was created in location E:\FX3\ApproachSensitivity\src\wave.asdb
#  17:15, Dienstag, 9. September 2014
#  Simulation has been initialized
#  Selected Top-Level: ApproachCell_tb (Testbench)
# Waveform file 'untitled.awc' connected to 'E:/FX3/ApproachSensitivity/src/wave.asdb'.
run @1us
# KERNEL: stopped at time: 1 us
acom -O3 -work work -2002  $dsn/source/ApproachCell.vhd $dsn/source/ApproachCell_tb.vhd
# Compile...
# Warning: DAGGEN_0523: The source is compiled without the -dbg switch. Line breakpoints and assertion debug will not be available.
# File: E:\FX3\ApproachSensitivity\source\ApproachCell.vhd
# Compile Entity "ApproachCell"
# Compile Architecture "Behavioral" of Entity "ApproachCell"
# File: E:\FX3\ApproachSensitivity\source\ApproachCell_tb.vhd
# Compile Entity "ApproachCell_tb"
# Compile Architecture "Testbench" of Entity "ApproachCell_tb"
# Compile success 0 Errors 0 Warnings  Analysis time :  0.1 [s]
restart
# ELBREAD: Elaboration process.
# ELBREAD: Elaboration time 0.0 [s].
# 
# KERNEL: Main thread initiated.
# KERNEL: Kernel process initialization phase.
# KERNEL: Time resolution set to 1ps.
# ELAB2: Elaboration final pass...
# ELAB2: Create instances ...
# ELAB2: Create instances complete.
# SLP: Started
# SLP: Elaboration phase ...
# SLP: Elaboration phase ... skipped, nothing to simulate in SLP mode : 0.0 [s]
# SLP: Finished : 0.0 [s]
# ELAB2: Elaboration final pass complete - time: 0.0 [s].
# KERNEL: Warning: You are using the Active-HDL Lattice Edition. The performance of simulation is running at a reduced rate.
# KERNEL: Warning: Contact Aldec for available upgrade options - sales@aldec.com.
# KERNEL: Kernel process initialization done.
# Allocation: Simulator allocated 7025 kB (elbread=1023 elab2=5851 kernel=149 sdf=0)
# KERNEL: ASDB file was created in location E:\FX3\ApproachSensitivity\src\wave.asdb
#  17:16, Dienstag, 9. September 2014
#  Simulation has been initialized
#  Selected Top-Level: ApproachCell_tb (Testbench)
# Waveform file 'untitled.awc' connected to 'E:/FX3/ApproachSensitivity/src/wave.asdb'.
run @1us
# KERNEL: stopped at time: 1 us
acom -O3 -work work -2002  $dsn/source/ApproachCell.vhd $dsn/source/ApproachCell_tb.vhd
# Compile...
# Warning: DAGGEN_0523: The source is compiled without the -dbg switch. Line breakpoints and assertion debug will not be available.
# File: E:\FX3\ApproachSensitivity\source\ApproachCell.vhd
# Compile Entity "ApproachCell"
# Compile Architecture "Behavioral" of Entity "ApproachCell"
# File: E:\FX3\ApproachSensitivity\source\ApproachCell_tb.vhd
# Compile Entity "ApproachCell_tb"
# Compile Architecture "Testbench" of Entity "ApproachCell_tb"
# Compile success 0 Errors 0 Warnings  Analysis time :  0.1 [s]
restart
# ELBREAD: Elaboration process.
# ELBREAD: Elaboration time 0.0 [s].
# 
# KERNEL: Main thread initiated.
# KERNEL: Kernel process initialization phase.
# KERNEL: Time resolution set to 1ps.
# ELAB2: Elaboration final pass...
# ELAB2: Create instances ...
# ELAB2: Create instances complete.
# SLP: Started
# SLP: Elaboration phase ...
# SLP: Elaboration phase ... skipped, nothing to simulate in SLP mode : 0.0 [s]
# SLP: Finished : 0.0 [s]
# ELAB2: Elaboration final pass complete - time: 0.0 [s].
# KERNEL: Warning: You are using the Active-HDL Lattice Edition. The performance of simulation is running at a reduced rate.
# KERNEL: Warning: Contact Aldec for available upgrade options - sales@aldec.com.
# KERNEL: Kernel process initialization done.
# Allocation: Simulator allocated 7025 kB (elbread=1023 elab2=5851 kernel=149 sdf=0)
# KERNEL: ASDB file was created in location E:\FX3\ApproachSensitivity\src\wave.asdb
#  17:17, Dienstag, 9. September 2014
#  Simulation has been initialized
#  Selected Top-Level: ApproachCell_tb (Testbench)
# Waveform file 'untitled.awc' connected to 'E:/FX3/ApproachSensitivity/src/wave.asdb'.
run @1us
# KERNEL: stopped at time: 1 us
#  Simulation has been stopped
