line 5789, col 42: Option set not found: vcs_ECP4_lib.
line 5803, col 44: Option set not found: vcs_ECP45M_lib.


Running in Lattice mode


Starting:    C:\lscc\diamond\3.2_x64\synpbase\win64\mbin\synbatch.exe
Install:     C:\lscc\diamond\3.2_x64\synpbase
Date:        Fri Oct 31 12:26:49 2014
Version:     I-2013.09L-SP1-1 

Arguments:   -product synplify_pro  -batch SeeBetterLogic_FX3_SeeBetterLogic_FX3_synplify.tcl
ProductType: synplify_pro






log file: "E:\JAER_SVN\devices\logic\LatticeECP3\SeeBetterLogic\FX3_OMC - 4x4 cells x 5\SeeBetterLogic_FX3\SeeBetterLogic_FX3_SeeBetterLogic_FX3.srr"





Generating HDL info...

hdl_info_gen Completed
Return Code: 0
Run Time:0h:00m:01s


Copied E:\JAER_SVN\devices\logic\LatticeECP3\SeeBetterLogic\FX3_OMC - 4x4 cells x 5\SeeBetterLogic_FX3\SeeBetterLogic_FX3_SeeBetterLogic_FX3.srr to E:\JAER_SVN\devices\logic\LatticeECP3\SeeBetterLogic\FX3_OMC - 4x4 cells x 5\SeeBetterLogic_FX3\SeeBetterLogic_FX3_SeeBetterLogic_FX3.srf

log file: "E:\JAER_SVN\devices\logic\LatticeECP3\SeeBetterLogic\FX3_OMC - 4x4 cells x 5\SeeBetterLogic_FX3\SeeBetterLogic_FX3_SeeBetterLogic_FX3.srr"





Running proj_1|SeeBetterLogic_FX3


Running: Compile on proj_1|SeeBetterLogic_FX3


Running: Compile Process on proj_1|SeeBetterLogic_FX3


Running: Compile Input on proj_1|SeeBetterLogic_FX3

compiler Completed
Return Code: 0
Run Time:0h:00m:01s


Copied E:\JAER_SVN\devices\logic\LatticeECP3\SeeBetterLogic\FX3_OMC - 4x4 cells x 5\SeeBetterLogic_FX3\SeeBetterLogic_FX3_SeeBetterLogic_FX3.srr to E:\JAER_SVN\devices\logic\LatticeECP3\SeeBetterLogic\FX3_OMC - 4x4 cells x 5\SeeBetterLogic_FX3\SeeBetterLogic_FX3_SeeBetterLogic_FX3.srf

Complete: Compile Process on proj_1|SeeBetterLogic_FX3


Running: Pre-mapping on proj_1|SeeBetterLogic_FX3

premap exited with errors

Job: "premap" terminated with error status: 2.
See log file: "E:\JAER_SVN\devices\logic\LatticeECP3\SeeBetterLogic\FX3_OMC - 4x4 cells x 5\SeeBetterLogic_FX3\synlog\SeeBetterLogic_FX3_SeeBetterLogic_FX3_premap.srr"
Return Code: 2
Run Time:0h:00m:01s


Complete: Compile on proj_1|SeeBetterLogic_FX3

Copied E:\JAER_SVN\devices\logic\LatticeECP3\SeeBetterLogic\FX3_OMC - 4x4 cells x 5\SeeBetterLogic_FX3\SeeBetterLogic_FX3_SeeBetterLogic_FX3.srr to E:\JAER_SVN\devices\logic\LatticeECP3\SeeBetterLogic\FX3_OMC - 4x4 cells x 5\SeeBetterLogic_FX3\SeeBetterLogic_FX3_SeeBetterLogic_FX3.srf

TCL script complete: "SeeBetterLogic_FX3_SeeBetterLogic_FX3_synplify.tcl"

exit status=2


exit status=2


Save changes for project:
E:\JAER_SVN\devices\logic\LatticeECP3\SeeBetterLogic\FX3_OMC - 4x4 cells x 5\SeeBetterLogic_FX3\proj_1.prj

batch mode default:no

