line 5789, col 42: Option set not found: vcs_ECP4_lib.
line 5803, col 44: Option set not found: vcs_ECP45M_lib.


Running in Lattice mode


Starting:    C:\lscc\diamond\3.2_x64\synpbase\win64\mbin\synbatch.exe
Install:     C:\lscc\diamond\3.2_x64\synpbase
Date:        Tue Jul 08 12:25:09 2014
Version:     I-2013.09L-SP1-1 

Arguments:   -product synplify_pro  -batch SBret10_SBret10_synplify.tcl
ProductType: synplify_pro






Warning: File already exists in project: "E:\deviceFirmwarePCBLayout\LatticeMachXO\SBret10_2\sourcecode\AERfifo.vhd"

Warning: File already exists in project: "E:\deviceFirmwarePCBLayout\LatticeMachXO\SBret10_2\sourcecode\clockgen.vhd"

log file: "E:\deviceFirmwarePCBLayout\LatticeMachXO\SBret10_2\SBret10\SBret10_SBret10.srr"





Generating HDL info...

hdl_info_gen Completed
Return Code: 0
Run Time:0h:00m:01s


Copied E:\deviceFirmwarePCBLayout\LatticeMachXO\SBret10_2\SBret10\SBret10_SBret10.srr to E:\deviceFirmwarePCBLayout\LatticeMachXO\SBret10_2\SBret10\SBret10_SBret10.srf

log file: "E:\deviceFirmwarePCBLayout\LatticeMachXO\SBret10_2\SBret10\SBret10_SBret10.srr"





Running proj_1|SBret10


Running: Compile on proj_1|SBret10


Running: Compile Process on proj_1|SBret10


Running: Compile Input on proj_1|SBret10

Copied E:\deviceFirmwarePCBLayout\LatticeMachXO\SBret10_2\SBret10\synwork\SBret10_SBret10_comp.srs to E:\deviceFirmwarePCBLayout\LatticeMachXO\SBret10_2\SBret10\SBret10_SBret10.srs

compiler Completed
Return Code: 0
Run Time:0h:00m:03s


Copied E:\deviceFirmwarePCBLayout\LatticeMachXO\SBret10_2\SBret10\SBret10_SBret10.srr to E:\deviceFirmwarePCBLayout\LatticeMachXO\SBret10_2\SBret10\SBret10_SBret10.srf

Complete: Compile Process on proj_1|SBret10


Running: Pre-mapping on proj_1|SBret10

premap Completed with warnings
Return Code: 1
Run Time:0h:00m:01s


Complete: Compile on proj_1|SBret10


Running: Map on proj_1|SBret10


Running: Map & Optimize on proj_1|SBret10

fpga_mapper Completed with warnings
Return Code: 1
Run Time:0h:00m:06s


Complete: Map on proj_1|SBret10

Copied E:\deviceFirmwarePCBLayout\LatticeMachXO\SBret10_2\SBret10\SBret10_SBret10.srr to E:\deviceFirmwarePCBLayout\LatticeMachXO\SBret10_2\SBret10\SBret10_SBret10.srf

Complete: Logic Synthesis on proj_1|SBret10

TCL script complete: "SBret10_SBret10_synplify.tcl"

exit status=0


exit status=0


Save changes for project:
E:\deviceFirmwarePCBLayout\LatticeMachXO\SBret10_2\SBret10\proj_1.prj

batch mode default:no

